01:44:17.585 [TestNG-test-Surefire test-1] TRACE - Resolving type for handle stpatterntype7939type
01:44:17.604 [TestNG-test-Surefire test-1] TRACE - Resolving type for handle ctsheetformatprdef7type
01:44:17.608 [TestNG-test-Surefire test-1] TRACE - Resolving type for handle ctsheetviewsb918type
01:44:17.612 [TestNG-test-Surefire test-1] TRACE - Resolving type for handle ctsheetview0f43type
01:44:17.618 [TestNG-test-Surefire test-1] TRACE - Resolving type for handle ctsheetdimensiond310type
01:44:17.621 [TestNG-test-Surefire test-1] TRACE - Resolving type for handle stref90a2type
01:44:17.623 [TestNG-test-Surefire test-1] TRACE - Resolving type for handle ctpagemargins5455type
01:44:17.631 [TestNG-test-Surefire test-1] TRACE - Resolving type for handle ctstrval86cctype
01:44:17.636 [TestNG-test-Surefire test-1] TRACE - Resolving type for handle ctnumval2fe1type
01:44:17.641 [TestNG-test-Surefire test-1] TRACE - Resolving type for handle ctpaneaab1type
01:44:17.647 [TestNG-test-Surefire test-1] TRACE - Resolving type for handle stpane2ac1type
01:44:17.650 [TestNG-test-Surefire test-1] TRACE - Resolving type for handle stpanestateae58type
01:44:17.654 [TestNG-test-Surefire test-1] TRACE - Resolving type for handle ctselectionca2btype
01:44:17.668 [TestNG-test-Surefire test-1] TRACE - Resolving type for handle cttwocellanchor1e8dtype
01:44:17.672 [TestNG-test-Surefire test-1] TRACE - Resolving type for handle ctmarkeree8etype
01:44:17.676 [TestNG-test-Surefire test-1] TRACE - Resolving type for handle strowidf4cftype
01:44:17.694 [TestNG-test-Surefire test-1] TRACE - Resolving type for handle ctcalccellb960type
01:44:17.705 [TestNG-test-Surefire test-1] TRACE - Resolving type for handle ctmergecells1242type
01:44:17.709 [TestNG-test-Surefire test-1] TRACE - Resolving type for handle ctmergecelle8d9type
01:44:17.881 [TestNG-test-Surefire test-1] TRACE - Resolving type for handle ctworkbookprotection56bctype
01:44:17.948 [TestNG-test-Surefire test-1] TRACE - Resolving type for handle ctnumfmtsb58btype
01:44:18.016 [TestNG-test-Surefire test-1] DEBUG - Save content types part
01:44:18.126 [TestNG-test-Surefire test-1] DEBUG - Save package relationships
01:44:18.134 [TestNG-test-Surefire test-1] DEBUG - Save part 'docProps/app.xml'
01:44:18.135 [TestNG-test-Surefire test-1] DEBUG - Save part 'docProps/core.xml'
01:44:18.140 [TestNG-test-Surefire test-1] DEBUG - Save part 'xl/charts/chart1.xml'
01:44:18.144 [TestNG-test-Surefire test-1] DEBUG - Save part 'xl/charts/chart2.xml'
01:44:18.147 [TestNG-test-Surefire test-1] DEBUG - Save part 'xl/charts/chart3.xml'
01:44:18.151 [TestNG-test-Surefire test-1] DEBUG - Save part 'xl/charts/chart4.xml'
01:44:18.152 [TestNG-test-Surefire test-1] DEBUG - Save part 'xl/charts/chart5.xml'
01:44:18.156 [TestNG-test-Surefire test-1] DEBUG - Save part 'xl/charts/chart6.xml'
01:44:18.157 [TestNG-test-Surefire test-1] DEBUG - Save part 'xl/charts/chart7.xml'
01:44:18.158 [TestNG-test-Surefire test-1] DEBUG - Save part 'xl/charts/chart8.xml'
01:44:18.162 [TestNG-test-Surefire test-1] DEBUG - Save part 'xl/charts/chart9.xml'
01:44:18.163 [TestNG-test-Surefire test-1] DEBUG - Save part 'xl/charts/chart10.xml'
01:44:18.164 [TestNG-test-Surefire test-1] DEBUG - Save part 'xl/drawings/drawing1.xml'
01:44:18.168 [TestNG-test-Surefire test-1] DEBUG - Save part 'xl/drawings/drawing2.xml'
01:44:18.169 [TestNG-test-Surefire test-1] DEBUG - Save part 'xl/drawings/drawing3.xml'
01:44:18.171 [TestNG-test-Surefire test-1] DEBUG - Save part 'xl/drawings/drawing4.xml'
01:44:18.172 [TestNG-test-Surefire test-1] DEBUG - Save part 'xl/drawings/drawing5.xml'
01:44:18.175 [TestNG-test-Surefire test-1] DEBUG - Save part 'xl/drawings/drawing6.xml'
01:44:18.175 [TestNG-test-Surefire test-1] DEBUG - Save part 'xl/drawings/drawing7.xml'
01:44:18.179 [TestNG-test-Surefire test-1] DEBUG - Save part 'xl/drawings/drawing8.xml'
01:44:18.182 [TestNG-test-Surefire test-1] DEBUG - Save part 'xl/drawings/drawing9.xml'
01:44:18.183 [TestNG-test-Surefire test-1] DEBUG - Save part 'xl/externalLinks/externalLink1.xml'
01:44:18.187 [TestNG-test-Surefire test-1] DEBUG - Save part 'xl/printerSettings/printerSettings1.bin'
01:44:18.189 [TestNG-test-Surefire test-1] DEBUG - Save part 'xl/printerSettings/printerSettings2.bin'
01:44:18.190 [TestNG-test-Surefire test-1] DEBUG - Save part 'xl/printerSettings/printerSettings3.bin'
01:44:18.191 [TestNG-test-Surefire test-1] DEBUG - Save part 'xl/printerSettings/printerSettings4.bin'
01:44:18.192 [TestNG-test-Surefire test-1] DEBUG - Save part 'xl/printerSettings/printerSettings7.bin'
01:44:18.193 [TestNG-test-Surefire test-1] DEBUG - Save part 'xl/sharedStrings.xml'
01:44:18.194 [TestNG-test-Surefire test-1] DEBUG - Save part 'xl/styles.xml'
01:44:18.195 [TestNG-test-Surefire test-1] DEBUG - Save part 'xl/theme/theme1.xml'
01:44:18.196 [TestNG-test-Surefire test-1] DEBUG - Save part 'xl/workbook.xml'
01:44:18.201 [TestNG-test-Surefire test-1] DEBUG - Save part 'xl/worksheets/sheet1.xml'
01:44:18.204 [TestNG-test-Surefire test-1] DEBUG - Save part 'xl/worksheets/sheet2.xml'
01:44:18.208 [TestNG-test-Surefire test-1] DEBUG - Save part 'xl/worksheets/sheet3.xml'
01:44:18.211 [TestNG-test-Surefire test-1] DEBUG - Save part 'xl/worksheets/sheet4.xml'
01:44:18.215 [TestNG-test-Surefire test-1] DEBUG - Save part 'xl/worksheets/sheet8.xml'
01:45:29.800 [main] TRACE - [Graph] ADDING NODE AbstractTestNGCucumberTests.setUpClass(org.testng.ITestContext)[pri:0, instance:null] -393284817
01:45:29.804 [main] TRACE - [Graph] ================ SORTING
01:45:29.807 [main] TRACE - [Graph] =============== DONE SORTING
01:45:29.807 [main] TRACE - [Graph] ====== SORTED NODES
01:45:29.807 [main] TRACE - [Graph] ====== END SORTED NODES
01:45:29.810 [main] TRACE - [Graph] ADDING NODE AbstractTestNGCucumberTests.tearDownClass()[pri:0, instance:null] 1523153566
01:45:29.810 [main] TRACE - [Graph] ================ SORTING
01:45:29.810 [main] TRACE - [Graph] =============== DONE SORTING
01:45:29.810 [main] TRACE - [Graph] ====== SORTED NODES
01:45:29.810 [main] TRACE - [Graph] ====== END SORTED NODES
01:45:29.823 [main] TRACE - [Graph] ADDING NODE AbstractTestNGCucumberTests.runScenario(io.cucumber.testng.PickleWrapper,io.cucumber.testng.FeatureWrapper)[pri:0, instance:testRunners.ParallelRunner@7ae42ce3] 911414708
01:45:29.824 [main] TRACE - [Graph] ================ SORTING
01:45:29.824 [main] TRACE - [Graph] =============== DONE SORTING
01:45:29.824 [main] TRACE - [Graph] ====== SORTED NODES
01:45:29.824 [main] TRACE - [Graph] ====== END SORTED NODES
01:45:40.339 [TestNG-PoolService-2] INFO  - WebDriver initialized successfully for browser: chrome
01:45:40.465 [TestNG-PoolService-1] INFO  - WebDriver initialized successfully for browser: chrome
01:45:42.960 [TestNG-PoolService-1] INFO  - Navigated to application URL: https://naveenautomationlabs.com/opencart/
01:45:42.975 [TestNG-PoolService-2] INFO  - Navigated to application URL: https://naveenautomationlabs.com/opencart/
01:45:53.189 [TestNG-PoolService-1] INFO  - Clicked on 'My Account' link.
01:46:03.229 [TestNG-PoolService-1] INFO  - Navigated to Login Page.
01:46:03.250 [TestNG-PoolService-2] INFO  - Navigated to Registration page.
01:46:05.278 [TestNG-test-Surefire test-1] DEBUG - Parsing relationship: /xl/charts/_rels/chart4.xml.rels
01:46:05.282 [TestNG-test-Surefire test-1] DEBUG - Parsing relationship: /xl/charts/_rels/chart5.xml.rels
01:46:05.283 [TestNG-test-Surefire test-1] DEBUG - Parsing relationship: /xl/charts/_rels/chart6.xml.rels
01:46:05.285 [TestNG-test-Surefire test-1] DEBUG - Parsing relationship: /xl/charts/_rels/chart8.xml.rels
01:46:05.287 [TestNG-test-Surefire test-1] DEBUG - Parsing relationship: /xl/charts/_rels/chart11.xml.rels
01:46:05.288 [TestNG-test-Surefire test-1] DEBUG - Parsing relationship: /xl/drawings/_rels/drawing1.xml.rels
01:46:05.291 [TestNG-test-Surefire test-1] DEBUG - Parsing relationship: /xl/drawings/_rels/drawing5.xml.rels
01:46:05.292 [TestNG-test-Surefire test-1] DEBUG - Parsing relationship: /xl/drawings/_rels/drawing7.xml.rels
01:46:05.294 [TestNG-test-Surefire test-1] DEBUG - Parsing relationship: /xl/drawings/_rels/drawing8.xml.rels
01:46:05.296 [TestNG-test-Surefire test-1] DEBUG - Parsing relationship: /xl/drawings/_rels/drawing10.xml.rels
01:46:05.297 [TestNG-test-Surefire test-1] DEBUG - Parsing relationship: /xl/drawings/_rels/drawing11.xml.rels
01:46:05.299 [TestNG-test-Surefire test-1] DEBUG - Parsing relationship: /xl/_rels/workbook.xml.rels
01:46:05.302 [TestNG-test-Surefire test-1] DEBUG - Parsing relationship: /xl/worksheets/_rels/sheet1.xml.rels
01:46:05.303 [TestNG-test-Surefire test-1] DEBUG - Parsing relationship: /xl/worksheets/_rels/sheet2.xml.rels
01:46:05.305 [TestNG-test-Surefire test-1] DEBUG - Parsing relationship: /xl/worksheets/_rels/sheet3.xml.rels
01:46:05.307 [TestNG-test-Surefire test-1] DEBUG - Parsing relationship: /xl/worksheets/_rels/sheet4.xml.rels
01:46:05.308 [TestNG-test-Surefire test-1] DEBUG - Parsing relationship: /xl/worksheets/_rels/sheet5.xml.rels
01:46:05.310 [TestNG-test-Surefire test-1] DEBUG - Parsing relationship: /xl/worksheets/_rels/sheet6.xml.rels
01:46:05.312 [TestNG-test-Surefire test-1] DEBUG - Parsing relationship: /xl/worksheets/_rels/sheet7.xml.rels
01:46:05.313 [TestNG-test-Surefire test-1] DEBUG - Parsing relationship: /xl/worksheets/_rels/sheet8.xml.rels
01:46:05.315 [TestNG-test-Surefire test-1] DEBUG - Parsing relationship: /_rels/.rels
01:46:05.646 [TestNG-test-Surefire test-1] TRACE - Loading type system org.apache.poi.schemas.ooxml.system.ooxml
01:46:05.651 [TestNG-test-Surefire test-1] TRACE - Loading type system org.apache.xmlbeans.metadata.system.sXMLCONFIG
01:46:05.654 [TestNG-test-Surefire test-1] TRACE - Loading type system org.apache.xmlbeans.metadata.system.sXMLLANG
01:46:05.655 [TestNG-test-Surefire test-1] TRACE - Loading type system org.apache.xmlbeans.metadata.system.sXMLSCHEMA
01:46:05.656 [TestNG-test-Surefire test-1] TRACE - Loading type system org.apache.xmlbeans.metadata.system.sXMLTOOLS
01:46:05.658 [TestNG-test-Surefire test-1] TRACE - Reading unresolved handles for type system org.apache.xmlbeans.metadata.system.sXMLTOOLS
01:46:05.675 [TestNG-test-Surefire test-1] TRACE - Finished loading type system org.apache.xmlbeans.metadata.system.sXMLTOOLS
01:46:05.678 [TestNG-test-Surefire test-1] TRACE - Reading unresolved handles for type system org.apache.xmlbeans.metadata.system.sXMLSCHEMA
01:46:05.682 [TestNG-test-Surefire test-1] TRACE - Finished loading type system org.apache.xmlbeans.metadata.system.sXMLSCHEMA
01:46:05.684 [TestNG-test-Surefire test-1] TRACE - Reading unresolved handles for type system org.apache.xmlbeans.metadata.system.sXMLLANG
01:46:05.685 [TestNG-test-Surefire test-1] TRACE - Finished loading type system org.apache.xmlbeans.metadata.system.sXMLLANG
01:46:05.687 [TestNG-test-Surefire test-1] TRACE - Reading unresolved handles for type system org.apache.xmlbeans.metadata.system.sXMLCONFIG
01:46:05.689 [TestNG-test-Surefire test-1] TRACE - Finished loading type system org.apache.xmlbeans.metadata.system.sXMLCONFIG
01:46:05.691 [TestNG-test-Surefire test-1] TRACE - Reading unresolved handles for type system org.apache.poi.schemas.ooxml.system.ooxml
01:46:05.746 [TestNG-test-Surefire test-1] TRACE - Finished loading type system org.apache.poi.schemas.ooxml.system.ooxml
01:46:05.747 [TestNG-test-Surefire test-1] TRACE - Resolving type for handle stylesheet5d8bdoctype
01:46:05.821 [TestNG-test-Surefire test-1] TRACE - Resolving type for handle ctstylesheet4257type
01:46:05.827 [TestNG-test-Surefire test-1] TRACE - Resolving type for handle ctcolors6579type
01:46:05.831 [TestNG-test-Surefire test-1] TRACE - Resolving type for handle ctfonts6623type
01:46:05.835 [TestNG-test-Surefire test-1] TRACE - Resolving type for handle ctfont14d8type
01:46:05.841 [TestNG-test-Surefire test-1] TRACE - Resolving type for handle ctfills2c6ftype
01:46:05.844 [TestNG-test-Surefire test-1] TRACE - Resolving type for handle ctfill550ctype
01:46:05.847 [TestNG-test-Surefire test-1] TRACE - Resolving type for handle ctborders0d66type
01:46:05.852 [TestNG-test-Surefire test-1] TRACE - Resolving type for handle ctborderf935type
01:46:05.856 [TestNG-test-Surefire test-1] TRACE - Resolving type for handle ctcellxfs1322type
01:46:05.861 [TestNG-test-Surefire test-1] TRACE - Resolving type for handle ctxf97f7type
01:46:05.865 [TestNG-test-Surefire test-1] TRACE - Resolving type for handle ctcellstylexfsa81ftype
01:46:05.868 [TestNG-test-Surefire test-1] TRACE - Resolving type for handle ctdxfsb26atype
01:46:05.872 [TestNG-test-Surefire test-1] TRACE - Resolving type for handle cttablestyles872ftype
01:46:05.877 [TestNG-test-Surefire test-1] TRACE - Resolving type for handle sstf81fdoctype
01:46:05.885 [TestNG-test-Surefire test-1] TRACE - Resolving type for handle ctsst44f3type
01:46:05.898 [TestNG-test-Surefire test-1] TRACE - Resolving type for handle ctrsta472type
01:46:05.927 [TestNG-test-Surefire test-1] TRACE - Resolving type for handle themefd26doctype
01:46:05.935 [TestNG-test-Surefire test-1] DEBUG - using default POIXMLDocumentPart for http://schemas.openxmlformats.org/officeDocument/2006/relationships/printerSettings
01:46:05.937 [TestNG-test-Surefire test-1] TRACE - Resolving type for handle ctdrawing2748type
01:46:05.952 [TestNG-test-Surefire test-1] TRACE - Resolving type for handle chartspace36e0doctype
01:46:05.959 [TestNG-test-Surefire test-1] TRACE - Resolving type for handle ctchartspacef9b4type
01:46:05.981 [TestNG-test-Surefire test-1] DEBUG - using default POIXMLDocumentPart for http://schemas.openxmlformats.org/officeDocument/2006/relationships/chartUserShapes
01:46:05.982 [TestNG-test-Surefire test-1] DEBUG - using default POIXMLDocumentPart for http://schemas.openxmlformats.org/officeDocument/2006/relationships/chartUserShapes
01:46:05.982 [TestNG-test-Surefire test-1] DEBUG - using default POIXMLDocumentPart for http://schemas.openxmlformats.org/officeDocument/2006/relationships/chartUserShapes
01:46:05.983 [TestNG-test-Surefire test-1] DEBUG - using default POIXMLDocumentPart for http://schemas.openxmlformats.org/officeDocument/2006/relationships/printerSettings
01:46:05.995 [TestNG-test-Surefire test-1] DEBUG - using default POIXMLDocumentPart for http://schemas.openxmlformats.org/officeDocument/2006/relationships/chartUserShapes
01:46:05.995 [TestNG-test-Surefire test-1] DEBUG - using default POIXMLDocumentPart for http://schemas.openxmlformats.org/officeDocument/2006/relationships/printerSettings
01:46:06.000 [TestNG-test-Surefire test-1] DEBUG - using default POIXMLDocumentPart for http://schemas.openxmlformats.org/officeDocument/2006/relationships/printerSettings
01:46:06.009 [TestNG-test-Surefire test-1] DEBUG - using default POIXMLDocumentPart for http://schemas.openxmlformats.org/officeDocument/2006/relationships/chartUserShapes
01:46:06.009 [TestNG-test-Surefire test-1] DEBUG - using default POIXMLDocumentPart for http://schemas.openxmlformats.org/officeDocument/2006/relationships/printerSettings
01:46:06.009 [TestNG-test-Surefire test-1] DEBUG - using default POIXMLDocumentPart for http://schemas.openxmlformats.org/officeDocument/2006/relationships/printerSettings
01:46:06.015 [TestNG-test-Surefire test-1] DEBUG - using default POIXMLDocumentPart for http://schemas.openxmlformats.org/officeDocument/2006/relationships/printerSettings
01:46:06.020 [TestNG-test-Surefire test-1] DEBUG - using default POIXMLDocumentPart for http://schemas.openxmlformats.org/officeDocument/2006/relationships/printerSettings
01:46:06.022 [TestNG-test-Surefire test-1] TRACE - Resolving type for handle workbookec17doctype
01:46:06.027 [TestNG-test-Surefire test-1] TRACE - Resolving type for handle ctworkbook83c3type
01:46:06.050 [TestNG-test-Surefire test-1] TRACE - Resolving type for handle ctsheets49fdtype
01:46:06.054 [TestNG-test-Surefire test-1] TRACE - Resolving type for handle ctsheet4dbetype
01:46:06.056 [TestNG-test-Surefire test-1] TRACE - Resolving type for handle strelationshipid1e94type
01:46:06.060 [TestNG-test-Surefire test-1] TRACE - Resolving type for handle worksheetf539doctype
01:46:06.064 [TestNG-test-Surefire test-1] TRACE - Resolving type for handle ctworksheet530dtype
01:46:06.072 [TestNG-test-Surefire test-1] TRACE - Resolving type for handle ctcols627ctype
01:46:06.078 [TestNG-test-Surefire test-1] TRACE - Resolving type for handle ctcola95ftype
01:46:06.094 [TestNG-test-Surefire test-1] TRACE - Resolving type for handle ctsheetdata8408type
01:46:06.098 [TestNG-test-Surefire test-1] TRACE - Resolving type for handle ctrowdd39type
01:46:06.104 [TestNG-test-Surefire test-1] TRACE - Resolving type for handle ctcell842btype
01:46:06.113 [TestNG-test-Surefire test-1] TRACE - Resolving type for handle stcellrefe4e0type
01:46:06.157 [TestNG-test-Surefire test-1] TRACE - Resolving type for handle ctdefinednamesce48type
01:46:06.160 [TestNG-test-Surefire test-1] TRACE - Resolving type for handle ctdefinedname9413type
01:46:06.165 [TestNG-test-Surefire test-1] TRACE - Resolving type for handle stxstringf179type
01:46:06.181 [TestNG-test-Surefire test-1] TRACE - Resolving type for handle stsheetstate158btype
01:46:06.203 [TestNG-test-Surefire test-1] TRACE - Resolving type for handle stcelltypebf95type
01:46:06.212 [TestNG-test-Surefire test-1] TRACE - Resolving type for handle ctdrawing44fdtype
01:46:06.216 [TestNG-test-Surefire test-1] TRACE - Resolving type for handle cttwocellanchor1e8dtype
01:46:06.220 [TestNG-test-Surefire test-1] TRACE - Resolving type for handle ctmarkeree8etype
01:46:06.224 [TestNG-test-Surefire test-1] TRACE - Resolving type for handle strowidf4cftype
01:46:06.244 [TestNG-test-Surefire test-1] TRACE - Resolving type for handle ctmergecells1242type
01:46:06.246 [TestNG-test-Surefire test-1] TRACE - Resolving type for handle ctmergecelle8d9type
01:46:06.249 [TestNG-test-Surefire test-1] TRACE - Resolving type for handle stref90a2type
01:46:06.291 [TestNG-test-Surefire test-1] TRACE - Resolving type for handle stnumfmtid76fbtype
01:46:06.293 [TestNG-test-Surefire test-1] TRACE - Resolving type for handle stfontid9d63type
01:46:06.295 [TestNG-test-Surefire test-1] TRACE - Resolving type for handle stfillida097type
01:46:06.297 [TestNG-test-Surefire test-1] TRACE - Resolving type for handle stborderid1a80type
01:46:06.299 [TestNG-test-Surefire test-1] TRACE - Resolving type for handle stcellstylexfid70c7type
01:46:06.304 [TestNG-test-Surefire test-1] TRACE - Resolving type for handle ctcellalignmentb580type
01:46:06.308 [TestNG-test-Surefire test-1] TRACE - Resolving type for handle stverticalalignmentd35ctype
01:46:06.311 [TestNG-test-Surefire test-1] TRACE - Resolving type for handle ctborderpre497type
01:46:06.315 [TestNG-test-Surefire test-1] TRACE - Resolving type for handle stborderstylec774type
01:46:06.318 [TestNG-test-Surefire test-1] TRACE - Resolving type for handle ctcolord2c2type
01:46:06.326 [TestNG-test-Surefire test-1] TRACE - Resolving type for handle sthorizontalalignmentf92etype
01:46:06.331 [TestNG-test-Surefire test-1] TRACE - Resolving type for handle ctchartc108type
01:46:06.334 [TestNG-test-Surefire test-1] TRACE - Resolving type for handle cttitleb54etype
01:46:06.374 [TestNG-test-Surefire test-1] TRACE - Resolving type for handle cttx9678type
01:46:06.376 [TestNG-test-Surefire test-1] TRACE - Resolving type for handle cttextbodya3catype
01:46:06.378 [TestNG-test-Surefire test-1] TRACE - Resolving type for handle cttextparagraphcaf2type
01:46:06.381 [TestNG-test-Surefire test-1] TRACE - Resolving type for handle ctregulartextrun7e3dtype
01:46:06.384 [TestNG-test-Surefire test-1] TRACE - Resolving type for handle ctplotarea106etype
01:46:06.388 [TestNG-test-Surefire test-1] TRACE - Resolving type for handle ctcatax7159type
01:46:06.392 [TestNG-test-Surefire test-1] TRACE - Resolving type for handle ctunsignedinte8ectype
01:46:06.394 [TestNG-test-Surefire test-1] TRACE - Resolving type for handle ctvalaxd06etype
01:46:06.398 [TestNG-test-Surefire test-1] TRACE - Resolving type for handle ctbarchart4151type
01:46:06.402 [TestNG-test-Surefire test-1] TRACE - Resolving type for handle ctbardir5f42type
01:46:06.407 [TestNG-test-Surefire test-1] TRACE - Resolving type for handle ctbarser960ftype
01:46:06.411 [TestNG-test-Surefire test-1] TRACE - Resolving type for handle ctaxdatasource1440type
01:46:06.414 [TestNG-test-Surefire test-1] TRACE - Resolving type for handle ctnumdatasourcef0bbtype
01:46:06.420 [TestNG-test-Surefire test-1] TRACE - Resolving type for handle ctstrref5d1atype
01:46:06.422 [TestNG-test-Surefire test-1] TRACE - Resolving type for handle ctstrdatad58btype
01:46:06.424 [TestNG-test-Surefire test-1] TRACE - Resolving type for handle ctnumref062ftype
01:46:06.427 [TestNG-test-Surefire test-1] TRACE - Resolving type for handle ctnumdata4f16type
01:46:06.448 [TestNG-test-Surefire test-1] TRACE - Resolving type for handle ctworkbookpr03a5type
01:46:06.454 [TestNG-test-Surefire test-1] TRACE - Resolving type for handle ctbookviewsb864type
01:46:06.457 [TestNG-test-Surefire test-1] TRACE - Resolving type for handle ctbookviewf677type
01:46:06.462 [TestNG-test-Surefire test-1] TRACE - Resolving type for handle propertiesee84doctype
01:46:06.464 [TestNG-test-Surefire test-1] TRACE - Resolving type for handle ctproperties3f10type
01:46:06.468 [TestNG-test-Surefire test-1] TRACE - Resolving type for handle properties288cdoctype
01:46:06.470 [TestNG-test-Surefire test-1] TRACE - Resolving type for handle ctproperties2c18type
01:46:06.474 [TestNG-test-Surefire test-1] TRACE - Resolving type for handle ctfontsizeb3b9type
01:46:06.476 [TestNG-test-Surefire test-1] TRACE - Resolving type for handle ctfontname2dc3type
01:46:06.479 [TestNG-test-Surefire test-1] TRACE - Resolving type for handle ctfontfamily685ctype
01:46:06.481 [TestNG-test-Surefire test-1] TRACE - Resolving type for handle stfontfamily9c6ctype
01:46:06.484 [TestNG-test-Surefire test-1] TRACE - Resolving type for handle ctfontschemebf5dtype
01:46:06.486 [TestNG-test-Surefire test-1] TRACE - Resolving type for handle stfontschemef36dtype
01:46:06.489 [TestNG-test-Surefire test-1] TRACE - Resolving type for handle ctpatternfill7452type
01:46:06.491 [TestNG-test-Surefire test-1] TRACE - Resolving type for handle stpatterntype7939type
01:46:06.494 [TestNG-test-Surefire test-1] TRACE - Resolving type for handle ctsheetformatprdef7type
01:46:06.497 [TestNG-test-Surefire test-1] TRACE - Resolving type for handle ctsheetviewsb918type
01:46:06.499 [TestNG-test-Surefire test-1] TRACE - Resolving type for handle ctsheetview0f43type
01:46:06.508 [TestNG-test-Surefire test-1] TRACE - Resolving type for handle ctsheetdimensiond310type
01:46:06.510 [TestNG-test-Surefire test-1] TRACE - Resolving type for handle ctpagemargins5455type
01:46:06.514 [TestNG-test-Surefire test-1] TRACE - Resolving type for handle ctstrval86cctype
01:46:06.518 [TestNG-test-Surefire test-1] TRACE - Resolving type for handle ctnumval2fe1type
01:46:06.531 [TestNG-test-Surefire test-1] TRACE - Resolving type for handle ctbooleanproperty1f3ctype
01:46:06.550 [TestNG-test-Surefire test-1] TRACE - Resolving type for handle stunsignedinthex27datype
01:46:06.574 [TestNG-test-Surefire test-1] TRACE - Resolving type for handle ctsheetprotection22f7type
01:46:06.596 [TestNG-test-Surefire test-1] TRACE - Resolving type for handle ctpaneaab1type
01:46:06.601 [TestNG-test-Surefire test-1] TRACE - Resolving type for handle stpane2ac1type
01:46:06.602 [TestNG-test-Surefire test-1] TRACE - Resolving type for handle stpanestateae58type
01:46:06.605 [TestNG-test-Surefire test-1] TRACE - Resolving type for handle ctselectionca2btype
01:46:06.641 [TestNG-test-Surefire test-1] TRACE - Resolving type for handle ctworkbookprotection56bctype
01:46:06.677 [TestNG-test-Surefire test-1] TRACE - Resolving type for handle ctnumfmtsb58btype
01:46:06.710 [TestNG-test-Surefire test-1] DEBUG - Save content types part
01:46:06.781 [TestNG-test-Surefire test-1] DEBUG - Save package relationships
01:46:06.786 [TestNG-test-Surefire test-1] DEBUG - Save part 'docProps/app.xml'
01:46:06.787 [TestNG-test-Surefire test-1] DEBUG - Save part 'docProps/core.xml'
01:46:06.790 [TestNG-test-Surefire test-1] DEBUG - Save part 'xl/charts/chart1.xml'
01:46:06.791 [TestNG-test-Surefire test-1] DEBUG - Save part 'xl/charts/chart2.xml'
01:46:06.792 [TestNG-test-Surefire test-1] DEBUG - Save part 'xl/charts/chart3.xml'
01:46:06.792 [TestNG-test-Surefire test-1] DEBUG - Save part 'xl/charts/chart4.xml'
01:46:06.794 [TestNG-test-Surefire test-1] DEBUG - Save part 'xl/charts/chart5.xml'
01:46:06.796 [TestNG-test-Surefire test-1] DEBUG - Save part 'xl/charts/chart6.xml'
01:46:06.798 [TestNG-test-Surefire test-1] DEBUG - Save part 'xl/charts/chart7.xml'
01:46:06.799 [TestNG-test-Surefire test-1] DEBUG - Save part 'xl/charts/chart8.xml'
01:46:06.801 [TestNG-test-Surefire test-1] DEBUG - Save part 'xl/charts/chart9.xml'
01:46:06.802 [TestNG-test-Surefire test-1] DEBUG - Save part 'xl/charts/chart10.xml'
01:46:06.803 [TestNG-test-Surefire test-1] DEBUG - Save part 'xl/charts/chart11.xml'
01:46:06.805 [TestNG-test-Surefire test-1] DEBUG - Save part 'xl/charts/chart12.xml'
01:46:06.805 [TestNG-test-Surefire test-1] DEBUG - Save part 'xl/charts/chart13.xml'
01:46:06.806 [TestNG-test-Surefire test-1] DEBUG - Save part 'xl/drawings/drawing1.xml'
01:46:06.809 [TestNG-test-Surefire test-1] DEBUG - Save part 'xl/drawings/drawing2.xml'
01:46:06.809 [TestNG-test-Surefire test-1] DEBUG - Save part 'xl/drawings/drawing3.xml'
01:46:06.810 [TestNG-test-Surefire test-1] DEBUG - Save part 'xl/drawings/drawing4.xml'
01:46:06.810 [TestNG-test-Surefire test-1] DEBUG - Save part 'xl/drawings/drawing5.xml'
01:46:06.812 [TestNG-test-Surefire test-1] DEBUG - Save part 'xl/drawings/drawing6.xml'
01:46:06.813 [TestNG-test-Surefire test-1] DEBUG - Save part 'xl/drawings/drawing7.xml'
01:46:06.815 [TestNG-test-Surefire test-1] DEBUG - Save part 'xl/drawings/drawing8.xml'
01:46:06.817 [TestNG-test-Surefire test-1] DEBUG - Save part 'xl/drawings/drawing9.xml'
01:46:06.818 [TestNG-test-Surefire test-1] DEBUG - Save part 'xl/printerSettings/printerSettings1.bin'
01:46:06.818 [TestNG-test-Surefire test-1] DEBUG - Save part 'xl/printerSettings/printerSettings2.bin'
01:46:06.818 [TestNG-test-Surefire test-1] DEBUG - Save part 'xl/printerSettings/printerSettings3.bin'
01:46:06.818 [TestNG-test-Surefire test-1] DEBUG - Save part 'xl/printerSettings/printerSettings4.bin'
01:46:06.819 [TestNG-test-Surefire test-1] DEBUG - Save part 'xl/printerSettings/printerSettings5.bin'
01:46:06.819 [TestNG-test-Surefire test-1] DEBUG - Save part 'xl/printerSettings/printerSettings8.bin'
01:46:06.820 [TestNG-test-Surefire test-1] DEBUG - Save part 'xl/sharedStrings.xml'
01:46:06.820 [TestNG-test-Surefire test-1] DEBUG - Save part 'xl/styles.xml'
01:46:06.821 [TestNG-test-Surefire test-1] DEBUG - Save part 'xl/theme/theme1.xml'
01:46:06.821 [TestNG-test-Surefire test-1] DEBUG - Save part 'xl/workbook.xml'
01:46:06.823 [TestNG-test-Surefire test-1] DEBUG - Save part 'xl/worksheets/sheet1.xml'
01:46:06.826 [TestNG-test-Surefire test-1] DEBUG - Save part 'xl/worksheets/sheet2.xml'
01:46:06.827 [TestNG-test-Surefire test-1] DEBUG - Save part 'xl/worksheets/sheet3.xml'
01:46:06.829 [TestNG-test-Surefire test-1] DEBUG - Save part 'xl/worksheets/sheet4.xml'
01:46:06.831 [TestNG-test-Surefire test-1] DEBUG - Save part 'xl/worksheets/sheet5.xml'
01:46:06.833 [TestNG-test-Surefire test-1] DEBUG - Save part 'xl/worksheets/sheet8.xml'
01:46:07.001 [main] TRACE - [Graph] ADDING NODE AbstractTestNGCucumberTests.runScenario(io.cucumber.testng.PickleWrapper,io.cucumber.testng.FeatureWrapper)[pri:0, instance:testRunners.ParallelRunner@7ae42ce3] 911414708
01:46:07.001 [main] TRACE - [Graph] ================ SORTING
01:46:07.001 [main] TRACE - [Graph] =============== DONE SORTING
01:46:07.001 [main] TRACE - [Graph] ====== SORTED NODES
01:46:07.001 [main] TRACE - [Graph] ====== END SORTED NODES
01:48:50.388 [main] TRACE - [Graph] ADDING NODE AbstractTestNGCucumberTests.setUpClass(org.testng.ITestContext)[pri:0, instance:null] -393284817
01:48:50.392 [main] TRACE - [Graph] ================ SORTING
01:48:50.396 [main] TRACE - [Graph] =============== DONE SORTING
01:48:50.396 [main] TRACE - [Graph] ====== SORTED NODES
01:48:50.396 [main] TRACE - [Graph] ====== END SORTED NODES
01:48:50.398 [main] TRACE - [Graph] ADDING NODE AbstractTestNGCucumberTests.tearDownClass()[pri:0, instance:null] 1523153566
01:48:50.398 [main] TRACE - [Graph] ================ SORTING
01:48:50.398 [main] TRACE - [Graph] =============== DONE SORTING
01:48:50.398 [main] TRACE - [Graph] ====== SORTED NODES
01:48:50.398 [main] TRACE - [Graph] ====== END SORTED NODES
01:48:50.410 [main] TRACE - [Graph] ADDING NODE AbstractTestNGCucumberTests.runScenario(io.cucumber.testng.PickleWrapper,io.cucumber.testng.FeatureWrapper)[pri:0, instance:testRunners.ParallelRunner@7ae42ce3] 911414708
01:48:50.411 [main] TRACE - [Graph] ================ SORTING
01:48:50.411 [main] TRACE - [Graph] =============== DONE SORTING
01:48:50.411 [main] TRACE - [Graph] ====== SORTED NODES
01:48:50.411 [main] TRACE - [Graph] ====== END SORTED NODES
01:49:03.127 [TestNG-PoolService-1] INFO  - WebDriver initialized successfully for browser: chrome
01:49:03.199 [TestNG-PoolService-2] INFO  - WebDriver initialized successfully for browser: chrome
01:49:05.769 [TestNG-PoolService-2] INFO  - Navigated to application URL: https://naveenautomationlabs.com/opencart/
01:49:05.883 [TestNG-PoolService-1] INFO  - Navigated to application URL: https://naveenautomationlabs.com/opencart/
01:49:16.406 [TestNG-PoolService-1] INFO  - Clicked on 'My Account' link.
01:49:26.448 [TestNG-PoolService-1] INFO  - Navigated to Login Page.
01:49:26.496 [TestNG-PoolService-2] INFO  - Navigated to Registration page.
01:49:28.083 [TestNG-test-Surefire test-1] DEBUG - Parsing relationship: /xl/charts/_rels/chart4.xml.rels
01:49:28.087 [TestNG-test-Surefire test-1] DEBUG - Parsing relationship: /xl/charts/_rels/chart5.xml.rels
01:49:28.088 [TestNG-test-Surefire test-1] DEBUG - Parsing relationship: /xl/charts/_rels/chart6.xml.rels
01:49:28.089 [TestNG-test-Surefire test-1] DEBUG - Parsing relationship: /xl/charts/_rels/chart8.xml.rels
01:49:28.090 [TestNG-test-Surefire test-1] DEBUG - Parsing relationship: /xl/charts/_rels/chart11.xml.rels
01:49:28.091 [TestNG-test-Surefire test-1] DEBUG - Parsing relationship: /xl/drawings/_rels/drawing1.xml.rels
01:49:28.093 [TestNG-test-Surefire test-1] DEBUG - Parsing relationship: /xl/drawings/_rels/drawing5.xml.rels
01:49:28.094 [TestNG-test-Surefire test-1] DEBUG - Parsing relationship: /xl/drawings/_rels/drawing7.xml.rels
01:49:28.095 [TestNG-test-Surefire test-1] DEBUG - Parsing relationship: /xl/drawings/_rels/drawing8.xml.rels
01:49:28.096 [TestNG-test-Surefire test-1] DEBUG - Parsing relationship: /xl/drawings/_rels/drawing10.xml.rels
01:49:28.098 [TestNG-test-Surefire test-1] DEBUG - Parsing relationship: /xl/drawings/_rels/drawing11.xml.rels
01:49:28.099 [TestNG-test-Surefire test-1] DEBUG - Parsing relationship: /xl/_rels/workbook.xml.rels
01:49:28.101 [TestNG-test-Surefire test-1] DEBUG - Parsing relationship: /xl/worksheets/_rels/sheet1.xml.rels
01:49:28.102 [TestNG-test-Surefire test-1] DEBUG - Parsing relationship: /xl/worksheets/_rels/sheet2.xml.rels
01:49:28.103 [TestNG-test-Surefire test-1] DEBUG - Parsing relationship: /xl/worksheets/_rels/sheet3.xml.rels
01:49:28.104 [TestNG-test-Surefire test-1] DEBUG - Parsing relationship: /xl/worksheets/_rels/sheet4.xml.rels
01:49:28.105 [TestNG-test-Surefire test-1] DEBUG - Parsing relationship: /xl/worksheets/_rels/sheet5.xml.rels
01:49:28.106 [TestNG-test-Surefire test-1] DEBUG - Parsing relationship: /xl/worksheets/_rels/sheet6.xml.rels
01:49:28.107 [TestNG-test-Surefire test-1] DEBUG - Parsing relationship: /xl/worksheets/_rels/sheet7.xml.rels
01:49:28.108 [TestNG-test-Surefire test-1] DEBUG - Parsing relationship: /xl/worksheets/_rels/sheet8.xml.rels
01:49:28.109 [TestNG-test-Surefire test-1] DEBUG - Parsing relationship: /_rels/.rels
01:49:28.352 [TestNG-test-Surefire test-1] TRACE - Loading type system org.apache.poi.schemas.ooxml.system.ooxml
01:49:28.357 [TestNG-test-Surefire test-1] TRACE - Loading type system org.apache.xmlbeans.metadata.system.sXMLCONFIG
01:49:28.359 [TestNG-test-Surefire test-1] TRACE - Loading type system org.apache.xmlbeans.metadata.system.sXMLLANG
01:49:28.360 [TestNG-test-Surefire test-1] TRACE - Loading type system org.apache.xmlbeans.metadata.system.sXMLSCHEMA
01:49:28.361 [TestNG-test-Surefire test-1] TRACE - Loading type system org.apache.xmlbeans.metadata.system.sXMLTOOLS
01:49:28.364 [TestNG-test-Surefire test-1] TRACE - Reading unresolved handles for type system org.apache.xmlbeans.metadata.system.sXMLTOOLS
01:49:28.380 [TestNG-test-Surefire test-1] TRACE - Finished loading type system org.apache.xmlbeans.metadata.system.sXMLTOOLS
01:49:28.383 [TestNG-test-Surefire test-1] TRACE - Reading unresolved handles for type system org.apache.xmlbeans.metadata.system.sXMLSCHEMA
01:49:28.387 [TestNG-test-Surefire test-1] TRACE - Finished loading type system org.apache.xmlbeans.metadata.system.sXMLSCHEMA
01:49:28.389 [TestNG-test-Surefire test-1] TRACE - Reading unresolved handles for type system org.apache.xmlbeans.metadata.system.sXMLLANG
01:49:28.390 [TestNG-test-Surefire test-1] TRACE - Finished loading type system org.apache.xmlbeans.metadata.system.sXMLLANG
01:49:28.392 [TestNG-test-Surefire test-1] TRACE - Reading unresolved handles for type system org.apache.xmlbeans.metadata.system.sXMLCONFIG
01:49:28.393 [TestNG-test-Surefire test-1] TRACE - Finished loading type system org.apache.xmlbeans.metadata.system.sXMLCONFIG
01:49:28.395 [TestNG-test-Surefire test-1] TRACE - Reading unresolved handles for type system org.apache.poi.schemas.ooxml.system.ooxml
01:49:28.442 [TestNG-test-Surefire test-1] TRACE - Finished loading type system org.apache.poi.schemas.ooxml.system.ooxml
01:49:28.443 [TestNG-test-Surefire test-1] TRACE - Resolving type for handle stylesheet5d8bdoctype
01:49:28.519 [TestNG-test-Surefire test-1] TRACE - Resolving type for handle ctstylesheet4257type
01:49:28.523 [TestNG-test-Surefire test-1] TRACE - Resolving type for handle ctcolors6579type
01:49:28.527 [TestNG-test-Surefire test-1] TRACE - Resolving type for handle ctfonts6623type
01:49:28.531 [TestNG-test-Surefire test-1] TRACE - Resolving type for handle ctfont14d8type
01:49:28.537 [TestNG-test-Surefire test-1] TRACE - Resolving type for handle ctfills2c6ftype
01:49:28.541 [TestNG-test-Surefire test-1] TRACE - Resolving type for handle ctfill550ctype
01:49:28.544 [TestNG-test-Surefire test-1] TRACE - Resolving type for handle ctborders0d66type
01:49:28.548 [TestNG-test-Surefire test-1] TRACE - Resolving type for handle ctborderf935type
01:49:28.553 [TestNG-test-Surefire test-1] TRACE - Resolving type for handle ctcellxfs1322type
01:49:28.556 [TestNG-test-Surefire test-1] TRACE - Resolving type for handle ctxf97f7type
01:49:28.560 [TestNG-test-Surefire test-1] TRACE - Resolving type for handle ctcellstylexfsa81ftype
01:49:28.563 [TestNG-test-Surefire test-1] TRACE - Resolving type for handle ctdxfsb26atype
01:49:28.566 [TestNG-test-Surefire test-1] TRACE - Resolving type for handle cttablestyles872ftype
01:49:28.570 [TestNG-test-Surefire test-1] TRACE - Resolving type for handle sstf81fdoctype
01:49:28.576 [TestNG-test-Surefire test-1] TRACE - Resolving type for handle ctsst44f3type
01:49:28.589 [TestNG-test-Surefire test-1] TRACE - Resolving type for handle ctrsta472type
01:49:28.619 [TestNG-test-Surefire test-1] TRACE - Resolving type for handle themefd26doctype
01:49:28.626 [TestNG-test-Surefire test-1] DEBUG - using default POIXMLDocumentPart for http://schemas.openxmlformats.org/officeDocument/2006/relationships/printerSettings
01:49:28.629 [TestNG-test-Surefire test-1] TRACE - Resolving type for handle ctdrawing2748type
01:49:28.650 [TestNG-test-Surefire test-1] TRACE - Resolving type for handle chartspace36e0doctype
01:49:28.656 [TestNG-test-Surefire test-1] TRACE - Resolving type for handle ctchartspacef9b4type
01:49:28.676 [TestNG-test-Surefire test-1] DEBUG - using default POIXMLDocumentPart for http://schemas.openxmlformats.org/officeDocument/2006/relationships/chartUserShapes
01:49:28.677 [TestNG-test-Surefire test-1] DEBUG - using default POIXMLDocumentPart for http://schemas.openxmlformats.org/officeDocument/2006/relationships/chartUserShapes
01:49:28.677 [TestNG-test-Surefire test-1] DEBUG - using default POIXMLDocumentPart for http://schemas.openxmlformats.org/officeDocument/2006/relationships/chartUserShapes
01:49:28.677 [TestNG-test-Surefire test-1] DEBUG - using default POIXMLDocumentPart for http://schemas.openxmlformats.org/officeDocument/2006/relationships/printerSettings
01:49:28.685 [TestNG-test-Surefire test-1] DEBUG - using default POIXMLDocumentPart for http://schemas.openxmlformats.org/officeDocument/2006/relationships/chartUserShapes
01:49:28.685 [TestNG-test-Surefire test-1] DEBUG - using default POIXMLDocumentPart for http://schemas.openxmlformats.org/officeDocument/2006/relationships/printerSettings
01:49:28.691 [TestNG-test-Surefire test-1] DEBUG - using default POIXMLDocumentPart for http://schemas.openxmlformats.org/officeDocument/2006/relationships/printerSettings
01:49:28.700 [TestNG-test-Surefire test-1] DEBUG - using default POIXMLDocumentPart for http://schemas.openxmlformats.org/officeDocument/2006/relationships/chartUserShapes
01:49:28.700 [TestNG-test-Surefire test-1] DEBUG - using default POIXMLDocumentPart for http://schemas.openxmlformats.org/officeDocument/2006/relationships/printerSettings
01:49:28.700 [TestNG-test-Surefire test-1] DEBUG - using default POIXMLDocumentPart for http://schemas.openxmlformats.org/officeDocument/2006/relationships/printerSettings
01:49:28.707 [TestNG-test-Surefire test-1] DEBUG - using default POIXMLDocumentPart for http://schemas.openxmlformats.org/officeDocument/2006/relationships/printerSettings
01:49:28.712 [TestNG-test-Surefire test-1] DEBUG - using default POIXMLDocumentPart for http://schemas.openxmlformats.org/officeDocument/2006/relationships/printerSettings
01:49:28.714 [TestNG-test-Surefire test-1] TRACE - Resolving type for handle workbookec17doctype
01:49:28.718 [TestNG-test-Surefire test-1] TRACE - Resolving type for handle ctworkbook83c3type
01:49:28.736 [TestNG-test-Surefire test-1] TRACE - Resolving type for handle ctsheets49fdtype
01:49:28.739 [TestNG-test-Surefire test-1] TRACE - Resolving type for handle ctsheet4dbetype
01:49:28.743 [TestNG-test-Surefire test-1] TRACE - Resolving type for handle strelationshipid1e94type
01:49:28.746 [TestNG-test-Surefire test-1] TRACE - Resolving type for handle worksheetf539doctype
01:49:28.751 [TestNG-test-Surefire test-1] TRACE - Resolving type for handle ctworksheet530dtype
01:49:28.761 [TestNG-test-Surefire test-1] TRACE - Resolving type for handle ctcols627ctype
01:49:28.767 [TestNG-test-Surefire test-1] TRACE - Resolving type for handle ctcola95ftype
01:49:28.784 [TestNG-test-Surefire test-1] TRACE - Resolving type for handle ctsheetdata8408type
01:49:28.786 [TestNG-test-Surefire test-1] TRACE - Resolving type for handle ctrowdd39type
01:49:28.791 [TestNG-test-Surefire test-1] TRACE - Resolving type for handle ctcell842btype
01:49:28.797 [TestNG-test-Surefire test-1] TRACE - Resolving type for handle stcellrefe4e0type
01:49:28.838 [TestNG-test-Surefire test-1] TRACE - Resolving type for handle ctdefinednamesce48type
01:49:28.841 [TestNG-test-Surefire test-1] TRACE - Resolving type for handle ctdefinedname9413type
01:49:28.844 [TestNG-test-Surefire test-1] TRACE - Resolving type for handle stxstringf179type
01:49:28.851 [TestNG-test-Surefire test-1] TRACE - Resolving type for handle stsheetstate158btype
01:49:28.867 [TestNG-test-Surefire test-1] TRACE - Resolving type for handle stcelltypebf95type
01:49:28.874 [TestNG-test-Surefire test-1] TRACE - Resolving type for handle ctdrawing44fdtype
01:49:28.878 [TestNG-test-Surefire test-1] TRACE - Resolving type for handle cttwocellanchor1e8dtype
01:49:28.880 [TestNG-test-Surefire test-1] TRACE - Resolving type for handle ctmarkeree8etype
01:49:28.882 [TestNG-test-Surefire test-1] TRACE - Resolving type for handle strowidf4cftype
01:49:28.902 [TestNG-test-Surefire test-1] TRACE - Resolving type for handle ctmergecells1242type
01:49:28.904 [TestNG-test-Surefire test-1] TRACE - Resolving type for handle ctmergecelle8d9type
01:49:28.906 [TestNG-test-Surefire test-1] TRACE - Resolving type for handle stref90a2type
01:49:28.946 [TestNG-test-Surefire test-1] TRACE - Resolving type for handle stnumfmtid76fbtype
01:49:28.947 [TestNG-test-Surefire test-1] TRACE - Resolving type for handle stfontid9d63type
01:49:28.950 [TestNG-test-Surefire test-1] TRACE - Resolving type for handle stfillida097type
01:49:28.952 [TestNG-test-Surefire test-1] TRACE - Resolving type for handle stborderid1a80type
01:49:28.954 [TestNG-test-Surefire test-1] TRACE - Resolving type for handle stcellstylexfid70c7type
01:49:28.961 [TestNG-test-Surefire test-1] TRACE - Resolving type for handle ctcellalignmentb580type
01:49:28.965 [TestNG-test-Surefire test-1] TRACE - Resolving type for handle stverticalalignmentd35ctype
01:49:28.968 [TestNG-test-Surefire test-1] TRACE - Resolving type for handle ctborderpre497type
01:49:28.971 [TestNG-test-Surefire test-1] TRACE - Resolving type for handle stborderstylec774type
01:49:28.974 [TestNG-test-Surefire test-1] TRACE - Resolving type for handle ctcolord2c2type
01:49:28.982 [TestNG-test-Surefire test-1] TRACE - Resolving type for handle sthorizontalalignmentf92etype
01:49:28.988 [TestNG-test-Surefire test-1] TRACE - Resolving type for handle ctchartc108type
01:49:28.991 [TestNG-test-Surefire test-1] TRACE - Resolving type for handle cttitleb54etype
01:49:29.038 [TestNG-test-Surefire test-1] TRACE - Resolving type for handle cttx9678type
01:49:29.040 [TestNG-test-Surefire test-1] TRACE - Resolving type for handle cttextbodya3catype
01:49:29.043 [TestNG-test-Surefire test-1] TRACE - Resolving type for handle cttextparagraphcaf2type
01:49:29.045 [TestNG-test-Surefire test-1] TRACE - Resolving type for handle ctregulartextrun7e3dtype
01:49:29.049 [TestNG-test-Surefire test-1] TRACE - Resolving type for handle ctplotarea106etype
01:49:29.053 [TestNG-test-Surefire test-1] TRACE - Resolving type for handle ctcatax7159type
01:49:29.057 [TestNG-test-Surefire test-1] TRACE - Resolving type for handle ctunsignedinte8ectype
01:49:29.059 [TestNG-test-Surefire test-1] TRACE - Resolving type for handle ctvalaxd06etype
01:49:29.063 [TestNG-test-Surefire test-1] TRACE - Resolving type for handle ctbarchart4151type
01:49:29.067 [TestNG-test-Surefire test-1] TRACE - Resolving type for handle ctbardir5f42type
01:49:29.070 [TestNG-test-Surefire test-1] TRACE - Resolving type for handle ctbarser960ftype
01:49:29.072 [TestNG-test-Surefire test-1] TRACE - Resolving type for handle ctaxdatasource1440type
01:49:29.074 [TestNG-test-Surefire test-1] TRACE - Resolving type for handle ctnumdatasourcef0bbtype
01:49:29.078 [TestNG-test-Surefire test-1] TRACE - Resolving type for handle ctstrref5d1atype
01:49:29.081 [TestNG-test-Surefire test-1] TRACE - Resolving type for handle ctstrdatad58btype
01:49:29.084 [TestNG-test-Surefire test-1] TRACE - Resolving type for handle ctnumref062ftype
01:49:29.085 [TestNG-test-Surefire test-1] TRACE - Resolving type for handle ctnumdata4f16type
01:49:29.100 [TestNG-test-Surefire test-1] TRACE - Resolving type for handle ctworkbookpr03a5type
01:49:29.105 [TestNG-test-Surefire test-1] TRACE - Resolving type for handle ctbookviewsb864type
01:49:29.108 [TestNG-test-Surefire test-1] TRACE - Resolving type for handle ctbookviewf677type
01:49:29.113 [TestNG-test-Surefire test-1] TRACE - Resolving type for handle propertiesee84doctype
01:49:29.115 [TestNG-test-Surefire test-1] TRACE - Resolving type for handle ctproperties3f10type
01:49:29.119 [TestNG-test-Surefire test-1] TRACE - Resolving type for handle properties288cdoctype
01:49:29.121 [TestNG-test-Surefire test-1] TRACE - Resolving type for handle ctproperties2c18type
01:49:29.125 [TestNG-test-Surefire test-1] TRACE - Resolving type for handle ctfontsizeb3b9type
01:49:29.128 [TestNG-test-Surefire test-1] TRACE - Resolving type for handle ctfontname2dc3type
01:49:29.130 [TestNG-test-Surefire test-1] TRACE - Resolving type for handle ctfontfamily685ctype
01:49:29.131 [TestNG-test-Surefire test-1] TRACE - Resolving type for handle stfontfamily9c6ctype
01:49:29.134 [TestNG-test-Surefire test-1] TRACE - Resolving type for handle ctfontschemebf5dtype
01:49:29.136 [TestNG-test-Surefire test-1] TRACE - Resolving type for handle stfontschemef36dtype
01:49:29.138 [TestNG-test-Surefire test-1] TRACE - Resolving type for handle ctpatternfill7452type
01:49:29.141 [TestNG-test-Surefire test-1] TRACE - Resolving type for handle stpatterntype7939type
01:49:29.145 [TestNG-test-Surefire test-1] TRACE - Resolving type for handle ctsheetformatprdef7type
01:49:29.148 [TestNG-test-Surefire test-1] TRACE - Resolving type for handle ctsheetviewsb918type
01:49:29.149 [TestNG-test-Surefire test-1] TRACE - Resolving type for handle ctsheetview0f43type
01:49:29.153 [TestNG-test-Surefire test-1] TRACE - Resolving type for handle ctsheetdimensiond310type
01:49:29.155 [TestNG-test-Surefire test-1] TRACE - Resolving type for handle ctpagemargins5455type
01:49:29.161 [TestNG-test-Surefire test-1] TRACE - Resolving type for handle ctstrval86cctype
01:49:29.163 [TestNG-test-Surefire test-1] TRACE - Resolving type for handle ctnumval2fe1type
01:49:29.170 [TestNG-test-Surefire test-1] TRACE - Resolving type for handle ctbooleanproperty1f3ctype
01:49:29.192 [TestNG-test-Surefire test-1] TRACE - Resolving type for handle stunsignedinthex27datype
01:49:29.219 [TestNG-test-Surefire test-1] TRACE - Resolving type for handle ctsheetprotection22f7type
01:49:29.243 [TestNG-test-Surefire test-1] TRACE - Resolving type for handle ctpaneaab1type
01:49:29.247 [TestNG-test-Surefire test-1] TRACE - Resolving type for handle stpane2ac1type
01:49:29.248 [TestNG-test-Surefire test-1] TRACE - Resolving type for handle stpanestateae58type
01:49:29.250 [TestNG-test-Surefire test-1] TRACE - Resolving type for handle ctselectionca2btype
01:49:29.289 [TestNG-test-Surefire test-1] TRACE - Resolving type for handle ctworkbookprotection56bctype
01:49:29.332 [TestNG-test-Surefire test-1] TRACE - Resolving type for handle ctnumfmtsb58btype
01:49:29.370 [TestNG-test-Surefire test-1] DEBUG - Save content types part
01:49:29.439 [TestNG-test-Surefire test-1] DEBUG - Save package relationships
01:49:29.444 [TestNG-test-Surefire test-1] DEBUG - Save part 'docProps/app.xml'
01:49:29.444 [TestNG-test-Surefire test-1] DEBUG - Save part 'docProps/core.xml'
01:49:29.447 [TestNG-test-Surefire test-1] DEBUG - Save part 'xl/charts/chart1.xml'
01:49:29.449 [TestNG-test-Surefire test-1] DEBUG - Save part 'xl/charts/chart2.xml'
01:49:29.449 [TestNG-test-Surefire test-1] DEBUG - Save part 'xl/charts/chart3.xml'
01:49:29.451 [TestNG-test-Surefire test-1] DEBUG - Save part 'xl/charts/chart4.xml'
01:49:29.452 [TestNG-test-Surefire test-1] DEBUG - Save part 'xl/charts/chart5.xml'
01:49:29.453 [TestNG-test-Surefire test-1] DEBUG - Save part 'xl/charts/chart6.xml'
01:49:29.456 [TestNG-test-Surefire test-1] DEBUG - Save part 'xl/charts/chart7.xml'
01:49:29.457 [TestNG-test-Surefire test-1] DEBUG - Save part 'xl/charts/chart8.xml'
01:49:29.459 [TestNG-test-Surefire test-1] DEBUG - Save part 'xl/charts/chart9.xml'
01:49:29.459 [TestNG-test-Surefire test-1] DEBUG - Save part 'xl/charts/chart10.xml'
01:49:29.460 [TestNG-test-Surefire test-1] DEBUG - Save part 'xl/charts/chart11.xml'
01:49:29.462 [TestNG-test-Surefire test-1] DEBUG - Save part 'xl/charts/chart12.xml'
01:49:29.462 [TestNG-test-Surefire test-1] DEBUG - Save part 'xl/charts/chart13.xml'
01:49:29.463 [TestNG-test-Surefire test-1] DEBUG - Save part 'xl/drawings/drawing1.xml'
01:49:29.465 [TestNG-test-Surefire test-1] DEBUG - Save part 'xl/drawings/drawing2.xml'
01:49:29.465 [TestNG-test-Surefire test-1] DEBUG - Save part 'xl/drawings/drawing3.xml'
01:49:29.466 [TestNG-test-Surefire test-1] DEBUG - Save part 'xl/drawings/drawing4.xml'
01:49:29.466 [TestNG-test-Surefire test-1] DEBUG - Save part 'xl/drawings/drawing5.xml'
01:49:29.469 [TestNG-test-Surefire test-1] DEBUG - Save part 'xl/drawings/drawing6.xml'
01:49:29.469 [TestNG-test-Surefire test-1] DEBUG - Save part 'xl/drawings/drawing7.xml'
01:49:29.471 [TestNG-test-Surefire test-1] DEBUG - Save part 'xl/drawings/drawing8.xml'
01:49:29.473 [TestNG-test-Surefire test-1] DEBUG - Save part 'xl/drawings/drawing9.xml'
01:49:29.474 [TestNG-test-Surefire test-1] DEBUG - Save part 'xl/printerSettings/printerSettings1.bin'
01:49:29.475 [TestNG-test-Surefire test-1] DEBUG - Save part 'xl/printerSettings/printerSettings2.bin'
01:49:29.475 [TestNG-test-Surefire test-1] DEBUG - Save part 'xl/printerSettings/printerSettings3.bin'
01:49:29.475 [TestNG-test-Surefire test-1] DEBUG - Save part 'xl/printerSettings/printerSettings4.bin'
01:49:29.476 [TestNG-test-Surefire test-1] DEBUG - Save part 'xl/printerSettings/printerSettings5.bin'
01:49:29.476 [TestNG-test-Surefire test-1] DEBUG - Save part 'xl/printerSettings/printerSettings8.bin'
01:49:29.477 [TestNG-test-Surefire test-1] DEBUG - Save part 'xl/sharedStrings.xml'
