00:11:39.957 [TestNG-test-Surefire test-1] TRACE - Resolving type for handle ctsheetdimensiond310type
00:11:39.972 [TestNG-test-Surefire test-1] TRACE - Resolving type for handle stref90a2type
00:11:39.975 [TestNG-test-Surefire test-1] TRACE - Resolving type for handle ctpagemargins5455type
00:11:39.980 [TestNG-test-Surefire test-1] TRACE - Resolving type for handle ctstrval86cctype
00:11:39.983 [TestNG-test-Surefire test-1] TRACE - Resolving type for handle ctnumval2fe1type
00:11:39.987 [TestNG-test-Surefire test-1] TRACE - Resolving type for handle ctpaneaab1type
00:11:39.992 [TestNG-test-Surefire test-1] TRACE - Resolving type for handle stpane2ac1type
00:11:39.993 [TestNG-test-Surefire test-1] TRACE - Resolving type for handle stpanestateae58type
00:11:39.996 [TestNG-test-Surefire test-1] TRACE - Resolving type for handle ctselectionca2btype
00:11:40.005 [TestNG-test-Surefire test-1] TRACE - Resolving type for handle cttwocellanchor1e8dtype
00:11:40.008 [TestNG-test-Surefire test-1] TRACE - Resolving type for handle ctmarkeree8etype
00:11:40.011 [TestNG-test-Surefire test-1] TRACE - Resolving type for handle strowidf4cftype
00:11:40.023 [TestNG-test-Surefire test-1] TRACE - Resolving type for handle ctcalccellb960type
00:11:40.028 [TestNG-test-Surefire test-1] TRACE - Resolving type for handle ctmergecells1242type
00:11:40.031 [TestNG-test-Surefire test-1] TRACE - Resolving type for handle ctmergecelle8d9type
00:11:40.115 [TestNG-test-Surefire test-1] TRACE - Resolving type for handle ctworkbookprotection56bctype
00:11:40.145 [TestNG-test-Surefire test-1] TRACE - Resolving type for handle ctnumfmtsb58btype
00:11:40.182 [TestNG-test-Surefire test-1] DEBUG - Save content types part
00:11:40.263 [TestNG-test-Surefire test-1] DEBUG - Save package relationships
00:11:40.268 [TestNG-test-Surefire test-1] DEBUG - Save part 'docProps/app.xml'
00:11:40.269 [TestNG-test-Surefire test-1] DEBUG - Save part 'docProps/core.xml'
00:11:40.271 [TestNG-test-Surefire test-1] DEBUG - Save part 'xl/charts/chart1.xml'
00:11:40.273 [TestNG-test-Surefire test-1] DEBUG - Save part 'xl/charts/chart2.xml'
00:11:40.275 [TestNG-test-Surefire test-1] DEBUG - Save part 'xl/charts/chart3.xml'
00:11:40.277 [TestNG-test-Surefire test-1] DEBUG - Save part 'xl/charts/chart4.xml'
00:11:40.277 [TestNG-test-Surefire test-1] DEBUG - Save part 'xl/charts/chart5.xml'
00:11:40.280 [TestNG-test-Surefire test-1] DEBUG - Save part 'xl/charts/chart6.xml'
00:11:40.280 [TestNG-test-Surefire test-1] DEBUG - Save part 'xl/charts/chart7.xml'
00:11:40.280 [TestNG-test-Surefire test-1] DEBUG - Save part 'xl/charts/chart8.xml'
00:11:40.281 [TestNG-test-Surefire test-1] DEBUG - Save part 'xl/charts/chart9.xml'
00:11:40.282 [TestNG-test-Surefire test-1] DEBUG - Save part 'xl/charts/chart10.xml'
00:11:40.284 [TestNG-test-Surefire test-1] DEBUG - Save part 'xl/drawings/drawing1.xml'
00:11:40.287 [TestNG-test-Surefire test-1] DEBUG - Save part 'xl/drawings/drawing2.xml'
00:11:40.287 [TestNG-test-Surefire test-1] DEBUG - Save part 'xl/drawings/drawing3.xml'
00:11:40.288 [TestNG-test-Surefire test-1] DEBUG - Save part 'xl/drawings/drawing4.xml'
00:11:40.288 [TestNG-test-Surefire test-1] DEBUG - Save part 'xl/drawings/drawing5.xml'
00:11:40.291 [TestNG-test-Surefire test-1] DEBUG - Save part 'xl/drawings/drawing6.xml'
00:11:40.291 [TestNG-test-Surefire test-1] DEBUG - Save part 'xl/drawings/drawing7.xml'
00:11:40.292 [TestNG-test-Surefire test-1] DEBUG - Save part 'xl/drawings/drawing8.xml'
00:11:40.295 [TestNG-test-Surefire test-1] DEBUG - Save part 'xl/drawings/drawing9.xml'
00:11:40.295 [TestNG-test-Surefire test-1] DEBUG - Save part 'xl/externalLinks/externalLink1.xml'
00:11:40.297 [TestNG-test-Surefire test-1] DEBUG - Save part 'xl/printerSettings/printerSettings1.bin'
00:11:40.298 [TestNG-test-Surefire test-1] DEBUG - Save part 'xl/printerSettings/printerSettings2.bin'
00:11:40.298 [TestNG-test-Surefire test-1] DEBUG - Save part 'xl/printerSettings/printerSettings3.bin'
00:11:40.298 [TestNG-test-Surefire test-1] DEBUG - Save part 'xl/printerSettings/printerSettings4.bin'
00:11:40.298 [TestNG-test-Surefire test-1] DEBUG - Save part 'xl/printerSettings/printerSettings7.bin'
00:11:40.299 [TestNG-test-Surefire test-1] DEBUG - Save part 'xl/sharedStrings.xml'
00:11:40.299 [TestNG-test-Surefire test-1] DEBUG - Save part 'xl/styles.xml'
00:11:40.300 [TestNG-test-Surefire test-1] DEBUG - Save part 'xl/theme/theme1.xml'
00:11:40.300 [TestNG-test-Surefire test-1] DEBUG - Save part 'xl/workbook.xml'
00:11:40.303 [TestNG-test-Surefire test-1] DEBUG - Save part 'xl/worksheets/sheet1.xml'
00:11:40.304 [TestNG-test-Surefire test-1] DEBUG - Save part 'xl/worksheets/sheet2.xml'
00:11:40.308 [TestNG-test-Surefire test-1] DEBUG - Save part 'xl/worksheets/sheet3.xml'
00:11:40.309 [TestNG-test-Surefire test-1] DEBUG - Save part 'xl/worksheets/sheet4.xml'
00:11:40.311 [TestNG-test-Surefire test-1] DEBUG - Save part 'xl/worksheets/sheet8.xml'
00:12:15.051 [main] TRACE - [Graph] ADDING NODE AbstractTestNGCucumberTests.setUpClass(org.testng.ITestContext)[pri:0, instance:null] -393284817
00:12:15.055 [main] TRACE - [Graph] ================ SORTING
00:12:15.057 [main] TRACE - [Graph] =============== DONE SORTING
00:12:15.058 [main] TRACE - [Graph] ====== SORTED NODES
00:12:15.058 [main] TRACE - [Graph] ====== END SORTED NODES
00:12:15.060 [main] TRACE - [Graph] ADDING NODE AbstractTestNGCucumberTests.tearDownClass()[pri:0, instance:null] 1523153566
00:12:15.060 [main] TRACE - [Graph] ================ SORTING
00:12:15.060 [main] TRACE - [Graph] =============== DONE SORTING
00:12:15.060 [main] TRACE - [Graph] ====== SORTED NODES
00:12:15.061 [main] TRACE - [Graph] ====== END SORTED NODES
00:12:15.075 [main] TRACE - [Graph] ADDING NODE AbstractTestNGCucumberTests.runScenario(io.cucumber.testng.PickleWrapper,io.cucumber.testng.FeatureWrapper)[pri:0, instance:testRunners.ParallelRunner@7ae42ce3] 911414708
00:12:15.075 [main] TRACE - [Graph] ================ SORTING
00:12:15.075 [main] TRACE - [Graph] =============== DONE SORTING
00:12:15.075 [main] TRACE - [Graph] ====== SORTED NODES
00:12:15.075 [main] TRACE - [Graph] ====== END SORTED NODES
00:12:21.191 [TestNG-PoolService-2] INFO  - WebDriver initialized successfully for browser: chrome
00:12:21.191 [TestNG-PoolService-1] INFO  - WebDriver initialized successfully for browser: chrome
00:12:23.584 [TestNG-PoolService-1] INFO  - Navigated to application URL: https://naveenautomationlabs.com/opencart/
00:12:23.602 [TestNG-PoolService-2] INFO  - Navigated to application URL: https://naveenautomationlabs.com/opencart/
00:12:34.184 [TestNG-PoolService-1] INFO  - Clicked on 'My Account' link.
00:14:18.987 [main] TRACE - [Graph] ADDING NODE AbstractTestNGCucumberTests.setUpClass(org.testng.ITestContext)[pri:0, instance:null] -393284817
00:14:18.992 [main] TRACE - [Graph] ================ SORTING
00:14:18.995 [main] TRACE - [Graph] =============== DONE SORTING
00:14:18.996 [main] TRACE - [Graph] ====== SORTED NODES
00:14:18.996 [main] TRACE - [Graph] ====== END SORTED NODES
00:14:18.997 [main] TRACE - [Graph] ADDING NODE AbstractTestNGCucumberTests.tearDownClass()[pri:0, instance:null] 1523153566
00:14:18.997 [main] TRACE - [Graph] ================ SORTING
00:14:18.998 [main] TRACE - [Graph] =============== DONE SORTING
00:14:18.998 [main] TRACE - [Graph] ====== SORTED NODES
00:14:18.998 [main] TRACE - [Graph] ====== END SORTED NODES
00:14:19.010 [main] TRACE - [Graph] ADDING NODE AbstractTestNGCucumberTests.runScenario(io.cucumber.testng.PickleWrapper,io.cucumber.testng.FeatureWrapper)[pri:0, instance:testRunners.ParallelRunner@7ae42ce3] 911414708
00:14:19.010 [main] TRACE - [Graph] ================ SORTING
00:14:19.010 [main] TRACE - [Graph] =============== DONE SORTING
00:14:19.010 [main] TRACE - [Graph] ====== SORTED NODES
00:14:19.010 [main] TRACE - [Graph] ====== END SORTED NODES
00:14:25.176 [TestNG-PoolService-2] INFO  - WebDriver initialized successfully for browser: chrome
00:14:25.176 [TestNG-PoolService-1] INFO  - WebDriver initialized successfully for browser: chrome
00:14:26.065 [TestNG-PoolService-1] INFO  - Navigated to application URL: https://naveenautomationlabs.com/opencart/
00:14:27.696 [TestNG-PoolService-2] INFO  - Navigated to application URL: https://naveenautomationlabs.com/opencart/
00:14:36.535 [TestNG-PoolService-1] INFO  - Clicked on 'My Account' link.
00:16:29.378 [main] TRACE - [Graph] ADDING NODE AbstractTestNGCucumberTests.setUpClass(org.testng.ITestContext)[pri:0, instance:null] -393284817
00:16:29.382 [main] TRACE - [Graph] ================ SORTING
00:16:29.385 [main] TRACE - [Graph] =============== DONE SORTING
00:16:29.385 [main] TRACE - [Graph] ====== SORTED NODES
00:16:29.385 [main] TRACE - [Graph] ====== END SORTED NODES
00:16:29.387 [main] TRACE - [Graph] ADDING NODE AbstractTestNGCucumberTests.tearDownClass()[pri:0, instance:null] 1523153566
00:16:29.387 [main] TRACE - [Graph] ================ SORTING
00:16:29.387 [main] TRACE - [Graph] =============== DONE SORTING
00:16:29.387 [main] TRACE - [Graph] ====== SORTED NODES
00:16:29.387 [main] TRACE - [Graph] ====== END SORTED NODES
00:16:29.401 [main] TRACE - [Graph] ADDING NODE AbstractTestNGCucumberTests.runScenario(io.cucumber.testng.PickleWrapper,io.cucumber.testng.FeatureWrapper)[pri:0, instance:testRunners.ParallelRunner@7ae42ce3] 911414708
00:16:29.401 [main] TRACE - [Graph] ================ SORTING
00:16:29.401 [main] TRACE - [Graph] =============== DONE SORTING
00:16:29.401 [main] TRACE - [Graph] ====== SORTED NODES
00:16:29.402 [main] TRACE - [Graph] ====== END SORTED NODES
00:16:35.531 [TestNG-PoolService-1] INFO  - WebDriver initialized successfully for browser: chrome
00:16:35.531 [TestNG-PoolService-2] INFO  - WebDriver initialized successfully for browser: chrome
00:16:36.503 [TestNG-PoolService-2] INFO  - Navigated to application URL: https://naveenautomationlabs.com/opencart/
00:16:38.157 [TestNG-PoolService-1] INFO  - Navigated to application URL: https://naveenautomationlabs.com/opencart/
00:16:38.464 [TestNG-PoolService-1] INFO  - Clicked on 'My Account' link.
00:16:38.991 [TestNG-PoolService-1] INFO  - Navigated to Login Page.
00:16:39.345 [TestNG-PoolService-2] INFO  - Navigated to Registration page.
00:16:40.176 [TestNG-PoolService-1] INFO  - Entered login credentials and clicked 'Login'.
00:16:40.236 [TestNG-PoolService-2] INFO  - Registration details entered.
00:16:40.289 [TestNG-PoolService-1] INFO  - Login successful. 'My Account' page is displayed.
00:16:41.664 [TestNG-PoolService-2] INFO  - Agreed to Privacy Policy and submitted registration.
00:16:41.770 [TestNG-PoolService-2] INFO  - Confirmation message validated.
00:16:43.426 [TestNG-test-Surefire test-1] DEBUG - Parsing relationship: /xl/charts/_rels/chart1.xml.rels
00:16:43.431 [TestNG-test-Surefire test-1] DEBUG - Parsing relationship: /xl/charts/_rels/chart2.xml.rels
00:16:43.433 [TestNG-test-Surefire test-1] DEBUG - Parsing relationship: /xl/charts/_rels/chart3.xml.rels
00:16:43.435 [TestNG-test-Surefire test-1] DEBUG - Parsing relationship: /xl/charts/_rels/chart5.xml.rels
00:16:43.437 [TestNG-test-Surefire test-1] DEBUG - Parsing relationship: /xl/charts/_rels/chart8.xml.rels
00:16:43.439 [TestNG-test-Surefire test-1] DEBUG - Parsing relationship: /xl/drawings/_rels/drawing1.xml.rels
00:16:43.441 [TestNG-test-Surefire test-1] DEBUG - Parsing relationship: /xl/drawings/_rels/drawing5.xml.rels
00:16:43.443 [TestNG-test-Surefire test-1] DEBUG - Parsing relationship: /xl/drawings/_rels/drawing7.xml.rels
00:16:43.445 [TestNG-test-Surefire test-1] DEBUG - Parsing relationship: /xl/drawings/_rels/drawing8.xml.rels
00:16:43.447 [TestNG-test-Surefire test-1] DEBUG - Parsing relationship: /xl/drawings/_rels/drawing10.xml.rels
00:16:43.449 [TestNG-test-Surefire test-1] DEBUG - Parsing relationship: /xl/drawings/_rels/drawing11.xml.rels
00:16:43.451 [TestNG-test-Surefire test-1] DEBUG - Parsing relationship: /xl/externalLinks/_rels/externalLink1.xml.rels
00:16:43.453 [TestNG-test-Surefire test-1] DEBUG - Parsing relationship: /xl/_rels/workbook.xml.rels
00:16:43.456 [TestNG-test-Surefire test-1] DEBUG - Parsing relationship: /xl/worksheets/_rels/sheet1.xml.rels
00:16:43.458 [TestNG-test-Surefire test-1] DEBUG - Parsing relationship: /xl/worksheets/_rels/sheet2.xml.rels
00:16:43.461 [TestNG-test-Surefire test-1] DEBUG - Parsing relationship: /xl/worksheets/_rels/sheet3.xml.rels
00:16:43.463 [TestNG-test-Surefire test-1] DEBUG - Parsing relationship: /xl/worksheets/_rels/sheet4.xml.rels
00:16:43.465 [TestNG-test-Surefire test-1] DEBUG - Parsing relationship: /xl/worksheets/_rels/sheet6.xml.rels
00:16:43.467 [TestNG-test-Surefire test-1] DEBUG - Parsing relationship: /xl/worksheets/_rels/sheet7.xml.rels
00:16:43.469 [TestNG-test-Surefire test-1] DEBUG - Parsing relationship: /xl/worksheets/_rels/sheet8.xml.rels
00:16:43.471 [TestNG-test-Surefire test-1] DEBUG - Parsing relationship: /_rels/.rels
00:16:43.828 [TestNG-test-Surefire test-1] TRACE - Loading type system org.apache.poi.schemas.ooxml.system.ooxml
00:16:43.834 [TestNG-test-Surefire test-1] TRACE - Loading type system org.apache.xmlbeans.metadata.system.sXMLCONFIG
00:16:43.837 [TestNG-test-Surefire test-1] TRACE - Loading type system org.apache.xmlbeans.metadata.system.sXMLLANG
00:16:43.838 [TestNG-test-Surefire test-1] TRACE - Loading type system org.apache.xmlbeans.metadata.system.sXMLSCHEMA
00:16:43.839 [TestNG-test-Surefire test-1] TRACE - Loading type system org.apache.xmlbeans.metadata.system.sXMLTOOLS
00:16:43.842 [TestNG-test-Surefire test-1] TRACE - Reading unresolved handles for type system org.apache.xmlbeans.metadata.system.sXMLTOOLS
00:16:43.868 [TestNG-test-Surefire test-1] TRACE - Finished loading type system org.apache.xmlbeans.metadata.system.sXMLTOOLS
00:16:43.870 [TestNG-test-Surefire test-1] TRACE - Reading unresolved handles for type system org.apache.xmlbeans.metadata.system.sXMLSCHEMA
00:16:43.877 [TestNG-test-Surefire test-1] TRACE - Finished loading type system org.apache.xmlbeans.metadata.system.sXMLSCHEMA
00:16:43.879 [TestNG-test-Surefire test-1] TRACE - Reading unresolved handles for type system org.apache.xmlbeans.metadata.system.sXMLLANG
00:16:43.880 [TestNG-test-Surefire test-1] TRACE - Finished loading type system org.apache.xmlbeans.metadata.system.sXMLLANG
00:16:43.882 [TestNG-test-Surefire test-1] TRACE - Reading unresolved handles for type system org.apache.xmlbeans.metadata.system.sXMLCONFIG
00:16:43.884 [TestNG-test-Surefire test-1] TRACE - Finished loading type system org.apache.xmlbeans.metadata.system.sXMLCONFIG
00:16:43.886 [TestNG-test-Surefire test-1] TRACE - Reading unresolved handles for type system org.apache.poi.schemas.ooxml.system.ooxml
00:16:43.957 [TestNG-test-Surefire test-1] TRACE - Finished loading type system org.apache.poi.schemas.ooxml.system.ooxml
00:16:43.958 [TestNG-test-Surefire test-1] TRACE - Resolving type for handle themefd26doctype
00:16:44.059 [TestNG-test-Surefire test-1] TRACE - Resolving type for handle stylesheet5d8bdoctype
00:16:44.077 [TestNG-test-Surefire test-1] TRACE - Resolving type for handle ctstylesheet4257type
00:16:44.084 [TestNG-test-Surefire test-1] TRACE - Resolving type for handle ctcolors6579type
00:16:44.088 [TestNG-test-Surefire test-1] TRACE - Resolving type for handle ctfonts6623type
00:16:44.093 [TestNG-test-Surefire test-1] TRACE - Resolving type for handle ctfont14d8type
00:16:44.102 [TestNG-test-Surefire test-1] TRACE - Resolving type for handle ctfills2c6ftype
00:16:44.105 [TestNG-test-Surefire test-1] TRACE - Resolving type for handle ctfill550ctype
00:16:44.108 [TestNG-test-Surefire test-1] TRACE - Resolving type for handle ctborders0d66type
00:16:44.112 [TestNG-test-Surefire test-1] TRACE - Resolving type for handle ctborderf935type
00:16:44.117 [TestNG-test-Surefire test-1] TRACE - Resolving type for handle ctcellxfs1322type
00:16:44.122 [TestNG-test-Surefire test-1] TRACE - Resolving type for handle ctxf97f7type
00:16:44.126 [TestNG-test-Surefire test-1] TRACE - Resolving type for handle ctcellstylexfsa81ftype
00:16:44.130 [TestNG-test-Surefire test-1] TRACE - Resolving type for handle ctdxfsb26atype
00:16:44.134 [TestNG-test-Surefire test-1] TRACE - Resolving type for handle cttablestyles872ftype
00:16:44.140 [TestNG-test-Surefire test-1] TRACE - Resolving type for handle sstf81fdoctype
00:16:44.148 [TestNG-test-Surefire test-1] TRACE - Resolving type for handle ctsst44f3type
00:16:44.164 [TestNG-test-Surefire test-1] TRACE - Resolving type for handle ctrsta472type
00:16:44.203 [TestNG-test-Surefire test-1] TRACE - Resolving type for handle calcchainfc37doctype
00:16:44.209 [TestNG-test-Surefire test-1] TRACE - Resolving type for handle ctcalcchain5a0btype
00:16:44.215 [TestNG-test-Surefire test-1] TRACE - Resolving type for handle externallinkb4c2doctype
00:16:44.221 [TestNG-test-Surefire test-1] TRACE - Resolving type for handle ctexternallink966etype
00:16:44.224 [TestNG-test-Surefire test-1] DEBUG - using default POIXMLDocumentPart for http://schemas.openxmlformats.org/officeDocument/2006/relationships/printerSettings
00:16:44.235 [TestNG-test-Surefire test-1] TRACE - Resolving type for handle ctdrawing2748type
00:16:44.254 [TestNG-test-Surefire test-1] TRACE - Resolving type for handle chartspace36e0doctype
00:16:44.263 [TestNG-test-Surefire test-1] TRACE - Resolving type for handle ctchartspacef9b4type
00:16:44.280 [TestNG-test-Surefire test-1] DEBUG - using default POIXMLDocumentPart for http://schemas.openxmlformats.org/officeDocument/2006/relationships/chartUserShapes
00:16:44.280 [TestNG-test-Surefire test-1] DEBUG - using default POIXMLDocumentPart for http://schemas.openxmlformats.org/officeDocument/2006/relationships/chartUserShapes
00:16:44.280 [TestNG-test-Surefire test-1] DEBUG - using default POIXMLDocumentPart for http://schemas.openxmlformats.org/officeDocument/2006/relationships/chartUserShapes
00:16:44.281 [TestNG-test-Surefire test-1] DEBUG - using default POIXMLDocumentPart for http://schemas.openxmlformats.org/officeDocument/2006/relationships/printerSettings
00:16:44.293 [TestNG-test-Surefire test-1] DEBUG - using default POIXMLDocumentPart for http://schemas.openxmlformats.org/officeDocument/2006/relationships/chartUserShapes
00:16:44.293 [TestNG-test-Surefire test-1] DEBUG - using default POIXMLDocumentPart for http://schemas.openxmlformats.org/officeDocument/2006/relationships/printerSettings
00:16:44.301 [TestNG-test-Surefire test-1] DEBUG - using default POIXMLDocumentPart for http://schemas.openxmlformats.org/officeDocument/2006/relationships/printerSettings
00:16:44.313 [TestNG-test-Surefire test-1] DEBUG - using default POIXMLDocumentPart for http://schemas.openxmlformats.org/officeDocument/2006/relationships/chartUserShapes
00:16:44.313 [TestNG-test-Surefire test-1] DEBUG - using default POIXMLDocumentPart for http://schemas.openxmlformats.org/officeDocument/2006/relationships/printerSettings
00:16:44.320 [TestNG-test-Surefire test-1] DEBUG - using default POIXMLDocumentPart for http://schemas.openxmlformats.org/officeDocument/2006/relationships/printerSettings
00:16:44.326 [TestNG-test-Surefire test-1] DEBUG - using default POIXMLDocumentPart for http://schemas.openxmlformats.org/officeDocument/2006/relationships/printerSettings
00:16:44.328 [TestNG-test-Surefire test-1] TRACE - Resolving type for handle workbookec17doctype
00:16:44.336 [TestNG-test-Surefire test-1] TRACE - Resolving type for handle ctworkbook83c3type
00:16:44.384 [TestNG-test-Surefire test-1] TRACE - Resolving type for handle ctsheets49fdtype
00:16:44.389 [TestNG-test-Surefire test-1] TRACE - Resolving type for handle ctsheet4dbetype
00:16:44.393 [TestNG-test-Surefire test-1] TRACE - Resolving type for handle strelationshipid1e94type
00:16:44.398 [TestNG-test-Surefire test-1] TRACE - Resolving type for handle worksheetf539doctype
00:16:44.404 [TestNG-test-Surefire test-1] TRACE - Resolving type for handle ctworksheet530dtype
00:16:44.419 [TestNG-test-Surefire test-1] TRACE - Resolving type for handle ctcols627ctype
00:16:44.425 [TestNG-test-Surefire test-1] TRACE - Resolving type for handle ctcola95ftype
00:16:44.448 [TestNG-test-Surefire test-1] TRACE - Resolving type for handle ctsheetdata8408type
00:16:44.457 [TestNG-test-Surefire test-1] TRACE - Resolving type for handle ctrowdd39type
00:16:44.466 [TestNG-test-Surefire test-1] TRACE - Resolving type for handle ctcell842btype
00:16:44.479 [TestNG-test-Surefire test-1] TRACE - Resolving type for handle stcellrefe4e0type
00:16:44.525 [TestNG-test-Surefire test-1] TRACE - Resolving type for handle ctcellformula3583type
00:16:44.531 [TestNG-test-Surefire test-1] TRACE - Resolving type for handle stcellformulatypee2cdtype
00:16:44.537 [TestNG-test-Surefire test-1] TRACE - Resolving type for handle ctexternalreferencesd77ctype
00:16:44.540 [TestNG-test-Surefire test-1] TRACE - Resolving type for handle ctexternalreference945ftype
00:16:44.546 [TestNG-test-Surefire test-1] TRACE - Resolving type for handle ctdefinednamesce48type
00:16:44.549 [TestNG-test-Surefire test-1] TRACE - Resolving type for handle ctdefinedname9413type
00:16:44.554 [TestNG-test-Surefire test-1] TRACE - Resolving type for handle stxstringf179type
00:16:44.564 [TestNG-test-Surefire test-1] TRACE - Resolving type for handle stsheetstate158btype
00:16:44.596 [TestNG-test-Surefire test-1] TRACE - Resolving type for handle stcelltypebf95type
00:16:44.609 [TestNG-test-Surefire test-1] TRACE - Resolving type for handle ctsheetprotection22f7type
00:16:44.685 [TestNG-test-Surefire test-1] TRACE - Resolving type for handle stnumfmtid76fbtype
00:16:44.688 [TestNG-test-Surefire test-1] TRACE - Resolving type for handle stfontid9d63type
00:16:44.691 [TestNG-test-Surefire test-1] TRACE - Resolving type for handle stfillida097type
00:16:44.695 [TestNG-test-Surefire test-1] TRACE - Resolving type for handle stborderid1a80type
00:16:44.699 [TestNG-test-Surefire test-1] TRACE - Resolving type for handle stcellstylexfid70c7type
00:16:44.710 [TestNG-test-Surefire test-1] TRACE - Resolving type for handle ctcellalignmentb580type
00:16:44.717 [TestNG-test-Surefire test-1] TRACE - Resolving type for handle stverticalalignmentd35ctype
00:16:44.721 [TestNG-test-Surefire test-1] TRACE - Resolving type for handle ctborderpre497type
00:16:44.726 [TestNG-test-Surefire test-1] TRACE - Resolving type for handle stborderstylec774type
00:16:44.733 [TestNG-test-Surefire test-1] TRACE - Resolving type for handle ctcolord2c2type
00:16:44.745 [TestNG-test-Surefire test-1] TRACE - Resolving type for handle ctfontname2dc3type
00:16:44.751 [TestNG-test-Surefire test-1] TRACE - Resolving type for handle ctfontsizeb3b9type
00:16:44.756 [TestNG-test-Surefire test-1] TRACE - Resolving type for handle ctbooleanproperty1f3ctype
00:16:44.792 [TestNG-test-Surefire test-1] TRACE - Resolving type for handle stunsignedinthex27datype
00:16:44.805 [TestNG-test-Surefire test-1] TRACE - Resolving type for handle sthorizontalalignmentf92etype
00:16:44.824 [TestNG-test-Surefire test-1] TRACE - Resolving type for handle ctdrawing44fdtype
00:16:44.828 [TestNG-test-Surefire test-1] TRACE - Resolving type for handle ctchartc108type
00:16:44.833 [TestNG-test-Surefire test-1] TRACE - Resolving type for handle cttitleb54etype
00:16:44.850 [TestNG-test-Surefire test-1] TRACE - Resolving type for handle cttx9678type
00:16:44.855 [TestNG-test-Surefire test-1] TRACE - Resolving type for handle cttextbodya3catype
00:16:44.858 [TestNG-test-Surefire test-1] TRACE - Resolving type for handle cttextparagraphcaf2type
00:16:44.862 [TestNG-test-Surefire test-1] TRACE - Resolving type for handle ctregulartextrun7e3dtype
00:16:44.868 [TestNG-test-Surefire test-1] TRACE - Resolving type for handle ctplotarea106etype
00:16:44.879 [TestNG-test-Surefire test-1] TRACE - Resolving type for handle ctcatax7159type
00:16:44.888 [TestNG-test-Surefire test-1] TRACE - Resolving type for handle ctunsignedinte8ectype
00:16:44.891 [TestNG-test-Surefire test-1] TRACE - Resolving type for handle ctvalaxd06etype
00:16:44.897 [TestNG-test-Surefire test-1] TRACE - Resolving type for handle ctbarchart4151type
00:16:44.903 [TestNG-test-Surefire test-1] TRACE - Resolving type for handle ctbardir5f42type
00:16:44.909 [TestNG-test-Surefire test-1] TRACE - Resolving type for handle ctbarser960ftype
00:16:44.913 [TestNG-test-Surefire test-1] TRACE - Resolving type for handle ctaxdatasource1440type
00:16:44.917 [TestNG-test-Surefire test-1] TRACE - Resolving type for handle ctnumdatasourcef0bbtype
00:16:44.923 [TestNG-test-Surefire test-1] TRACE - Resolving type for handle ctstrref5d1atype
00:16:44.926 [TestNG-test-Surefire test-1] TRACE - Resolving type for handle ctstrdatad58btype
00:16:44.931 [TestNG-test-Surefire test-1] TRACE - Resolving type for handle ctnumref062ftype
00:16:44.934 [TestNG-test-Surefire test-1] TRACE - Resolving type for handle ctnumdata4f16type
00:16:44.975 [TestNG-test-Surefire test-1] TRACE - Resolving type for handle ctworkbookpr03a5type
00:16:44.983 [TestNG-test-Surefire test-1] TRACE - Resolving type for handle ctbookviewsb864type
00:16:44.987 [TestNG-test-Surefire test-1] TRACE - Resolving type for handle ctbookviewf677type
00:16:44.996 [TestNG-test-Surefire test-1] TRACE - Resolving type for handle propertiesee84doctype
00:16:44.998 [TestNG-test-Surefire test-1] TRACE - Resolving type for handle ctproperties3f10type
00:16:45.006 [TestNG-test-Surefire test-1] TRACE - Resolving type for handle properties288cdoctype
00:16:45.009 [TestNG-test-Surefire test-1] TRACE - Resolving type for handle ctproperties2c18type
00:16:45.021 [TestNG-test-Surefire test-1] TRACE - Resolving type for handle ctfontfamily685ctype
00:16:45.023 [TestNG-test-Surefire test-1] TRACE - Resolving type for handle stfontfamily9c6ctype
00:16:45.030 [TestNG-test-Surefire test-1] TRACE - Resolving type for handle ctfontschemebf5dtype
00:16:45.034 [TestNG-test-Surefire test-1] TRACE - Resolving type for handle stfontschemef36dtype
00:16:45.038 [TestNG-test-Surefire test-1] TRACE - Resolving type for handle ctpatternfill7452type
00:16:45.044 [TestNG-test-Surefire test-1] TRACE - Resolving type for handle stpatterntype7939type
00:16:45.050 [TestNG-test-Surefire test-1] TRACE - Resolving type for handle ctsheetformatprdef7type
00:16:45.054 [TestNG-test-Surefire test-1] TRACE - Resolving type for handle ctsheetviewsb918type
00:16:45.058 [TestNG-test-Surefire test-1] TRACE - Resolving type for handle ctsheetview0f43type
00:16:45.072 [TestNG-test-Surefire test-1] TRACE - Resolving type for handle ctsheetdimensiond310type
00:16:45.075 [TestNG-test-Surefire test-1] TRACE - Resolving type for handle stref90a2type
00:16:45.078 [TestNG-test-Surefire test-1] TRACE - Resolving type for handle ctpagemargins5455type
00:16:45.085 [TestNG-test-Surefire test-1] TRACE - Resolving type for handle ctstrval86cctype
00:16:45.089 [TestNG-test-Surefire test-1] TRACE - Resolving type for handle ctnumval2fe1type
00:16:45.095 [TestNG-test-Surefire test-1] TRACE - Resolving type for handle ctpaneaab1type
00:16:45.101 [TestNG-test-Surefire test-1] TRACE - Resolving type for handle stpane2ac1type
00:16:45.103 [TestNG-test-Surefire test-1] TRACE - Resolving type for handle stpanestateae58type
00:16:45.106 [TestNG-test-Surefire test-1] TRACE - Resolving type for handle ctselectionca2btype
00:16:45.117 [TestNG-test-Surefire test-1] TRACE - Resolving type for handle cttwocellanchor1e8dtype
00:16:45.122 [TestNG-test-Surefire test-1] TRACE - Resolving type for handle ctmarkeree8etype
00:16:45.125 [TestNG-test-Surefire test-1] TRACE - Resolving type for handle strowidf4cftype
00:16:45.143 [TestNG-test-Surefire test-1] TRACE - Resolving type for handle ctcalccellb960type
00:16:45.154 [TestNG-test-Surefire test-1] TRACE - Resolving type for handle ctmergecells1242type
00:16:45.157 [TestNG-test-Surefire test-1] TRACE - Resolving type for handle ctmergecelle8d9type
00:16:45.287 [TestNG-test-Surefire test-1] TRACE - Resolving type for handle ctworkbookprotection56bctype
00:16:45.328 [TestNG-test-Surefire test-1] TRACE - Resolving type for handle ctnumfmtsb58btype
00:16:45.383 [TestNG-test-Surefire test-1] DEBUG - Save content types part
00:16:45.481 [TestNG-test-Surefire test-1] DEBUG - Save package relationships
00:16:45.487 [TestNG-test-Surefire test-1] DEBUG - Save part 'docProps/app.xml'
00:16:45.488 [TestNG-test-Surefire test-1] DEBUG - Save part 'docProps/core.xml'
00:16:45.493 [TestNG-test-Surefire test-1] DEBUG - Save part 'xl/charts/chart1.xml'
00:16:45.496 [TestNG-test-Surefire test-1] DEBUG - Save part 'xl/charts/chart2.xml'
00:16:45.499 [TestNG-test-Surefire test-1] DEBUG - Save part 'xl/charts/chart3.xml'
00:16:45.502 [TestNG-test-Surefire test-1] DEBUG - Save part 'xl/charts/chart4.xml'
00:16:45.502 [TestNG-test-Surefire test-1] DEBUG - Save part 'xl/charts/chart5.xml'
00:16:45.506 [TestNG-test-Surefire test-1] DEBUG - Save part 'xl/charts/chart6.xml'
00:16:45.507 [TestNG-test-Surefire test-1] DEBUG - Save part 'xl/charts/chart7.xml'
00:16:45.508 [TestNG-test-Surefire test-1] DEBUG - Save part 'xl/charts/chart8.xml'
00:16:45.511 [TestNG-test-Surefire test-1] DEBUG - Save part 'xl/charts/chart9.xml'
00:16:45.511 [TestNG-test-Surefire test-1] DEBUG - Save part 'xl/charts/chart10.xml'
00:16:45.512 [TestNG-test-Surefire test-1] DEBUG - Save part 'xl/drawings/drawing1.xml'
00:16:45.514 [TestNG-test-Surefire test-1] DEBUG - Save part 'xl/drawings/drawing2.xml'
00:16:45.515 [TestNG-test-Surefire test-1] DEBUG - Save part 'xl/drawings/drawing3.xml'
00:16:45.516 [TestNG-test-Surefire test-1] DEBUG - Save part 'xl/drawings/drawing4.xml'
00:16:45.516 [TestNG-test-Surefire test-1] DEBUG - Save part 'xl/drawings/drawing5.xml'
00:16:45.519 [TestNG-test-Surefire test-1] DEBUG - Save part 'xl/drawings/drawing6.xml'
00:16:45.520 [TestNG-test-Surefire test-1] DEBUG - Save part 'xl/drawings/drawing7.xml'
00:16:45.523 [TestNG-test-Surefire test-1] DEBUG - Save part 'xl/drawings/drawing8.xml'
00:16:45.525 [TestNG-test-Surefire test-1] DEBUG - Save part 'xl/drawings/drawing9.xml'
00:16:45.526 [TestNG-test-Surefire test-1] DEBUG - Save part 'xl/externalLinks/externalLink1.xml'
00:16:45.528 [TestNG-test-Surefire test-1] DEBUG - Save part 'xl/printerSettings/printerSettings1.bin'
00:16:45.529 [TestNG-test-Surefire test-1] DEBUG - Save part 'xl/printerSettings/printerSettings2.bin'
00:16:45.530 [TestNG-test-Surefire test-1] DEBUG - Save part 'xl/printerSettings/printerSettings3.bin'
00:16:45.530 [TestNG-test-Surefire test-1] DEBUG - Save part 'xl/printerSettings/printerSettings4.bin'
00:16:45.531 [TestNG-test-Surefire test-1] DEBUG - Save part 'xl/printerSettings/printerSettings7.bin'
00:16:45.531 [TestNG-test-Surefire test-1] DEBUG - Save part 'xl/sharedStrings.xml'
00:16:45.532 [TestNG-test-Surefire test-1] DEBUG - Save part 'xl/styles.xml'
00:16:45.533 [TestNG-test-Surefire test-1] DEBUG - Save part 'xl/theme/theme1.xml'
00:16:45.534 [TestNG-test-Surefire test-1] DEBUG - Save part 'xl/workbook.xml'
00:16:45.537 [TestNG-test-Surefire test-1] DEBUG - Save part 'xl/worksheets/sheet1.xml'
00:16:45.540 [TestNG-test-Surefire test-1] DEBUG - Save part 'xl/worksheets/sheet2.xml'
00:16:45.542 [TestNG-test-Surefire test-1] DEBUG - Save part 'xl/worksheets/sheet3.xml'
00:16:45.545 [TestNG-test-Surefire test-1] DEBUG - Save part 'xl/worksheets/sheet4.xml'
00:16:45.548 [TestNG-test-Surefire test-1] DEBUG - Save part 'xl/worksheets/sheet8.xml'
23:43:14.381 [main] TRACE - [Graph] ADDING NODE AbstractTestNGCucumberTests.setUpClass(org.testng.ITestContext)[pri:0, instance:null] -393284817
23:43:14.387 [main] TRACE - [Graph] ================ SORTING
23:43:14.392 [main] TRACE - [Graph] =============== DONE SORTING
23:43:14.392 [main] TRACE - [Graph] ====== SORTED NODES
23:43:14.392 [main] TRACE - [Graph] ====== END SORTED NODES
23:43:14.394 [main] TRACE - [Graph] ADDING NODE AbstractTestNGCucumberTests.tearDownClass()[pri:0, instance:null] 1523153566
23:43:14.394 [main] TRACE - [Graph] ================ SORTING
23:43:14.394 [main] TRACE - [Graph] =============== DONE SORTING
23:43:14.394 [main] TRACE - [Graph] ====== SORTED NODES
23:43:14.394 [main] TRACE - [Graph] ====== END SORTED NODES
23:43:14.407 [main] TRACE - [Graph] ADDING NODE AbstractTestNGCucumberTests.runScenario(io.cucumber.testng.PickleWrapper,io.cucumber.testng.FeatureWrapper)[pri:0, instance:testRunners.ParallelRunner@7ae42ce3] 911414708
23:43:14.408 [main] TRACE - [Graph] ================ SORTING
23:43:14.408 [main] TRACE - [Graph] =============== DONE SORTING
23:43:14.408 [main] TRACE - [Graph] ====== SORTED NODES
23:43:14.408 [main] TRACE - [Graph] ====== END SORTED NODES
23:43:24.522 [TestNG-PoolService-1] INFO  - WebDriver initialized successfully for browser: chrome
23:43:24.890 [TestNG-PoolService-4] INFO  - WebDriver initialized successfully for browser: chrome
23:43:25.416 [TestNG-PoolService-2] INFO  - WebDriver initialized successfully for browser: chrome
23:43:25.960 [TestNG-PoolService-1] INFO  - Navigated to application URL: https://naveenautomationlabs.com/opencart/
23:43:26.007 [TestNG-PoolService-2] INFO  - Navigated to application URL: https://naveenautomationlabs.com/opencart/
23:43:26.594 [TestNG-PoolService-3] INFO  - WebDriver initialized successfully for browser: chrome
23:43:27.847 [TestNG-PoolService-5] INFO  - WebDriver initialized successfully for browser: chrome
23:43:28.290 [TestNG-PoolService-4] INFO  - Navigated to application URL: https://naveenautomationlabs.com/opencart/
23:43:28.468 [TestNG-PoolService-1] INFO  - Clicked on 'My Account' link.
23:43:28.664 [TestNG-PoolService-2] INFO  - Clicked on 'My Account' link.
23:43:28.836 [TestNG-PoolService-4] INFO  - Clicked on 'My Account' link.
23:43:28.975 [TestNG-PoolService-3] INFO  - Navigated to application URL: https://naveenautomationlabs.com/opencart/
23:43:29.092 [TestNG-PoolService-1] INFO  - Navigated to Login Page.
23:43:29.236 [TestNG-PoolService-3] INFO  - Clicked on 'My Account' link.
23:43:29.282 [TestNG-PoolService-2] INFO  - Navigated to Login Page.
23:43:29.371 [TestNG-PoolService-4] INFO  - Navigated to Login Page.
23:43:29.485 [TestNG-PoolService-2] DEBUG - Parsing relationship: /xl/_rels/workbook.xml.rels
23:43:29.485 [TestNG-PoolService-1] DEBUG - Parsing relationship: /xl/_rels/workbook.xml.rels
23:43:29.489 [TestNG-PoolService-4] DEBUG - Parsing relationship: /xl/_rels/workbook.xml.rels
23:43:29.492 [TestNG-PoolService-1] DEBUG - Parsing relationship: /xl/worksheets/_rels/sheet1.xml.rels
23:43:29.492 [TestNG-PoolService-2] DEBUG - Parsing relationship: /xl/worksheets/_rels/sheet1.xml.rels
23:43:29.492 [TestNG-PoolService-4] DEBUG - Parsing relationship: /xl/worksheets/_rels/sheet1.xml.rels
23:43:29.494 [TestNG-PoolService-5] INFO  - Navigated to application URL: https://naveenautomationlabs.com/opencart/
23:43:29.495 [TestNG-PoolService-2] DEBUG - Parsing relationship: /_rels/.rels
23:43:29.495 [TestNG-PoolService-1] DEBUG - Parsing relationship: /_rels/.rels
23:43:29.495 [TestNG-PoolService-4] DEBUG - Parsing relationship: /_rels/.rels
23:43:29.697 [TestNG-PoolService-5] INFO  - Clicked on 'My Account' link.
23:43:29.762 [TestNG-PoolService-3] INFO  - Navigated to Login Page.
23:43:29.775 [TestNG-PoolService-3] DEBUG - Parsing relationship: /xl/_rels/workbook.xml.rels
23:43:29.777 [TestNG-PoolService-3] DEBUG - Parsing relationship: /xl/worksheets/_rels/sheet1.xml.rels
23:43:29.778 [TestNG-PoolService-3] DEBUG - Parsing relationship: /_rels/.rels
23:43:29.869 [TestNG-PoolService-4] TRACE - Loading type system org.apache.poi.schemas.ooxml.system.ooxml
23:43:29.874 [TestNG-PoolService-4] TRACE - Loading type system org.apache.xmlbeans.metadata.system.sXMLCONFIG
23:43:29.876 [TestNG-PoolService-4] TRACE - Loading type system org.apache.xmlbeans.metadata.system.sXMLLANG
23:43:29.877 [TestNG-PoolService-4] TRACE - Loading type system org.apache.xmlbeans.metadata.system.sXMLSCHEMA
23:43:29.878 [TestNG-PoolService-4] TRACE - Loading type system org.apache.xmlbeans.metadata.system.sXMLTOOLS
23:43:29.880 [TestNG-PoolService-4] TRACE - Reading unresolved handles for type system org.apache.xmlbeans.metadata.system.sXMLTOOLS
23:43:29.897 [TestNG-PoolService-4] TRACE - Finished loading type system org.apache.xmlbeans.metadata.system.sXMLTOOLS
23:43:29.899 [TestNG-PoolService-4] TRACE - Reading unresolved handles for type system org.apache.xmlbeans.metadata.system.sXMLSCHEMA
23:43:29.902 [TestNG-PoolService-4] TRACE - Finished loading type system org.apache.xmlbeans.metadata.system.sXMLSCHEMA
23:43:29.905 [TestNG-PoolService-4] TRACE - Reading unresolved handles for type system org.apache.xmlbeans.metadata.system.sXMLLANG
23:43:29.907 [TestNG-PoolService-4] TRACE - Finished loading type system org.apache.xmlbeans.metadata.system.sXMLLANG
23:43:29.908 [TestNG-PoolService-4] TRACE - Reading unresolved handles for type system org.apache.xmlbeans.metadata.system.sXMLCONFIG
23:43:29.909 [TestNG-PoolService-4] TRACE - Finished loading type system org.apache.xmlbeans.metadata.system.sXMLCONFIG
23:43:29.911 [TestNG-PoolService-4] TRACE - Reading unresolved handles for type system org.apache.poi.schemas.ooxml.system.ooxml
23:43:29.960 [TestNG-PoolService-4] TRACE - Finished loading type system org.apache.poi.schemas.ooxml.system.ooxml
23:43:29.961 [TestNG-PoolService-4] TRACE - Resolving type for handle themefd26doctype
23:43:30.060 [TestNG-PoolService-2] TRACE - Resolving type for handle stylesheet5d8bdoctype
23:43:30.068 [TestNG-PoolService-3] TRACE - Resolving type for handle ctstylesheet4257type
23:43:30.077 [TestNG-PoolService-3] TRACE - Resolving type for handle ctfonts6623type
23:43:30.083 [TestNG-PoolService-3] TRACE - Resolving type for handle ctfont14d8type
23:43:30.091 [TestNG-PoolService-4] TRACE - Resolving type for handle ctfills2c6ftype
23:43:30.095 [TestNG-PoolService-2] TRACE - Resolving type for handle ctfill550ctype
23:43:30.098 [TestNG-PoolService-3] TRACE - Resolving type for handle ctborders0d66type
23:43:30.103 [TestNG-PoolService-2] TRACE - Resolving type for handle ctborderf935type
23:43:30.108 [TestNG-PoolService-2] TRACE - Resolving type for handle ctcellxfs1322type
23:43:30.114 [TestNG-PoolService-2] TRACE - Resolving type for handle ctxf97f7type
23:43:30.117 [TestNG-PoolService-1] TRACE - Resolving type for handle ctcellstylexfsa81ftype
23:43:30.121 [TestNG-PoolService-2] TRACE - Resolving type for handle ctdxfsb26atype
23:43:30.125 [TestNG-PoolService-2] TRACE - Resolving type for handle cttablestyles872ftype
23:43:30.130 [TestNG-PoolService-2] TRACE - Resolving type for handle sstf81fdoctype
23:43:30.135 [TestNG-PoolService-3] TRACE - Resolving type for handle ctsst44f3type
23:43:30.155 [TestNG-PoolService-3] TRACE - Resolving type for handle ctrsta472type
23:43:30.183 [TestNG-PoolService-1] DEBUG - using default POIXMLDocumentPart for http://schemas.openxmlformats.org/officeDocument/2006/relationships/printerSettings
23:43:30.183 [TestNG-PoolService-4] DEBUG - using default POIXMLDocumentPart for http://schemas.openxmlformats.org/officeDocument/2006/relationships/printerSettings
23:43:30.183 [TestNG-PoolService-3] DEBUG - using default POIXMLDocumentPart for http://schemas.openxmlformats.org/officeDocument/2006/relationships/printerSettings
23:43:30.183 [TestNG-PoolService-2] DEBUG - using default POIXMLDocumentPart for http://schemas.openxmlformats.org/officeDocument/2006/relationships/printerSettings
23:43:30.185 [TestNG-PoolService-4] TRACE - Resolving type for handle workbookec17doctype
23:43:30.191 [TestNG-PoolService-3] TRACE - Resolving type for handle ctworkbook83c3type
23:43:30.215 [TestNG-PoolService-3] TRACE - Resolving type for handle ctsheets49fdtype
23:43:30.221 [TestNG-PoolService-4] TRACE - Resolving type for handle ctsheet4dbetype
23:43:30.226 [TestNG-PoolService-3] TRACE - Resolving type for handle strelationshipid1e94type
23:43:30.231 [TestNG-PoolService-1] TRACE - Resolving type for handle worksheetf539doctype
23:43:30.240 [TestNG-PoolService-3] TRACE - Resolving type for handle ctworksheet530dtype
23:43:30.253 [TestNG-PoolService-4] TRACE - Resolving type for handle ctcols627ctype
23:43:30.261 [TestNG-PoolService-5] INFO  - Navigated to Login Page.
23:43:30.265 [TestNG-PoolService-3] TRACE - Resolving type for handle ctcola95ftype
23:43:30.273 [TestNG-PoolService-5] DEBUG - Parsing relationship: /xl/_rels/workbook.xml.rels
23:43:30.274 [TestNG-PoolService-5] DEBUG - Parsing relationship: /xl/worksheets/_rels/sheet1.xml.rels
23:43:30.276 [TestNG-PoolService-5] DEBUG - Parsing relationship: /_rels/.rels
23:43:30.288 [TestNG-PoolService-5] DEBUG - using default POIXMLDocumentPart for http://schemas.openxmlformats.org/officeDocument/2006/relationships/printerSettings
23:43:30.290 [TestNG-PoolService-2] TRACE - Resolving type for handle ctsheetdata8408type
23:43:30.297 [TestNG-PoolService-4] TRACE - Resolving type for handle ctrowdd39type
23:43:30.308 [TestNG-PoolService-1] TRACE - Resolving type for handle ctcell842btype
23:43:30.320 [TestNG-PoolService-1] TRACE - Resolving type for handle stcellrefe4e0type
23:43:30.328 [TestNG-PoolService-5] TRACE - Resolving type for handle cthyperlinks6416type
23:43:30.333 [TestNG-PoolService-2] TRACE - Resolving type for handle cthyperlink0c85type
23:43:30.344 [TestNG-PoolService-1] TRACE - Resolving type for handle stxstringf179type
23:43:30.349 [TestNG-PoolService-1] TRACE - Resolving type for handle stcelltypebf95type
23:43:31.291 [TestNG-PoolService-2] INFO  - Login credentials entered from Excel data.
23:43:31.309 [TestNG-PoolService-4] INFO  - Login credentials entered from Excel data.
23:43:31.364 [TestNG-PoolService-5] INFO  - Login credentials entered from Excel data.
23:43:31.377 [TestNG-PoolService-3] INFO  - Login credentials entered from Excel data.
23:43:31.639 [TestNG-PoolService-1] INFO  - Login credentials entered from Excel data.
23:43:31.743 [TestNG-PoolService-1] INFO  - Login successful with valid credentials.
23:43:51.472 [TestNG-PoolService-2] INFO  - Login failed with invalid credentials.
23:43:51.555 [TestNG-PoolService-3] INFO  - Login failed with invalid credentials.
23:43:51.565 [TestNG-PoolService-4] INFO  - Login failed with invalid credentials.
23:43:51.575 [TestNG-PoolService-5] INFO  - Login failed with invalid credentials.
23:43:53.292 [TestNG-test-Surefire test-1] DEBUG - Parsing relationship: /xl/charts/_rels/chart1.xml.rels
23:43:53.294 [TestNG-test-Surefire test-1] DEBUG - Parsing relationship: /xl/charts/_rels/chart2.xml.rels
23:43:53.295 [TestNG-test-Surefire test-1] DEBUG - Parsing relationship: /xl/charts/_rels/chart3.xml.rels
23:43:53.296 [TestNG-test-Surefire test-1] DEBUG - Parsing relationship: /xl/charts/_rels/chart5.xml.rels
23:43:53.298 [TestNG-test-Surefire test-1] DEBUG - Parsing relationship: /xl/charts/_rels/chart8.xml.rels
23:43:53.299 [TestNG-test-Surefire test-1] DEBUG - Parsing relationship: /xl/drawings/_rels/drawing1.xml.rels
23:43:53.302 [TestNG-test-Surefire test-1] DEBUG - Parsing relationship: /xl/drawings/_rels/drawing5.xml.rels
23:43:53.303 [TestNG-test-Surefire test-1] DEBUG - Parsing relationship: /xl/drawings/_rels/drawing7.xml.rels
23:43:53.305 [TestNG-test-Surefire test-1] DEBUG - Parsing relationship: /xl/drawings/_rels/drawing8.xml.rels
23:43:53.307 [TestNG-test-Surefire test-1] DEBUG - Parsing relationship: /xl/drawings/_rels/drawing10.xml.rels
23:43:53.309 [TestNG-test-Surefire test-1] DEBUG - Parsing relationship: /xl/drawings/_rels/drawing11.xml.rels
23:43:53.310 [TestNG-test-Surefire test-1] DEBUG - Parsing relationship: /xl/externalLinks/_rels/externalLink1.xml.rels
23:43:53.312 [TestNG-test-Surefire test-1] DEBUG - Parsing relationship: /xl/_rels/workbook.xml.rels
23:43:53.314 [TestNG-test-Surefire test-1] DEBUG - Parsing relationship: /xl/worksheets/_rels/sheet1.xml.rels
23:43:53.315 [TestNG-test-Surefire test-1] DEBUG - Parsing relationship: /xl/worksheets/_rels/sheet2.xml.rels
23:43:53.316 [TestNG-test-Surefire test-1] DEBUG - Parsing relationship: /xl/worksheets/_rels/sheet3.xml.rels
23:43:53.318 [TestNG-test-Surefire test-1] DEBUG - Parsing relationship: /xl/worksheets/_rels/sheet4.xml.rels
23:43:53.319 [TestNG-test-Surefire test-1] DEBUG - Parsing relationship: /xl/worksheets/_rels/sheet6.xml.rels
23:43:53.320 [TestNG-test-Surefire test-1] DEBUG - Parsing relationship: /xl/worksheets/_rels/sheet7.xml.rels
23:43:53.322 [TestNG-test-Surefire test-1] DEBUG - Parsing relationship: /xl/worksheets/_rels/sheet8.xml.rels
23:43:53.324 [TestNG-test-Surefire test-1] DEBUG - Parsing relationship: /_rels/.rels
23:43:53.335 [TestNG-test-Surefire test-1] TRACE - Resolving type for handle ctcolors6579type
23:43:53.353 [TestNG-test-Surefire test-1] TRACE - Resolving type for handle calcchainfc37doctype
23:43:53.360 [TestNG-test-Surefire test-1] TRACE - Resolving type for handle ctcalcchain5a0btype
23:43:53.367 [TestNG-test-Surefire test-1] TRACE - Resolving type for handle externallinkb4c2doctype
23:43:53.372 [TestNG-test-Surefire test-1] TRACE - Resolving type for handle ctexternallink966etype
23:43:53.376 [TestNG-test-Surefire test-1] DEBUG - using default POIXMLDocumentPart for http://schemas.openxmlformats.org/officeDocument/2006/relationships/printerSettings
23:43:53.378 [TestNG-test-Surefire test-1] TRACE - Resolving type for handle ctdrawing2748type
23:43:53.390 [TestNG-test-Surefire test-1] TRACE - Resolving type for handle chartspace36e0doctype
23:43:53.396 [TestNG-test-Surefire test-1] TRACE - Resolving type for handle ctchartspacef9b4type
23:43:53.406 [TestNG-test-Surefire test-1] DEBUG - using default POIXMLDocumentPart for http://schemas.openxmlformats.org/officeDocument/2006/relationships/chartUserShapes
23:43:53.406 [TestNG-test-Surefire test-1] DEBUG - using default POIXMLDocumentPart for http://schemas.openxmlformats.org/officeDocument/2006/relationships/chartUserShapes
23:43:53.407 [TestNG-test-Surefire test-1] DEBUG - using default POIXMLDocumentPart for http://schemas.openxmlformats.org/officeDocument/2006/relationships/chartUserShapes
23:43:53.407 [TestNG-test-Surefire test-1] DEBUG - using default POIXMLDocumentPart for http://schemas.openxmlformats.org/officeDocument/2006/relationships/printerSettings
23:43:53.420 [TestNG-test-Surefire test-1] DEBUG - using default POIXMLDocumentPart for http://schemas.openxmlformats.org/officeDocument/2006/relationships/chartUserShapes
23:43:53.420 [TestNG-test-Surefire test-1] DEBUG - using default POIXMLDocumentPart for http://schemas.openxmlformats.org/officeDocument/2006/relationships/printerSettings
23:43:53.427 [TestNG-test-Surefire test-1] DEBUG - using default POIXMLDocumentPart for http://schemas.openxmlformats.org/officeDocument/2006/relationships/printerSettings
23:43:53.441 [TestNG-test-Surefire test-1] DEBUG - using default POIXMLDocumentPart for http://schemas.openxmlformats.org/officeDocument/2006/relationships/chartUserShapes
23:43:53.442 [TestNG-test-Surefire test-1] DEBUG - using default POIXMLDocumentPart for http://schemas.openxmlformats.org/officeDocument/2006/relationships/printerSettings
23:43:53.449 [TestNG-test-Surefire test-1] DEBUG - using default POIXMLDocumentPart for http://schemas.openxmlformats.org/officeDocument/2006/relationships/printerSettings
23:43:53.456 [TestNG-test-Surefire test-1] DEBUG - using default POIXMLDocumentPart for http://schemas.openxmlformats.org/officeDocument/2006/relationships/printerSettings
23:43:53.510 [TestNG-test-Surefire test-1] TRACE - Resolving type for handle ctcellformula3583type
23:43:53.519 [TestNG-test-Surefire test-1] TRACE - Resolving type for handle stcellformulatypee2cdtype
23:43:53.523 [TestNG-test-Surefire test-1] TRACE - Resolving type for handle ctexternalreferencesd77ctype
23:43:53.528 [TestNG-test-Surefire test-1] TRACE - Resolving type for handle ctexternalreference945ftype
23:43:53.532 [TestNG-test-Surefire test-1] TRACE - Resolving type for handle ctdefinednamesce48type
23:43:53.538 [TestNG-test-Surefire test-1] TRACE - Resolving type for handle ctdefinedname9413type
23:43:53.555 [TestNG-test-Surefire test-1] TRACE - Resolving type for handle stsheetstate158btype
23:43:53.584 [TestNG-test-Surefire test-1] TRACE - Resolving type for handle ctsheetprotection22f7type
23:43:53.639 [TestNG-test-Surefire test-1] TRACE - Resolving type for handle stnumfmtid76fbtype
23:43:53.642 [TestNG-test-Surefire test-1] TRACE - Resolving type for handle stfontid9d63type
23:43:53.644 [TestNG-test-Surefire test-1] TRACE - Resolving type for handle stfillida097type
23:43:53.647 [TestNG-test-Surefire test-1] TRACE - Resolving type for handle stborderid1a80type
23:43:53.650 [TestNG-test-Surefire test-1] TRACE - Resolving type for handle stcellstylexfid70c7type
23:43:53.657 [TestNG-test-Surefire test-1] TRACE - Resolving type for handle ctcellalignmentb580type
23:43:53.662 [TestNG-test-Surefire test-1] TRACE - Resolving type for handle stverticalalignmentd35ctype
23:43:53.666 [TestNG-test-Surefire test-1] TRACE - Resolving type for handle ctborderpre497type
23:43:53.671 [TestNG-test-Surefire test-1] TRACE - Resolving type for handle stborderstylec774type
23:43:53.675 [TestNG-test-Surefire test-1] TRACE - Resolving type for handle ctcolord2c2type
23:43:53.692 [TestNG-test-Surefire test-1] TRACE - Resolving type for handle ctfontname2dc3type
23:43:53.696 [TestNG-test-Surefire test-1] TRACE - Resolving type for handle ctfontsizeb3b9type
23:43:53.699 [TestNG-test-Surefire test-1] TRACE - Resolving type for handle ctbooleanproperty1f3ctype
