23:40:35.545 [TestNG-test-Surefire test-1] TRACE - Resolving type for handle cttextbodya3catype
23:40:35.560 [TestNG-test-Surefire test-1] TRACE - Resolving type for handle cttextparagraphcaf2type
23:40:35.563 [TestNG-test-Surefire test-1] TRACE - Resolving type for handle ctregulartextrun7e3dtype
23:40:35.566 [TestNG-test-Surefire test-1] TRACE - Resolving type for handle ctplotarea106etype
23:40:35.572 [TestNG-test-Surefire test-1] TRACE - Resolving type for handle ctcatax7159type
23:40:35.576 [TestNG-test-Surefire test-1] TRACE - Resolving type for handle ctunsignedinte8ectype
23:40:35.578 [TestNG-test-Surefire test-1] TRACE - Resolving type for handle ctvalaxd06etype
23:40:35.583 [TestNG-test-Surefire test-1] TRACE - Resolving type for handle ctbarchart4151type
23:40:35.588 [TestNG-test-Surefire test-1] TRACE - Resolving type for handle ctbardir5f42type
23:40:35.592 [TestNG-test-Surefire test-1] TRACE - Resolving type for handle ctbarser960ftype
23:40:35.595 [TestNG-test-Surefire test-1] TRACE - Resolving type for handle ctaxdatasource1440type
23:40:35.599 [TestNG-test-Surefire test-1] TRACE - Resolving type for handle ctnumdatasourcef0bbtype
23:40:35.603 [TestNG-test-Surefire test-1] TRACE - Resolving type for handle ctstrref5d1atype
23:40:35.606 [TestNG-test-Surefire test-1] TRACE - Resolving type for handle ctstrdatad58btype
23:40:35.609 [TestNG-test-Surefire test-1] TRACE - Resolving type for handle ctnumref062ftype
23:40:35.612 [TestNG-test-Surefire test-1] TRACE - Resolving type for handle ctnumdata4f16type
23:40:35.636 [TestNG-test-Surefire test-1] TRACE - Resolving type for handle ctworkbookpr03a5type
23:40:35.641 [TestNG-test-Surefire test-1] TRACE - Resolving type for handle ctbookviewsb864type
23:40:35.643 [TestNG-test-Surefire test-1] TRACE - Resolving type for handle ctbookviewf677type
23:40:35.649 [TestNG-test-Surefire test-1] TRACE - Resolving type for handle propertiesee84doctype
23:40:35.651 [TestNG-test-Surefire test-1] TRACE - Resolving type for handle ctproperties3f10type
23:40:35.656 [TestNG-test-Surefire test-1] TRACE - Resolving type for handle properties288cdoctype
23:40:35.657 [TestNG-test-Surefire test-1] TRACE - Resolving type for handle ctproperties2c18type
23:40:35.663 [TestNG-test-Surefire test-1] TRACE - Resolving type for handle ctfontsizeb3b9type
23:40:35.665 [TestNG-test-Surefire test-1] TRACE - Resolving type for handle ctfontname2dc3type
23:40:35.668 [TestNG-test-Surefire test-1] TRACE - Resolving type for handle ctfontfamily685ctype
23:40:35.670 [TestNG-test-Surefire test-1] TRACE - Resolving type for handle stfontfamily9c6ctype
23:40:35.672 [TestNG-test-Surefire test-1] TRACE - Resolving type for handle ctfontschemebf5dtype
23:40:35.674 [TestNG-test-Surefire test-1] TRACE - Resolving type for handle stfontschemef36dtype
23:40:35.676 [TestNG-test-Surefire test-1] TRACE - Resolving type for handle ctpatternfill7452type
23:40:35.680 [TestNG-test-Surefire test-1] TRACE - Resolving type for handle stpatterntype7939type
23:40:35.683 [TestNG-test-Surefire test-1] TRACE - Resolving type for handle ctsheetformatprdef7type
23:40:35.685 [TestNG-test-Surefire test-1] TRACE - Resolving type for handle ctsheetviewsb918type
23:40:35.688 [TestNG-test-Surefire test-1] TRACE - Resolving type for handle ctsheetview0f43type
23:40:35.692 [TestNG-test-Surefire test-1] TRACE - Resolving type for handle ctsheetdimensiond310type
23:40:35.695 [TestNG-test-Surefire test-1] TRACE - Resolving type for handle ctpagemargins5455type
23:40:35.699 [TestNG-test-Surefire test-1] TRACE - Resolving type for handle ctstrval86cctype
23:40:35.702 [TestNG-test-Surefire test-1] TRACE - Resolving type for handle ctnumval2fe1type
23:40:35.710 [TestNG-test-Surefire test-1] TRACE - Resolving type for handle ctbooleanproperty1f3ctype
23:40:35.731 [TestNG-test-Surefire test-1] TRACE - Resolving type for handle stunsignedinthex27datype
23:40:35.760 [TestNG-test-Surefire test-1] TRACE - Resolving type for handle ctsheetprotection22f7type
23:40:35.785 [TestNG-test-Surefire test-1] TRACE - Resolving type for handle ctpaneaab1type
23:40:35.790 [TestNG-test-Surefire test-1] TRACE - Resolving type for handle stpane2ac1type
23:40:35.792 [TestNG-test-Surefire test-1] TRACE - Resolving type for handle stpanestateae58type
23:40:35.795 [TestNG-test-Surefire test-1] TRACE - Resolving type for handle ctselectionca2btype
23:40:35.845 [TestNG-test-Surefire test-1] TRACE - Resolving type for handle ctworkbookprotection56bctype
23:40:35.885 [TestNG-test-Surefire test-1] TRACE - Resolving type for handle ctnumfmtsb58btype
23:40:35.928 [TestNG-test-Surefire test-1] DEBUG - Save content types part
23:40:36.011 [TestNG-test-Surefire test-1] DEBUG - Save package relationships
23:40:36.017 [TestNG-test-Surefire test-1] DEBUG - Save part 'docProps/app.xml'
23:40:36.018 [TestNG-test-Surefire test-1] DEBUG - Save part 'docProps/core.xml'
23:40:36.022 [TestNG-test-Surefire test-1] DEBUG - Save part 'xl/charts/chart1.xml'
23:40:36.022 [TestNG-test-Surefire test-1] DEBUG - Save part 'xl/charts/chart2.xml'
23:40:36.023 [TestNG-test-Surefire test-1] DEBUG - Save part 'xl/charts/chart3.xml'
23:40:36.024 [TestNG-test-Surefire test-1] DEBUG - Save part 'xl/charts/chart4.xml'
23:40:36.026 [TestNG-test-Surefire test-1] DEBUG - Save part 'xl/charts/chart5.xml'
23:40:36.028 [TestNG-test-Surefire test-1] DEBUG - Save part 'xl/charts/chart6.xml'
23:40:36.030 [TestNG-test-Surefire test-1] DEBUG - Save part 'xl/charts/chart7.xml'
23:40:36.031 [TestNG-test-Surefire test-1] DEBUG - Save part 'xl/charts/chart8.xml'
23:40:36.034 [TestNG-test-Surefire test-1] DEBUG - Save part 'xl/charts/chart9.xml'
23:40:36.035 [TestNG-test-Surefire test-1] DEBUG - Save part 'xl/charts/chart10.xml'
23:40:36.035 [TestNG-test-Surefire test-1] DEBUG - Save part 'xl/charts/chart11.xml'
23:40:36.038 [TestNG-test-Surefire test-1] DEBUG - Save part 'xl/charts/chart12.xml'
23:40:36.039 [TestNG-test-Surefire test-1] DEBUG - Save part 'xl/charts/chart13.xml'
23:40:36.041 [TestNG-test-Surefire test-1] DEBUG - Save part 'xl/drawings/drawing1.xml'
23:40:36.044 [TestNG-test-Surefire test-1] DEBUG - Save part 'xl/drawings/drawing2.xml'
23:40:36.045 [TestNG-test-Surefire test-1] DEBUG - Save part 'xl/drawings/drawing3.xml'
23:40:36.045 [TestNG-test-Surefire test-1] DEBUG - Save part 'xl/drawings/drawing4.xml'
23:40:36.046 [TestNG-test-Surefire test-1] DEBUG - Save part 'xl/drawings/drawing5.xml'
23:40:36.048 [TestNG-test-Surefire test-1] DEBUG - Save part 'xl/drawings/drawing6.xml'
23:40:36.049 [TestNG-test-Surefire test-1] DEBUG - Save part 'xl/drawings/drawing7.xml'
23:40:36.051 [TestNG-test-Surefire test-1] DEBUG - Save part 'xl/drawings/drawing8.xml'
23:40:36.053 [TestNG-test-Surefire test-1] DEBUG - Save part 'xl/drawings/drawing9.xml'
23:40:36.053 [TestNG-test-Surefire test-1] DEBUG - Save part 'xl/printerSettings/printerSettings1.bin'
23:40:36.054 [TestNG-test-Surefire test-1] DEBUG - Save part 'xl/printerSettings/printerSettings2.bin'
23:40:36.055 [TestNG-test-Surefire test-1] DEBUG - Save part 'xl/printerSettings/printerSettings3.bin'
23:40:36.056 [TestNG-test-Surefire test-1] DEBUG - Save part 'xl/printerSettings/printerSettings4.bin'
23:40:36.056 [TestNG-test-Surefire test-1] DEBUG - Save part 'xl/printerSettings/printerSettings5.bin'
23:40:36.057 [TestNG-test-Surefire test-1] DEBUG - Save part 'xl/printerSettings/printerSettings8.bin'
23:40:36.057 [TestNG-test-Surefire test-1] DEBUG - Save part 'xl/sharedStrings.xml'
23:40:36.057 [TestNG-test-Surefire test-1] DEBUG - Save part 'xl/styles.xml'
23:40:36.058 [TestNG-test-Surefire test-1] DEBUG - Save part 'xl/theme/theme1.xml'
23:40:36.058 [TestNG-test-Surefire test-1] DEBUG - Save part 'xl/workbook.xml'
23:40:36.061 [TestNG-test-Surefire test-1] DEBUG - Save part 'xl/worksheets/sheet1.xml'
23:40:36.063 [TestNG-test-Surefire test-1] DEBUG - Save part 'xl/worksheets/sheet2.xml'
23:40:36.066 [TestNG-test-Surefire test-1] DEBUG - Save part 'xl/worksheets/sheet3.xml'
23:40:36.068 [TestNG-test-Surefire test-1] DEBUG - Save part 'xl/worksheets/sheet4.xml'
23:40:36.071 [TestNG-test-Surefire test-1] DEBUG - Save part 'xl/worksheets/sheet5.xml'
23:40:36.073 [TestNG-test-Surefire test-1] DEBUG - Save part 'xl/worksheets/sheet8.xml'
23:40:36.247 [main] TRACE - [Graph] ADDING NODE AbstractTestNGCucumberTests.runScenario(io.cucumber.testng.PickleWrapper,io.cucumber.testng.FeatureWrapper)[pri:0, instance:testRunners.ParallelRunner@7ae42ce3] 911414708
23:40:36.247 [main] TRACE - [Graph] ================ SORTING
23:40:36.247 [main] TRACE - [Graph] =============== DONE SORTING
23:40:36.247 [main] TRACE - [Graph] ====== SORTED NODES
23:40:36.248 [main] TRACE - [Graph] ====== END SORTED NODES
23:41:44.389 [main] TRACE - [Graph] ADDING NODE AbstractTestNGCucumberTests.setUpClass(org.testng.ITestContext)[pri:0, instance:null] -393284817
23:41:44.393 [main] TRACE - [Graph] ================ SORTING
23:41:44.397 [main] TRACE - [Graph] =============== DONE SORTING
23:41:44.397 [main] TRACE - [Graph] ====== SORTED NODES
23:41:44.397 [main] TRACE - [Graph] ====== END SORTED NODES
23:41:44.399 [main] TRACE - [Graph] ADDING NODE AbstractTestNGCucumberTests.tearDownClass()[pri:0, instance:null] 1523153566
23:41:44.399 [main] TRACE - [Graph] ================ SORTING
23:41:44.400 [main] TRACE - [Graph] =============== DONE SORTING
23:41:44.400 [main] TRACE - [Graph] ====== SORTED NODES
23:41:44.400 [main] TRACE - [Graph] ====== END SORTED NODES
23:41:44.412 [main] TRACE - [Graph] ADDING NODE AbstractTestNGCucumberTests.runScenario(io.cucumber.testng.PickleWrapper,io.cucumber.testng.FeatureWrapper)[pri:0, instance:testRunners.ParallelRunner@7ae42ce3] 911414708
23:41:44.413 [main] TRACE - [Graph] ================ SORTING
23:41:44.413 [main] TRACE - [Graph] =============== DONE SORTING
23:41:44.413 [main] TRACE - [Graph] ====== SORTED NODES
23:41:44.413 [main] TRACE - [Graph] ====== END SORTED NODES
23:41:50.678 [TestNG-PoolService-1] INFO  - WebDriver initialized successfully for browser: chrome
23:41:50.678 [TestNG-PoolService-2] INFO  - WebDriver initialized successfully for browser: chrome
23:41:53.057 [TestNG-PoolService-1] INFO  - Navigated to application URL: https://naveenautomationlabs.com/opencart/
23:41:53.114 [TestNG-PoolService-2] INFO  - Navigated to application URL: https://naveenautomationlabs.com/opencart/
23:42:03.219 [TestNG-PoolService-1] INFO  - Clicked on 'My Account' link.
23:42:13.250 [TestNG-PoolService-1] INFO  - Navigated to Login Page.
23:42:13.681 [TestNG-PoolService-2] INFO  - Navigated to Registration page.
23:42:16.967 [TestNG-test-Surefire test-1] DEBUG - Parsing relationship: /xl/charts/_rels/chart4.xml.rels
23:42:16.971 [TestNG-test-Surefire test-1] DEBUG - Parsing relationship: /xl/charts/_rels/chart5.xml.rels
23:42:16.973 [TestNG-test-Surefire test-1] DEBUG - Parsing relationship: /xl/charts/_rels/chart6.xml.rels
23:42:16.975 [TestNG-test-Surefire test-1] DEBUG - Parsing relationship: /xl/charts/_rels/chart8.xml.rels
23:42:16.977 [TestNG-test-Surefire test-1] DEBUG - Parsing relationship: /xl/charts/_rels/chart11.xml.rels
23:42:16.978 [TestNG-test-Surefire test-1] DEBUG - Parsing relationship: /xl/drawings/_rels/drawing1.xml.rels
23:42:16.980 [TestNG-test-Surefire test-1] DEBUG - Parsing relationship: /xl/drawings/_rels/drawing5.xml.rels
23:42:16.982 [TestNG-test-Surefire test-1] DEBUG - Parsing relationship: /xl/drawings/_rels/drawing7.xml.rels
23:42:16.983 [TestNG-test-Surefire test-1] DEBUG - Parsing relationship: /xl/drawings/_rels/drawing8.xml.rels
23:42:16.985 [TestNG-test-Surefire test-1] DEBUG - Parsing relationship: /xl/drawings/_rels/drawing10.xml.rels
23:42:16.987 [TestNG-test-Surefire test-1] DEBUG - Parsing relationship: /xl/drawings/_rels/drawing11.xml.rels
23:42:16.989 [TestNG-test-Surefire test-1] DEBUG - Parsing relationship: /xl/_rels/workbook.xml.rels
23:42:16.991 [TestNG-test-Surefire test-1] DEBUG - Parsing relationship: /xl/worksheets/_rels/sheet1.xml.rels
23:42:16.992 [TestNG-test-Surefire test-1] DEBUG - Parsing relationship: /xl/worksheets/_rels/sheet2.xml.rels
23:42:16.994 [TestNG-test-Surefire test-1] DEBUG - Parsing relationship: /xl/worksheets/_rels/sheet3.xml.rels
23:42:16.995 [TestNG-test-Surefire test-1] DEBUG - Parsing relationship: /xl/worksheets/_rels/sheet4.xml.rels
23:42:16.996 [TestNG-test-Surefire test-1] DEBUG - Parsing relationship: /xl/worksheets/_rels/sheet5.xml.rels
23:42:16.997 [TestNG-test-Surefire test-1] DEBUG - Parsing relationship: /xl/worksheets/_rels/sheet6.xml.rels
23:42:16.998 [TestNG-test-Surefire test-1] DEBUG - Parsing relationship: /xl/worksheets/_rels/sheet7.xml.rels
23:42:17.000 [TestNG-test-Surefire test-1] DEBUG - Parsing relationship: /xl/worksheets/_rels/sheet8.xml.rels
23:42:17.001 [TestNG-test-Surefire test-1] DEBUG - Parsing relationship: /_rels/.rels
23:42:17.329 [TestNG-test-Surefire test-1] TRACE - Loading type system org.apache.poi.schemas.ooxml.system.ooxml
23:42:17.338 [TestNG-test-Surefire test-1] TRACE - Loading type system org.apache.xmlbeans.metadata.system.sXMLCONFIG
23:42:17.340 [TestNG-test-Surefire test-1] TRACE - Loading type system org.apache.xmlbeans.metadata.system.sXMLLANG
23:42:17.346 [TestNG-test-Surefire test-1] TRACE - Loading type system org.apache.xmlbeans.metadata.system.sXMLSCHEMA
23:42:17.348 [TestNG-test-Surefire test-1] TRACE - Loading type system org.apache.xmlbeans.metadata.system.sXMLTOOLS
23:42:17.352 [TestNG-test-Surefire test-1] TRACE - Reading unresolved handles for type system org.apache.xmlbeans.metadata.system.sXMLTOOLS
23:42:17.378 [TestNG-test-Surefire test-1] TRACE - Finished loading type system org.apache.xmlbeans.metadata.system.sXMLTOOLS
23:42:17.382 [TestNG-test-Surefire test-1] TRACE - Reading unresolved handles for type system org.apache.xmlbeans.metadata.system.sXMLSCHEMA
23:42:17.392 [TestNG-test-Surefire test-1] TRACE - Finished loading type system org.apache.xmlbeans.metadata.system.sXMLSCHEMA
23:42:17.396 [TestNG-test-Surefire test-1] TRACE - Reading unresolved handles for type system org.apache.xmlbeans.metadata.system.sXMLLANG
23:42:17.398 [TestNG-test-Surefire test-1] TRACE - Finished loading type system org.apache.xmlbeans.metadata.system.sXMLLANG
23:42:17.401 [TestNG-test-Surefire test-1] TRACE - Reading unresolved handles for type system org.apache.xmlbeans.metadata.system.sXMLCONFIG
23:42:17.404 [TestNG-test-Surefire test-1] TRACE - Finished loading type system org.apache.xmlbeans.metadata.system.sXMLCONFIG
23:42:17.407 [TestNG-test-Surefire test-1] TRACE - Reading unresolved handles for type system org.apache.poi.schemas.ooxml.system.ooxml
23:42:17.495 [TestNG-test-Surefire test-1] TRACE - Finished loading type system org.apache.poi.schemas.ooxml.system.ooxml
23:42:17.496 [TestNG-test-Surefire test-1] TRACE - Resolving type for handle stylesheet5d8bdoctype
23:42:17.604 [TestNG-test-Surefire test-1] TRACE - Resolving type for handle ctstylesheet4257type
23:42:17.611 [TestNG-test-Surefire test-1] TRACE - Resolving type for handle ctcolors6579type
23:42:17.615 [TestNG-test-Surefire test-1] TRACE - Resolving type for handle ctfonts6623type
23:42:17.620 [TestNG-test-Surefire test-1] TRACE - Resolving type for handle ctfont14d8type
23:42:17.631 [TestNG-test-Surefire test-1] TRACE - Resolving type for handle ctfills2c6ftype
23:42:17.636 [TestNG-test-Surefire test-1] TRACE - Resolving type for handle ctfill550ctype
23:42:17.639 [TestNG-test-Surefire test-1] TRACE - Resolving type for handle ctborders0d66type
23:42:17.643 [TestNG-test-Surefire test-1] TRACE - Resolving type for handle ctborderf935type
23:42:17.647 [TestNG-test-Surefire test-1] TRACE - Resolving type for handle ctcellxfs1322type
23:42:17.652 [TestNG-test-Surefire test-1] TRACE - Resolving type for handle ctxf97f7type
23:42:17.657 [TestNG-test-Surefire test-1] TRACE - Resolving type for handle ctcellstylexfsa81ftype
23:42:17.661 [TestNG-test-Surefire test-1] TRACE - Resolving type for handle ctdxfsb26atype
23:42:17.665 [TestNG-test-Surefire test-1] TRACE - Resolving type for handle cttablestyles872ftype
23:42:17.671 [TestNG-test-Surefire test-1] TRACE - Resolving type for handle sstf81fdoctype
23:42:17.679 [TestNG-test-Surefire test-1] TRACE - Resolving type for handle ctsst44f3type
23:42:17.694 [TestNG-test-Surefire test-1] TRACE - Resolving type for handle ctrsta472type
23:42:17.738 [TestNG-test-Surefire test-1] TRACE - Resolving type for handle themefd26doctype
23:42:17.749 [TestNG-test-Surefire test-1] DEBUG - using default POIXMLDocumentPart for http://schemas.openxmlformats.org/officeDocument/2006/relationships/printerSettings
23:42:17.752 [TestNG-test-Surefire test-1] TRACE - Resolving type for handle ctdrawing2748type
23:42:17.775 [TestNG-test-Surefire test-1] TRACE - Resolving type for handle chartspace36e0doctype
23:42:17.785 [TestNG-test-Surefire test-1] TRACE - Resolving type for handle ctchartspacef9b4type
23:42:17.812 [TestNG-test-Surefire test-1] DEBUG - using default POIXMLDocumentPart for http://schemas.openxmlformats.org/officeDocument/2006/relationships/chartUserShapes
23:42:17.813 [TestNG-test-Surefire test-1] DEBUG - using default POIXMLDocumentPart for http://schemas.openxmlformats.org/officeDocument/2006/relationships/chartUserShapes
23:42:17.813 [TestNG-test-Surefire test-1] DEBUG - using default POIXMLDocumentPart for http://schemas.openxmlformats.org/officeDocument/2006/relationships/chartUserShapes
23:42:17.813 [TestNG-test-Surefire test-1] DEBUG - using default POIXMLDocumentPart for http://schemas.openxmlformats.org/officeDocument/2006/relationships/printerSettings
23:42:17.827 [TestNG-test-Surefire test-1] DEBUG - using default POIXMLDocumentPart for http://schemas.openxmlformats.org/officeDocument/2006/relationships/chartUserShapes
23:42:17.827 [TestNG-test-Surefire test-1] DEBUG - using default POIXMLDocumentPart for http://schemas.openxmlformats.org/officeDocument/2006/relationships/printerSettings
23:42:17.834 [TestNG-test-Surefire test-1] DEBUG - using default POIXMLDocumentPart for http://schemas.openxmlformats.org/officeDocument/2006/relationships/printerSettings
23:42:17.849 [TestNG-test-Surefire test-1] DEBUG - using default POIXMLDocumentPart for http://schemas.openxmlformats.org/officeDocument/2006/relationships/chartUserShapes
23:42:17.849 [TestNG-test-Surefire test-1] DEBUG - using default POIXMLDocumentPart for http://schemas.openxmlformats.org/officeDocument/2006/relationships/printerSettings
23:42:17.849 [TestNG-test-Surefire test-1] DEBUG - using default POIXMLDocumentPart for http://schemas.openxmlformats.org/officeDocument/2006/relationships/printerSettings
23:42:17.861 [TestNG-test-Surefire test-1] DEBUG - using default POIXMLDocumentPart for http://schemas.openxmlformats.org/officeDocument/2006/relationships/printerSettings
23:42:17.868 [TestNG-test-Surefire test-1] DEBUG - using default POIXMLDocumentPart for http://schemas.openxmlformats.org/officeDocument/2006/relationships/printerSettings
23:42:17.870 [TestNG-test-Surefire test-1] TRACE - Resolving type for handle workbookec17doctype
23:42:17.876 [TestNG-test-Surefire test-1] TRACE - Resolving type for handle ctworkbook83c3type
23:42:17.903 [TestNG-test-Surefire test-1] TRACE - Resolving type for handle ctsheets49fdtype
23:42:17.907 [TestNG-test-Surefire test-1] TRACE - Resolving type for handle ctsheet4dbetype
23:42:17.911 [TestNG-test-Surefire test-1] TRACE - Resolving type for handle strelationshipid1e94type
23:42:17.916 [TestNG-test-Surefire test-1] TRACE - Resolving type for handle worksheetf539doctype
23:42:17.922 [TestNG-test-Surefire test-1] TRACE - Resolving type for handle ctworksheet530dtype
23:42:17.936 [TestNG-test-Surefire test-1] TRACE - Resolving type for handle ctcols627ctype
23:42:17.943 [TestNG-test-Surefire test-1] TRACE - Resolving type for handle ctcola95ftype
23:42:17.966 [TestNG-test-Surefire test-1] TRACE - Resolving type for handle ctsheetdata8408type
23:42:17.971 [TestNG-test-Surefire test-1] TRACE - Resolving type for handle ctrowdd39type
23:42:17.979 [TestNG-test-Surefire test-1] TRACE - Resolving type for handle ctcell842btype
23:42:17.993 [TestNG-test-Surefire test-1] TRACE - Resolving type for handle stcellrefe4e0type
23:42:18.052 [TestNG-test-Surefire test-1] TRACE - Resolving type for handle ctdefinednamesce48type
23:42:18.058 [TestNG-test-Surefire test-1] TRACE - Resolving type for handle ctdefinedname9413type
23:42:18.064 [TestNG-test-Surefire test-1] TRACE - Resolving type for handle stxstringf179type
23:42:18.076 [TestNG-test-Surefire test-1] TRACE - Resolving type for handle stsheetstate158btype
23:42:18.105 [TestNG-test-Surefire test-1] TRACE - Resolving type for handle stcelltypebf95type
23:42:18.117 [TestNG-test-Surefire test-1] TRACE - Resolving type for handle ctdrawing44fdtype
23:42:18.127 [TestNG-test-Surefire test-1] TRACE - Resolving type for handle cttwocellanchor1e8dtype
23:42:18.136 [TestNG-test-Surefire test-1] TRACE - Resolving type for handle ctmarkeree8etype
23:42:18.142 [TestNG-test-Surefire test-1] TRACE - Resolving type for handle strowidf4cftype
23:42:18.180 [TestNG-test-Surefire test-1] TRACE - Resolving type for handle ctmergecells1242type
23:42:18.184 [TestNG-test-Surefire test-1] TRACE - Resolving type for handle ctmergecelle8d9type
23:42:18.188 [TestNG-test-Surefire test-1] TRACE - Resolving type for handle stref90a2type
23:42:18.265 [TestNG-test-Surefire test-1] TRACE - Resolving type for handle stnumfmtid76fbtype
23:42:18.268 [TestNG-test-Surefire test-1] TRACE - Resolving type for handle stfontid9d63type
23:42:18.271 [TestNG-test-Surefire test-1] TRACE - Resolving type for handle stfillida097type
23:42:18.274 [TestNG-test-Surefire test-1] TRACE - Resolving type for handle stborderid1a80type
23:42:18.276 [TestNG-test-Surefire test-1] TRACE - Resolving type for handle stcellstylexfid70c7type
23:42:18.283 [TestNG-test-Surefire test-1] TRACE - Resolving type for handle ctcellalignmentb580type
23:42:18.287 [TestNG-test-Surefire test-1] TRACE - Resolving type for handle stverticalalignmentd35ctype
23:42:18.292 [TestNG-test-Surefire test-1] TRACE - Resolving type for handle ctborderpre497type
23:42:18.297 [TestNG-test-Surefire test-1] TRACE - Resolving type for handle stborderstylec774type
23:42:18.304 [TestNG-test-Surefire test-1] TRACE - Resolving type for handle ctcolord2c2type
23:42:18.319 [TestNG-test-Surefire test-1] TRACE - Resolving type for handle sthorizontalalignmentf92etype
23:42:18.327 [TestNG-test-Surefire test-1] TRACE - Resolving type for handle ctchartc108type
23:42:18.332 [TestNG-test-Surefire test-1] TRACE - Resolving type for handle cttitleb54etype
23:42:18.406 [TestNG-test-Surefire test-1] TRACE - Resolving type for handle cttx9678type
23:42:18.409 [TestNG-test-Surefire test-1] TRACE - Resolving type for handle cttextbodya3catype
23:42:18.412 [TestNG-test-Surefire test-1] TRACE - Resolving type for handle cttextparagraphcaf2type
23:42:18.417 [TestNG-test-Surefire test-1] TRACE - Resolving type for handle ctregulartextrun7e3dtype
23:42:18.422 [TestNG-test-Surefire test-1] TRACE - Resolving type for handle ctplotarea106etype
23:42:18.432 [TestNG-test-Surefire test-1] TRACE - Resolving type for handle ctcatax7159type
23:42:18.438 [TestNG-test-Surefire test-1] TRACE - Resolving type for handle ctunsignedinte8ectype
23:42:18.441 [TestNG-test-Surefire test-1] TRACE - Resolving type for handle ctvalaxd06etype
23:42:18.446 [TestNG-test-Surefire test-1] TRACE - Resolving type for handle ctbarchart4151type
23:42:18.452 [TestNG-test-Surefire test-1] TRACE - Resolving type for handle ctbardir5f42type
23:42:18.457 [TestNG-test-Surefire test-1] TRACE - Resolving type for handle ctbarser960ftype
23:42:18.461 [TestNG-test-Surefire test-1] TRACE - Resolving type for handle ctaxdatasource1440type
23:42:18.465 [TestNG-test-Surefire test-1] TRACE - Resolving type for handle ctnumdatasourcef0bbtype
23:42:18.472 [TestNG-test-Surefire test-1] TRACE - Resolving type for handle ctstrref5d1atype
23:42:18.475 [TestNG-test-Surefire test-1] TRACE - Resolving type for handle ctstrdatad58btype
23:42:18.479 [TestNG-test-Surefire test-1] TRACE - Resolving type for handle ctnumref062ftype
23:42:18.482 [TestNG-test-Surefire test-1] TRACE - Resolving type for handle ctnumdata4f16type
23:42:18.505 [TestNG-test-Surefire test-1] TRACE - Resolving type for handle ctworkbookpr03a5type
23:42:18.512 [TestNG-test-Surefire test-1] TRACE - Resolving type for handle ctbookviewsb864type
23:42:18.515 [TestNG-test-Surefire test-1] TRACE - Resolving type for handle ctbookviewf677type
23:42:18.524 [TestNG-test-Surefire test-1] TRACE - Resolving type for handle propertiesee84doctype
23:42:18.526 [TestNG-test-Surefire test-1] TRACE - Resolving type for handle ctproperties3f10type
23:42:18.532 [TestNG-test-Surefire test-1] TRACE - Resolving type for handle properties288cdoctype
23:42:18.535 [TestNG-test-Surefire test-1] TRACE - Resolving type for handle ctproperties2c18type
23:42:18.547 [TestNG-test-Surefire test-1] TRACE - Resolving type for handle ctfontsizeb3b9type
23:42:18.551 [TestNG-test-Surefire test-1] TRACE - Resolving type for handle ctfontname2dc3type
23:42:18.553 [TestNG-test-Surefire test-1] TRACE - Resolving type for handle ctfontfamily685ctype
23:42:18.557 [TestNG-test-Surefire test-1] TRACE - Resolving type for handle stfontfamily9c6ctype
23:42:18.559 [TestNG-test-Surefire test-1] TRACE - Resolving type for handle ctfontschemebf5dtype
23:42:18.562 [TestNG-test-Surefire test-1] TRACE - Resolving type for handle stfontschemef36dtype
23:42:18.564 [TestNG-test-Surefire test-1] TRACE - Resolving type for handle ctpatternfill7452type
23:42:18.568 [TestNG-test-Surefire test-1] TRACE - Resolving type for handle stpatterntype7939type
23:42:18.574 [TestNG-test-Surefire test-1] TRACE - Resolving type for handle ctsheetformatprdef7type
23:42:18.579 [TestNG-test-Surefire test-1] TRACE - Resolving type for handle ctsheetviewsb918type
23:42:18.582 [TestNG-test-Surefire test-1] TRACE - Resolving type for handle ctsheetview0f43type
23:42:18.589 [TestNG-test-Surefire test-1] TRACE - Resolving type for handle ctsheetdimensiond310type
23:42:18.591 [TestNG-test-Surefire test-1] TRACE - Resolving type for handle ctpagemargins5455type
23:42:18.598 [TestNG-test-Surefire test-1] TRACE - Resolving type for handle ctstrval86cctype
23:42:18.602 [TestNG-test-Surefire test-1] TRACE - Resolving type for handle ctnumval2fe1type
23:42:18.613 [TestNG-test-Surefire test-1] TRACE - Resolving type for handle ctbooleanproperty1f3ctype
23:42:18.639 [TestNG-test-Surefire test-1] TRACE - Resolving type for handle stunsignedinthex27datype
23:42:18.675 [TestNG-test-Surefire test-1] TRACE - Resolving type for handle ctsheetprotection22f7type
23:42:18.704 [TestNG-test-Surefire test-1] TRACE - Resolving type for handle ctpaneaab1type
23:42:18.709 [TestNG-test-Surefire test-1] TRACE - Resolving type for handle stpane2ac1type
23:42:18.711 [TestNG-test-Surefire test-1] TRACE - Resolving type for handle stpanestateae58type
23:42:18.714 [TestNG-test-Surefire test-1] TRACE - Resolving type for handle ctselectionca2btype
23:42:18.763 [TestNG-test-Surefire test-1] TRACE - Resolving type for handle ctworkbookprotection56bctype
23:42:18.815 [TestNG-test-Surefire test-1] TRACE - Resolving type for handle ctnumfmtsb58btype
23:42:18.864 [TestNG-test-Surefire test-1] DEBUG - Save content types part
23:42:18.948 [TestNG-test-Surefire test-1] DEBUG - Save package relationships
23:42:18.954 [TestNG-test-Surefire test-1] DEBUG - Save part 'docProps/app.xml'
23:42:18.955 [TestNG-test-Surefire test-1] DEBUG - Save part 'docProps/core.xml'
23:42:18.959 [TestNG-test-Surefire test-1] DEBUG - Save part 'xl/charts/chart1.xml'
23:42:18.960 [TestNG-test-Surefire test-1] DEBUG - Save part 'xl/charts/chart2.xml'
23:42:18.961 [TestNG-test-Surefire test-1] DEBUG - Save part 'xl/charts/chart3.xml'
23:42:18.961 [TestNG-test-Surefire test-1] DEBUG - Save part 'xl/charts/chart4.xml'
23:42:18.964 [TestNG-test-Surefire test-1] DEBUG - Save part 'xl/charts/chart5.xml'
23:42:18.966 [TestNG-test-Surefire test-1] DEBUG - Save part 'xl/charts/chart6.xml'
23:42:18.969 [TestNG-test-Surefire test-1] DEBUG - Save part 'xl/charts/chart7.xml'
23:42:18.969 [TestNG-test-Surefire test-1] DEBUG - Save part 'xl/charts/chart8.xml'
23:42:18.972 [TestNG-test-Surefire test-1] DEBUG - Save part 'xl/charts/chart9.xml'
23:42:18.973 [TestNG-test-Surefire test-1] DEBUG - Save part 'xl/charts/chart10.xml'
23:42:18.973 [TestNG-test-Surefire test-1] DEBUG - Save part 'xl/charts/chart11.xml'
23:42:18.976 [TestNG-test-Surefire test-1] DEBUG - Save part 'xl/charts/chart12.xml'
23:42:18.977 [TestNG-test-Surefire test-1] DEBUG - Save part 'xl/charts/chart13.xml'
23:42:18.978 [TestNG-test-Surefire test-1] DEBUG - Save part 'xl/drawings/drawing1.xml'
23:42:18.981 [TestNG-test-Surefire test-1] DEBUG - Save part 'xl/drawings/drawing2.xml'
23:42:18.982 [TestNG-test-Surefire test-1] DEBUG - Save part 'xl/drawings/drawing3.xml'
23:42:18.982 [TestNG-test-Surefire test-1] DEBUG - Save part 'xl/drawings/drawing4.xml'
23:42:18.983 [TestNG-test-Surefire test-1] DEBUG - Save part 'xl/drawings/drawing5.xml'
23:42:18.986 [TestNG-test-Surefire test-1] DEBUG - Save part 'xl/drawings/drawing6.xml'
23:42:18.986 [TestNG-test-Surefire test-1] DEBUG - Save part 'xl/drawings/drawing7.xml'
23:42:18.989 [TestNG-test-Surefire test-1] DEBUG - Save part 'xl/drawings/drawing8.xml'
23:42:18.992 [TestNG-test-Surefire test-1] DEBUG - Save part 'xl/drawings/drawing9.xml'
23:42:18.993 [TestNG-test-Surefire test-1] DEBUG - Save part 'xl/printerSettings/printerSettings1.bin'
23:42:18.993 [TestNG-test-Surefire test-1] DEBUG - Save part 'xl/printerSettings/printerSettings2.bin'
23:42:18.994 [TestNG-test-Surefire test-1] DEBUG - Save part 'xl/printerSettings/printerSettings3.bin'
23:42:18.995 [TestNG-test-Surefire test-1] DEBUG - Save part 'xl/printerSettings/printerSettings4.bin'
23:42:18.995 [TestNG-test-Surefire test-1] DEBUG - Save part 'xl/printerSettings/printerSettings5.bin'
23:42:18.996 [TestNG-test-Surefire test-1] DEBUG - Save part 'xl/printerSettings/printerSettings8.bin'
23:42:18.997 [TestNG-test-Surefire test-1] DEBUG - Save part 'xl/sharedStrings.xml'
23:42:18.997 [TestNG-test-Surefire test-1] DEBUG - Save part 'xl/styles.xml'
23:42:18.998 [TestNG-test-Surefire test-1] DEBUG - Save part 'xl/theme/theme1.xml'
23:42:18.999 [TestNG-test-Surefire test-1] DEBUG - Save part 'xl/workbook.xml'
23:42:19.001 [TestNG-test-Surefire test-1] DEBUG - Save part 'xl/worksheets/sheet1.xml'
23:42:19.004 [TestNG-test-Surefire test-1] DEBUG - Save part 'xl/worksheets/sheet2.xml'
23:42:19.007 [TestNG-test-Surefire test-1] DEBUG - Save part 'xl/worksheets/sheet3.xml'
23:42:19.009 [TestNG-test-Surefire test-1] DEBUG - Save part 'xl/worksheets/sheet4.xml'
23:42:19.011 [TestNG-test-Surefire test-1] DEBUG - Save part 'xl/worksheets/sheet5.xml'
23:42:19.013 [TestNG-test-Surefire test-1] DEBUG - Save part 'xl/worksheets/sheet8.xml'
23:42:19.218 [main] TRACE - [Graph] ADDING NODE AbstractTestNGCucumberTests.runScenario(io.cucumber.testng.PickleWrapper,io.cucumber.testng.FeatureWrapper)[pri:0, instance:testRunners.ParallelRunner@7ae42ce3] 911414708
23:42:19.219 [main] TRACE - [Graph] ================ SORTING
23:42:19.219 [main] TRACE - [Graph] =============== DONE SORTING
23:42:19.219 [main] TRACE - [Graph] ====== SORTED NODES
23:42:19.219 [main] TRACE - [Graph] ====== END SORTED NODES
00:11:25.076 [main] TRACE - [Graph] ADDING NODE AbstractTestNGCucumberTests.setUpClass(org.testng.ITestContext)[pri:0, instance:null] -393284817
00:11:25.082 [main] TRACE - [Graph] ================ SORTING
00:11:25.085 [main] TRACE - [Graph] =============== DONE SORTING
00:11:25.085 [main] TRACE - [Graph] ====== SORTED NODES
00:11:25.086 [main] TRACE - [Graph] ====== END SORTED NODES
00:11:25.087 [main] TRACE - [Graph] ADDING NODE AbstractTestNGCucumberTests.tearDownClass()[pri:0, instance:null] 1523153566
00:11:25.087 [main] TRACE - [Graph] ================ SORTING
00:11:25.088 [main] TRACE - [Graph] =============== DONE SORTING
00:11:25.088 [main] TRACE - [Graph] ====== SORTED NODES
00:11:25.088 [main] TRACE - [Graph] ====== END SORTED NODES
00:11:25.104 [main] TRACE - [Graph] ADDING NODE AbstractTestNGCucumberTests.runScenario(io.cucumber.testng.PickleWrapper,io.cucumber.testng.FeatureWrapper)[pri:0, instance:testRunners.ParallelRunner@7ae42ce3] 911414708
00:11:25.105 [main] TRACE - [Graph] ================ SORTING
00:11:25.105 [main] TRACE - [Graph] =============== DONE SORTING
00:11:25.105 [main] TRACE - [Graph] ====== SORTED NODES
00:11:25.106 [main] TRACE - [Graph] ====== END SORTED NODES
00:11:32.200 [TestNG-PoolService-2] INFO  - WebDriver initialized successfully for browser: chrome
00:11:32.200 [TestNG-PoolService-1] INFO  - WebDriver initialized successfully for browser: chrome
00:11:34.569 [TestNG-PoolService-2] INFO  - Navigated to application URL: https://naveenautomationlabs.com/opencart/
00:11:34.608 [TestNG-PoolService-1] INFO  - Navigated to application URL: https://naveenautomationlabs.com/opencart/
00:11:34.856 [TestNG-PoolService-1] INFO  - Clicked on 'My Account' link.
00:11:35.309 [TestNG-PoolService-1] INFO  - Navigated to Login Page.
00:11:35.709 [TestNG-PoolService-2] INFO  - Navigated to Registration page.
00:11:35.826 [TestNG-PoolService-1] INFO  - Entered login credentials and clicked 'Login'.
00:11:36.402 [TestNG-PoolService-1] INFO  - Login successful. 'My Account' page is displayed.
00:11:36.412 [TestNG-PoolService-2] INFO  - Registration details entered.
00:11:37.446 [TestNG-PoolService-2] INFO  - Agreed to Privacy Policy and submitted registration.
00:11:37.505 [TestNG-PoolService-2] INFO  - Confirmation message validated.
00:11:38.641 [TestNG-test-Surefire test-1] DEBUG - Parsing relationship: /xl/charts/_rels/chart1.xml.rels
00:11:38.645 [TestNG-test-Surefire test-1] DEBUG - Parsing relationship: /xl/charts/_rels/chart2.xml.rels
00:11:38.647 [TestNG-test-Surefire test-1] DEBUG - Parsing relationship: /xl/charts/_rels/chart3.xml.rels
00:11:38.648 [TestNG-test-Surefire test-1] DEBUG - Parsing relationship: /xl/charts/_rels/chart5.xml.rels
00:11:38.649 [TestNG-test-Surefire test-1] DEBUG - Parsing relationship: /xl/charts/_rels/chart8.xml.rels
00:11:38.650 [TestNG-test-Surefire test-1] DEBUG - Parsing relationship: /xl/drawings/_rels/drawing1.xml.rels
00:11:38.652 [TestNG-test-Surefire test-1] DEBUG - Parsing relationship: /xl/drawings/_rels/drawing5.xml.rels
00:11:38.653 [TestNG-test-Surefire test-1] DEBUG - Parsing relationship: /xl/drawings/_rels/drawing7.xml.rels
00:11:38.654 [TestNG-test-Surefire test-1] DEBUG - Parsing relationship: /xl/drawings/_rels/drawing8.xml.rels
00:11:38.655 [TestNG-test-Surefire test-1] DEBUG - Parsing relationship: /xl/drawings/_rels/drawing10.xml.rels
00:11:38.656 [TestNG-test-Surefire test-1] DEBUG - Parsing relationship: /xl/drawings/_rels/drawing11.xml.rels
00:11:38.658 [TestNG-test-Surefire test-1] DEBUG - Parsing relationship: /xl/externalLinks/_rels/externalLink1.xml.rels
00:11:38.660 [TestNG-test-Surefire test-1] DEBUG - Parsing relationship: /xl/_rels/workbook.xml.rels
00:11:38.662 [TestNG-test-Surefire test-1] DEBUG - Parsing relationship: /xl/worksheets/_rels/sheet1.xml.rels
00:11:38.663 [TestNG-test-Surefire test-1] DEBUG - Parsing relationship: /xl/worksheets/_rels/sheet2.xml.rels
00:11:38.665 [TestNG-test-Surefire test-1] DEBUG - Parsing relationship: /xl/worksheets/_rels/sheet3.xml.rels
00:11:38.666 [TestNG-test-Surefire test-1] DEBUG - Parsing relationship: /xl/worksheets/_rels/sheet4.xml.rels
00:11:38.668 [TestNG-test-Surefire test-1] DEBUG - Parsing relationship: /xl/worksheets/_rels/sheet6.xml.rels
00:11:38.669 [TestNG-test-Surefire test-1] DEBUG - Parsing relationship: /xl/worksheets/_rels/sheet7.xml.rels
00:11:38.671 [TestNG-test-Surefire test-1] DEBUG - Parsing relationship: /xl/worksheets/_rels/sheet8.xml.rels
00:11:38.672 [TestNG-test-Surefire test-1] DEBUG - Parsing relationship: /_rels/.rels
00:11:38.950 [TestNG-test-Surefire test-1] TRACE - Loading type system org.apache.poi.schemas.ooxml.system.ooxml
00:11:38.957 [TestNG-test-Surefire test-1] TRACE - Loading type system org.apache.xmlbeans.metadata.system.sXMLCONFIG
00:11:38.958 [TestNG-test-Surefire test-1] TRACE - Loading type system org.apache.xmlbeans.metadata.system.sXMLLANG
00:11:38.959 [TestNG-test-Surefire test-1] TRACE - Loading type system org.apache.xmlbeans.metadata.system.sXMLSCHEMA
00:11:38.960 [TestNG-test-Surefire test-1] TRACE - Loading type system org.apache.xmlbeans.metadata.system.sXMLTOOLS
00:11:38.962 [TestNG-test-Surefire test-1] TRACE - Reading unresolved handles for type system org.apache.xmlbeans.metadata.system.sXMLTOOLS
00:11:38.980 [TestNG-test-Surefire test-1] TRACE - Finished loading type system org.apache.xmlbeans.metadata.system.sXMLTOOLS
00:11:38.981 [TestNG-test-Surefire test-1] TRACE - Reading unresolved handles for type system org.apache.xmlbeans.metadata.system.sXMLSCHEMA
00:11:38.985 [TestNG-test-Surefire test-1] TRACE - Finished loading type system org.apache.xmlbeans.metadata.system.sXMLSCHEMA
00:11:38.987 [TestNG-test-Surefire test-1] TRACE - Reading unresolved handles for type system org.apache.xmlbeans.metadata.system.sXMLLANG
00:11:38.988 [TestNG-test-Surefire test-1] TRACE - Finished loading type system org.apache.xmlbeans.metadata.system.sXMLLANG
00:11:38.990 [TestNG-test-Surefire test-1] TRACE - Reading unresolved handles for type system org.apache.xmlbeans.metadata.system.sXMLCONFIG
00:11:38.991 [TestNG-test-Surefire test-1] TRACE - Finished loading type system org.apache.xmlbeans.metadata.system.sXMLCONFIG
00:11:38.992 [TestNG-test-Surefire test-1] TRACE - Reading unresolved handles for type system org.apache.poi.schemas.ooxml.system.ooxml
00:11:39.046 [TestNG-test-Surefire test-1] TRACE - Finished loading type system org.apache.poi.schemas.ooxml.system.ooxml
00:11:39.047 [TestNG-test-Surefire test-1] TRACE - Resolving type for handle themefd26doctype
00:11:39.133 [TestNG-test-Surefire test-1] TRACE - Resolving type for handle stylesheet5d8bdoctype
00:11:39.144 [TestNG-test-Surefire test-1] TRACE - Resolving type for handle ctstylesheet4257type
00:11:39.151 [TestNG-test-Surefire test-1] TRACE - Resolving type for handle ctcolors6579type
00:11:39.155 [TestNG-test-Surefire test-1] TRACE - Resolving type for handle ctfonts6623type
00:11:39.160 [TestNG-test-Surefire test-1] TRACE - Resolving type for handle ctfont14d8type
00:11:39.168 [TestNG-test-Surefire test-1] TRACE - Resolving type for handle ctfills2c6ftype
00:11:39.172 [TestNG-test-Surefire test-1] TRACE - Resolving type for handle ctfill550ctype
00:11:39.175 [TestNG-test-Surefire test-1] TRACE - Resolving type for handle ctborders0d66type
00:11:39.180 [TestNG-test-Surefire test-1] TRACE - Resolving type for handle ctborderf935type
00:11:39.184 [TestNG-test-Surefire test-1] TRACE - Resolving type for handle ctcellxfs1322type
00:11:39.189 [TestNG-test-Surefire test-1] TRACE - Resolving type for handle ctxf97f7type
00:11:39.193 [TestNG-test-Surefire test-1] TRACE - Resolving type for handle ctcellstylexfsa81ftype
00:11:39.196 [TestNG-test-Surefire test-1] TRACE - Resolving type for handle ctdxfsb26atype
00:11:39.201 [TestNG-test-Surefire test-1] TRACE - Resolving type for handle cttablestyles872ftype
00:11:39.207 [TestNG-test-Surefire test-1] TRACE - Resolving type for handle sstf81fdoctype
00:11:39.212 [TestNG-test-Surefire test-1] TRACE - Resolving type for handle ctsst44f3type
00:11:39.228 [TestNG-test-Surefire test-1] TRACE - Resolving type for handle ctrsta472type
00:11:39.254 [TestNG-test-Surefire test-1] TRACE - Resolving type for handle calcchainfc37doctype
00:11:39.260 [TestNG-test-Surefire test-1] TRACE - Resolving type for handle ctcalcchain5a0btype
00:11:39.265 [TestNG-test-Surefire test-1] TRACE - Resolving type for handle externallinkb4c2doctype
00:11:39.271 [TestNG-test-Surefire test-1] TRACE - Resolving type for handle ctexternallink966etype
00:11:39.274 [TestNG-test-Surefire test-1] DEBUG - using default POIXMLDocumentPart for http://schemas.openxmlformats.org/officeDocument/2006/relationships/printerSettings
00:11:39.276 [TestNG-test-Surefire test-1] TRACE - Resolving type for handle ctdrawing2748type
00:11:39.287 [TestNG-test-Surefire test-1] TRACE - Resolving type for handle chartspace36e0doctype
00:11:39.293 [TestNG-test-Surefire test-1] TRACE - Resolving type for handle ctchartspacef9b4type
00:11:39.303 [TestNG-test-Surefire test-1] DEBUG - using default POIXMLDocumentPart for http://schemas.openxmlformats.org/officeDocument/2006/relationships/chartUserShapes
00:11:39.304 [TestNG-test-Surefire test-1] DEBUG - using default POIXMLDocumentPart for http://schemas.openxmlformats.org/officeDocument/2006/relationships/chartUserShapes
00:11:39.304 [TestNG-test-Surefire test-1] DEBUG - using default POIXMLDocumentPart for http://schemas.openxmlformats.org/officeDocument/2006/relationships/chartUserShapes
00:11:39.304 [TestNG-test-Surefire test-1] DEBUG - using default POIXMLDocumentPart for http://schemas.openxmlformats.org/officeDocument/2006/relationships/printerSettings
00:11:39.313 [TestNG-test-Surefire test-1] DEBUG - using default POIXMLDocumentPart for http://schemas.openxmlformats.org/officeDocument/2006/relationships/chartUserShapes
00:11:39.313 [TestNG-test-Surefire test-1] DEBUG - using default POIXMLDocumentPart for http://schemas.openxmlformats.org/officeDocument/2006/relationships/printerSettings
00:11:39.319 [TestNG-test-Surefire test-1] DEBUG - using default POIXMLDocumentPart for http://schemas.openxmlformats.org/officeDocument/2006/relationships/printerSettings
00:11:39.328 [TestNG-test-Surefire test-1] DEBUG - using default POIXMLDocumentPart for http://schemas.openxmlformats.org/officeDocument/2006/relationships/chartUserShapes
00:11:39.329 [TestNG-test-Surefire test-1] DEBUG - using default POIXMLDocumentPart for http://schemas.openxmlformats.org/officeDocument/2006/relationships/printerSettings
00:11:39.334 [TestNG-test-Surefire test-1] DEBUG - using default POIXMLDocumentPart for http://schemas.openxmlformats.org/officeDocument/2006/relationships/printerSettings
00:11:39.341 [TestNG-test-Surefire test-1] DEBUG - using default POIXMLDocumentPart for http://schemas.openxmlformats.org/officeDocument/2006/relationships/printerSettings
00:11:39.342 [TestNG-test-Surefire test-1] TRACE - Resolving type for handle workbookec17doctype
00:11:39.348 [TestNG-test-Surefire test-1] TRACE - Resolving type for handle ctworkbook83c3type
00:11:39.371 [TestNG-test-Surefire test-1] TRACE - Resolving type for handle ctsheets49fdtype
00:11:39.376 [TestNG-test-Surefire test-1] TRACE - Resolving type for handle ctsheet4dbetype
00:11:39.381 [TestNG-test-Surefire test-1] TRACE - Resolving type for handle strelationshipid1e94type
00:11:39.385 [TestNG-test-Surefire test-1] TRACE - Resolving type for handle worksheetf539doctype
00:11:39.390 [TestNG-test-Surefire test-1] TRACE - Resolving type for handle ctworksheet530dtype
00:11:39.401 [TestNG-test-Surefire test-1] TRACE - Resolving type for handle ctcols627ctype
00:11:39.408 [TestNG-test-Surefire test-1] TRACE - Resolving type for handle ctcola95ftype
00:11:39.428 [TestNG-test-Surefire test-1] TRACE - Resolving type for handle ctsheetdata8408type
00:11:39.438 [TestNG-test-Surefire test-1] TRACE - Resolving type for handle ctrowdd39type
00:11:39.445 [TestNG-test-Surefire test-1] TRACE - Resolving type for handle ctcell842btype
00:11:39.456 [TestNG-test-Surefire test-1] TRACE - Resolving type for handle stcellrefe4e0type
00:11:39.490 [TestNG-test-Surefire test-1] TRACE - Resolving type for handle ctcellformula3583type
00:11:39.496 [TestNG-test-Surefire test-1] TRACE - Resolving type for handle stcellformulatypee2cdtype
00:11:39.501 [TestNG-test-Surefire test-1] TRACE - Resolving type for handle ctexternalreferencesd77ctype
00:11:39.504 [TestNG-test-Surefire test-1] TRACE - Resolving type for handle ctexternalreference945ftype
00:11:39.512 [TestNG-test-Surefire test-1] TRACE - Resolving type for handle ctdefinednamesce48type
00:11:39.515 [TestNG-test-Surefire test-1] TRACE - Resolving type for handle ctdefinedname9413type
00:11:39.519 [TestNG-test-Surefire test-1] TRACE - Resolving type for handle stxstringf179type
00:11:39.527 [TestNG-test-Surefire test-1] TRACE - Resolving type for handle stsheetstate158btype
00:11:39.550 [TestNG-test-Surefire test-1] TRACE - Resolving type for handle stcelltypebf95type
00:11:39.558 [TestNG-test-Surefire test-1] TRACE - Resolving type for handle ctsheetprotection22f7type
00:11:39.622 [TestNG-test-Surefire test-1] TRACE - Resolving type for handle stnumfmtid76fbtype
00:11:39.626 [TestNG-test-Surefire test-1] TRACE - Resolving type for handle stfontid9d63type
00:11:39.629 [TestNG-test-Surefire test-1] TRACE - Resolving type for handle stfillida097type
00:11:39.631 [TestNG-test-Surefire test-1] TRACE - Resolving type for handle stborderid1a80type
00:11:39.634 [TestNG-test-Surefire test-1] TRACE - Resolving type for handle stcellstylexfid70c7type
00:11:39.641 [TestNG-test-Surefire test-1] TRACE - Resolving type for handle ctcellalignmentb580type
00:11:39.646 [TestNG-test-Surefire test-1] TRACE - Resolving type for handle stverticalalignmentd35ctype
00:11:39.649 [TestNG-test-Surefire test-1] TRACE - Resolving type for handle ctborderpre497type
00:11:39.652 [TestNG-test-Surefire test-1] TRACE - Resolving type for handle stborderstylec774type
00:11:39.655 [TestNG-test-Surefire test-1] TRACE - Resolving type for handle ctcolord2c2type
00:11:39.664 [TestNG-test-Surefire test-1] TRACE - Resolving type for handle ctfontname2dc3type
00:11:39.667 [TestNG-test-Surefire test-1] TRACE - Resolving type for handle ctfontsizeb3b9type
00:11:39.670 [TestNG-test-Surefire test-1] TRACE - Resolving type for handle ctbooleanproperty1f3ctype
00:11:39.709 [TestNG-test-Surefire test-1] TRACE - Resolving type for handle stunsignedinthex27datype
00:11:39.720 [TestNG-test-Surefire test-1] TRACE - Resolving type for handle sthorizontalalignmentf92etype
00:11:39.733 [TestNG-test-Surefire test-1] TRACE - Resolving type for handle ctdrawing44fdtype
00:11:39.740 [TestNG-test-Surefire test-1] TRACE - Resolving type for handle ctchartc108type
00:11:39.744 [TestNG-test-Surefire test-1] TRACE - Resolving type for handle cttitleb54etype
00:11:39.759 [TestNG-test-Surefire test-1] TRACE - Resolving type for handle cttx9678type
00:11:39.763 [TestNG-test-Surefire test-1] TRACE - Resolving type for handle cttextbodya3catype
00:11:39.767 [TestNG-test-Surefire test-1] TRACE - Resolving type for handle cttextparagraphcaf2type
00:11:39.775 [TestNG-test-Surefire test-1] TRACE - Resolving type for handle ctregulartextrun7e3dtype
00:11:39.780 [TestNG-test-Surefire test-1] TRACE - Resolving type for handle ctplotarea106etype
00:11:39.786 [TestNG-test-Surefire test-1] TRACE - Resolving type for handle ctcatax7159type
00:11:39.794 [TestNG-test-Surefire test-1] TRACE - Resolving type for handle ctunsignedinte8ectype
00:11:39.797 [TestNG-test-Surefire test-1] TRACE - Resolving type for handle ctvalaxd06etype
00:11:39.802 [TestNG-test-Surefire test-1] TRACE - Resolving type for handle ctbarchart4151type
00:11:39.809 [TestNG-test-Surefire test-1] TRACE - Resolving type for handle ctbardir5f42type
00:11:39.817 [TestNG-test-Surefire test-1] TRACE - Resolving type for handle ctbarser960ftype
00:11:39.823 [TestNG-test-Surefire test-1] TRACE - Resolving type for handle ctaxdatasource1440type
00:11:39.828 [TestNG-test-Surefire test-1] TRACE - Resolving type for handle ctnumdatasourcef0bbtype
00:11:39.835 [TestNG-test-Surefire test-1] TRACE - Resolving type for handle ctstrref5d1atype
00:11:39.839 [TestNG-test-Surefire test-1] TRACE - Resolving type for handle ctstrdatad58btype
00:11:39.843 [TestNG-test-Surefire test-1] TRACE - Resolving type for handle ctnumref062ftype
00:11:39.848 [TestNG-test-Surefire test-1] TRACE - Resolving type for handle ctnumdata4f16type
00:11:39.884 [TestNG-test-Surefire test-1] TRACE - Resolving type for handle ctworkbookpr03a5type
00:11:39.891 [TestNG-test-Surefire test-1] TRACE - Resolving type for handle ctbookviewsb864type
00:11:39.894 [TestNG-test-Surefire test-1] TRACE - Resolving type for handle ctbookviewf677type
00:11:39.902 [TestNG-test-Surefire test-1] TRACE - Resolving type for handle propertiesee84doctype
00:11:39.906 [TestNG-test-Surefire test-1] TRACE - Resolving type for handle ctproperties3f10type
00:11:39.913 [TestNG-test-Surefire test-1] TRACE - Resolving type for handle properties288cdoctype
00:11:39.915 [TestNG-test-Surefire test-1] TRACE - Resolving type for handle ctproperties2c18type
00:11:39.924 [TestNG-test-Surefire test-1] TRACE - Resolving type for handle ctfontfamily685ctype
00:11:39.928 [TestNG-test-Surefire test-1] TRACE - Resolving type for handle stfontfamily9c6ctype
00:11:39.932 [TestNG-test-Surefire test-1] TRACE - Resolving type for handle ctfontschemebf5dtype
00:11:39.934 [TestNG-test-Surefire test-1] TRACE - Resolving type for handle stfontschemef36dtype
00:11:39.937 [TestNG-test-Surefire test-1] TRACE - Resolving type for handle ctpatternfill7452type
00:11:39.942 [TestNG-test-Surefire test-1] TRACE - Resolving type for handle stpatterntype7939type
00:11:39.946 [TestNG-test-Surefire test-1] TRACE - Resolving type for handle ctsheetformatprdef7type
00:11:39.950 [TestNG-test-Surefire test-1] TRACE - Resolving type for handle ctsheetviewsb918type
00:11:39.952 [TestNG-test-Surefire test-1] TRACE - Resolving type for handle ctsheetview0f43type
