15:25:49.801 [TestNG-test-Surefire test-1] DEBUG - Save part 'xl/drawings/drawing3.xml'
15:25:49.815 [TestNG-test-Surefire test-1] DEBUG - Save part 'xl/drawings/drawing4.xml'
15:25:49.816 [TestNG-test-Surefire test-1] DEBUG - Save part 'xl/drawings/drawing5.xml'
15:25:49.818 [TestNG-test-Surefire test-1] DEBUG - Save part 'xl/drawings/drawing6.xml'
15:25:49.819 [TestNG-test-Surefire test-1] DEBUG - Save part 'xl/drawings/drawing7.xml'
15:25:49.820 [TestNG-test-Surefire test-1] DEBUG - Save part 'xl/drawings/drawing8.xml'
15:25:49.822 [TestNG-test-Surefire test-1] DEBUG - Save part 'xl/drawings/drawing9.xml'
15:25:49.823 [TestNG-test-Surefire test-1] DEBUG - Save part 'xl/externalLinks/externalLink1.xml'
15:25:49.824 [TestNG-test-Surefire test-1] DEBUG - Save part 'xl/printerSettings/printerSettings1.bin'
15:25:49.825 [TestNG-test-Surefire test-1] DEBUG - Save part 'xl/printerSettings/printerSettings2.bin'
15:25:49.825 [TestNG-test-Surefire test-1] DEBUG - Save part 'xl/printerSettings/printerSettings3.bin'
15:25:49.825 [TestNG-test-Surefire test-1] DEBUG - Save part 'xl/printerSettings/printerSettings4.bin'
15:25:49.826 [TestNG-test-Surefire test-1] DEBUG - Save part 'xl/printerSettings/printerSettings7.bin'
15:25:49.826 [TestNG-test-Surefire test-1] DEBUG - Save part 'xl/sharedStrings.xml'
15:25:49.826 [TestNG-test-Surefire test-1] DEBUG - Save part 'xl/styles.xml'
15:25:49.827 [TestNG-test-Surefire test-1] DEBUG - Save part 'xl/theme/theme1.xml'
15:25:49.828 [TestNG-test-Surefire test-1] DEBUG - Save part 'xl/workbook.xml'
15:25:49.830 [TestNG-test-Surefire test-1] DEBUG - Save part 'xl/worksheets/sheet1.xml'
15:25:49.835 [TestNG-test-Surefire test-1] DEBUG - Save part 'xl/worksheets/sheet2.xml'
15:25:49.839 [TestNG-test-Surefire test-1] DEBUG - Save part 'xl/worksheets/sheet3.xml'
15:25:49.843 [TestNG-test-Surefire test-1] DEBUG - Save part 'xl/worksheets/sheet4.xml'
15:25:49.845 [TestNG-test-Surefire test-1] DEBUG - Save part 'xl/worksheets/sheet8.xml'
15:26:09.468 [main] TRACE - [Graph] ADDING NODE AbstractTestNGCucumberTests.setUpClass(org.testng.ITestContext)[pri:0, instance:null] -393284817
15:26:09.471 [main] TRACE - [Graph] ================ SORTING
15:26:09.474 [main] TRACE - [Graph] =============== DONE SORTING
15:26:09.474 [main] TRACE - [Graph] ====== SORTED NODES
15:26:09.474 [main] TRACE - [Graph] ====== END SORTED NODES
15:26:09.476 [main] TRACE - [Graph] ADDING NODE AbstractTestNGCucumberTests.tearDownClass()[pri:0, instance:null] 1523153566
15:26:09.477 [main] TRACE - [Graph] ================ SORTING
15:26:09.477 [main] TRACE - [Graph] =============== DONE SORTING
15:26:09.477 [main] TRACE - [Graph] ====== SORTED NODES
15:26:09.477 [main] TRACE - [Graph] ====== END SORTED NODES
15:26:09.494 [main] TRACE - [Graph] ADDING NODE AbstractTestNGCucumberTests.runScenario(io.cucumber.testng.PickleWrapper,io.cucumber.testng.FeatureWrapper)[pri:0, instance:testRunners.ParallelRunner@60856961] 468996658
15:26:09.495 [main] TRACE - [Graph] ================ SORTING
15:26:09.495 [main] TRACE - [Graph] =============== DONE SORTING
15:26:09.495 [main] TRACE - [Graph] ====== SORTED NODES
15:26:09.495 [main] TRACE - [Graph] ====== END SORTED NODES
15:26:13.799 [TestNG-PoolService-2] INFO  - WebDriver initialized successfully for browser: chrome
15:26:13.805 [TestNG-PoolService-1] INFO  - WebDriver initialized successfully for browser: chrome
15:26:14.913 [TestNG-PoolService-1] INFO  - Navigated to application URL: https://naveenautomationlabs.com/opencart/
15:26:14.931 [TestNG-PoolService-2] INFO  - Navigated to application URL: https://naveenautomationlabs.com/opencart/
15:26:15.346 [TestNG-PoolService-1] INFO  - Clicked on 'My Account' link.
15:26:15.846 [TestNG-PoolService-1] INFO  - Navigated to Login Page.
15:26:16.034 [TestNG-PoolService-2] INFO  - Navigated to Registration page.
15:26:17.257 [TestNG-PoolService-1] INFO  - Entered login credentials and clicked 'Login'.
15:26:17.410 [TestNG-PoolService-1] INFO  - Login successful. 'My Account' page is displayed.
15:26:17.456 [TestNG-PoolService-2] INFO  - Registration details entered.
15:26:18.554 [TestNG-PoolService-2] INFO  - Agreed to Privacy Policy and submitted registration.
15:26:18.611 [TestNG-PoolService-2] INFO  - Confirmation message validated.
15:26:19.357 [TestNG-test-Surefire test-1] DEBUG - Parsing relationship: /xl/charts/_rels/chart1.xml.rels
15:26:19.360 [TestNG-test-Surefire test-1] DEBUG - Parsing relationship: /xl/charts/_rels/chart2.xml.rels
15:26:19.362 [TestNG-test-Surefire test-1] DEBUG - Parsing relationship: /xl/charts/_rels/chart3.xml.rels
15:26:19.363 [TestNG-test-Surefire test-1] DEBUG - Parsing relationship: /xl/charts/_rels/chart5.xml.rels
15:26:19.365 [TestNG-test-Surefire test-1] DEBUG - Parsing relationship: /xl/charts/_rels/chart8.xml.rels
15:26:19.366 [TestNG-test-Surefire test-1] DEBUG - Parsing relationship: /xl/drawings/_rels/drawing1.xml.rels
15:26:19.368 [TestNG-test-Surefire test-1] DEBUG - Parsing relationship: /xl/drawings/_rels/drawing5.xml.rels
15:26:19.370 [TestNG-test-Surefire test-1] DEBUG - Parsing relationship: /xl/drawings/_rels/drawing7.xml.rels
15:26:19.371 [TestNG-test-Surefire test-1] DEBUG - Parsing relationship: /xl/drawings/_rels/drawing8.xml.rels
15:26:19.373 [TestNG-test-Surefire test-1] DEBUG - Parsing relationship: /xl/drawings/_rels/drawing10.xml.rels
15:26:19.374 [TestNG-test-Surefire test-1] DEBUG - Parsing relationship: /xl/drawings/_rels/drawing11.xml.rels
15:26:19.375 [TestNG-test-Surefire test-1] DEBUG - Parsing relationship: /xl/externalLinks/_rels/externalLink1.xml.rels
15:26:19.377 [TestNG-test-Surefire test-1] DEBUG - Parsing relationship: /xl/_rels/workbook.xml.rels
15:26:19.381 [TestNG-test-Surefire test-1] DEBUG - Parsing relationship: /xl/worksheets/_rels/sheet1.xml.rels
15:26:19.382 [TestNG-test-Surefire test-1] DEBUG - Parsing relationship: /xl/worksheets/_rels/sheet2.xml.rels
15:26:19.383 [TestNG-test-Surefire test-1] DEBUG - Parsing relationship: /xl/worksheets/_rels/sheet3.xml.rels
15:26:19.385 [TestNG-test-Surefire test-1] DEBUG - Parsing relationship: /xl/worksheets/_rels/sheet4.xml.rels
15:26:19.386 [TestNG-test-Surefire test-1] DEBUG - Parsing relationship: /xl/worksheets/_rels/sheet6.xml.rels
15:26:19.388 [TestNG-test-Surefire test-1] DEBUG - Parsing relationship: /xl/worksheets/_rels/sheet7.xml.rels
15:26:19.389 [TestNG-test-Surefire test-1] DEBUG - Parsing relationship: /xl/worksheets/_rels/sheet8.xml.rels
15:26:19.390 [TestNG-test-Surefire test-1] DEBUG - Parsing relationship: /_rels/.rels
15:26:19.525 [TestNG-test-Surefire test-1] TRACE - Loading type system org.apache.poi.schemas.ooxml.system.ooxml
15:26:19.528 [TestNG-test-Surefire test-1] TRACE - Loading type system org.apache.xmlbeans.metadata.system.sXMLCONFIG
15:26:19.528 [TestNG-test-Surefire test-1] TRACE - Loading type system org.apache.xmlbeans.metadata.system.sXMLLANG
15:26:19.528 [TestNG-test-Surefire test-1] TRACE - Loading type system org.apache.xmlbeans.metadata.system.sXMLSCHEMA
15:26:19.529 [TestNG-test-Surefire test-1] TRACE - Loading type system org.apache.xmlbeans.metadata.system.sXMLTOOLS
15:26:19.530 [TestNG-test-Surefire test-1] TRACE - Reading unresolved handles for type system org.apache.xmlbeans.metadata.system.sXMLTOOLS
15:26:19.541 [TestNG-test-Surefire test-1] TRACE - Finished loading type system org.apache.xmlbeans.metadata.system.sXMLTOOLS
15:26:19.541 [TestNG-test-Surefire test-1] TRACE - Reading unresolved handles for type system org.apache.xmlbeans.metadata.system.sXMLSCHEMA
15:26:19.549 [TestNG-test-Surefire test-1] TRACE - Finished loading type system org.apache.xmlbeans.metadata.system.sXMLSCHEMA
15:26:19.550 [TestNG-test-Surefire test-1] TRACE - Reading unresolved handles for type system org.apache.xmlbeans.metadata.system.sXMLLANG
15:26:19.551 [TestNG-test-Surefire test-1] TRACE - Finished loading type system org.apache.xmlbeans.metadata.system.sXMLLANG
15:26:19.551 [TestNG-test-Surefire test-1] TRACE - Reading unresolved handles for type system org.apache.xmlbeans.metadata.system.sXMLCONFIG
15:26:19.552 [TestNG-test-Surefire test-1] TRACE - Finished loading type system org.apache.xmlbeans.metadata.system.sXMLCONFIG
15:26:19.553 [TestNG-test-Surefire test-1] TRACE - Reading unresolved handles for type system org.apache.poi.schemas.ooxml.system.ooxml
15:26:19.642 [TestNG-test-Surefire test-1] TRACE - Finished loading type system org.apache.poi.schemas.ooxml.system.ooxml
15:26:19.643 [TestNG-test-Surefire test-1] TRACE - Resolving type for handle themefd26doctype
15:26:19.706 [TestNG-test-Surefire test-1] TRACE - Resolving type for handle stylesheet5d8bdoctype
15:26:19.726 [TestNG-test-Surefire test-1] TRACE - Resolving type for handle ctstylesheet4257type
15:26:19.732 [TestNG-test-Surefire test-1] TRACE - Resolving type for handle ctcolors6579type
15:26:19.735 [TestNG-test-Surefire test-1] TRACE - Resolving type for handle ctfonts6623type
15:26:19.738 [TestNG-test-Surefire test-1] TRACE - Resolving type for handle ctfont14d8type
15:26:19.744 [TestNG-test-Surefire test-1] TRACE - Resolving type for handle ctfills2c6ftype
15:26:19.746 [TestNG-test-Surefire test-1] TRACE - Resolving type for handle ctfill550ctype
15:26:19.748 [TestNG-test-Surefire test-1] TRACE - Resolving type for handle ctborders0d66type
15:26:19.750 [TestNG-test-Surefire test-1] TRACE - Resolving type for handle ctborderf935type
15:26:19.753 [TestNG-test-Surefire test-1] TRACE - Resolving type for handle ctcellxfs1322type
15:26:19.755 [TestNG-test-Surefire test-1] TRACE - Resolving type for handle ctxf97f7type
15:26:19.759 [TestNG-test-Surefire test-1] TRACE - Resolving type for handle ctcellstylexfsa81ftype
15:26:19.761 [TestNG-test-Surefire test-1] TRACE - Resolving type for handle ctdxfsb26atype
15:26:19.764 [TestNG-test-Surefire test-1] TRACE - Resolving type for handle cttablestyles872ftype
15:26:19.767 [TestNG-test-Surefire test-1] TRACE - Resolving type for handle sstf81fdoctype
15:26:19.773 [TestNG-test-Surefire test-1] TRACE - Resolving type for handle ctsst44f3type
15:26:19.783 [TestNG-test-Surefire test-1] TRACE - Resolving type for handle ctrsta472type
15:26:19.820 [TestNG-test-Surefire test-1] TRACE - Resolving type for handle calcchainfc37doctype
15:26:19.825 [TestNG-test-Surefire test-1] TRACE - Resolving type for handle ctcalcchain5a0btype
15:26:19.831 [TestNG-test-Surefire test-1] TRACE - Resolving type for handle externallinkb4c2doctype
15:26:19.838 [TestNG-test-Surefire test-1] TRACE - Resolving type for handle ctexternallink966etype
15:26:19.840 [TestNG-test-Surefire test-1] DEBUG - using default POIXMLDocumentPart for http://schemas.openxmlformats.org/officeDocument/2006/relationships/printerSettings
15:26:19.842 [TestNG-test-Surefire test-1] TRACE - Resolving type for handle ctdrawing2748type
15:26:19.854 [TestNG-test-Surefire test-1] TRACE - Resolving type for handle chartspace36e0doctype
15:26:19.861 [TestNG-test-Surefire test-1] TRACE - Resolving type for handle ctchartspacef9b4type
15:26:19.873 [TestNG-test-Surefire test-1] DEBUG - using default POIXMLDocumentPart for http://schemas.openxmlformats.org/officeDocument/2006/relationships/chartUserShapes
15:26:19.874 [TestNG-test-Surefire test-1] DEBUG - using default POIXMLDocumentPart for http://schemas.openxmlformats.org/officeDocument/2006/relationships/chartUserShapes
15:26:19.874 [TestNG-test-Surefire test-1] DEBUG - using default POIXMLDocumentPart for http://schemas.openxmlformats.org/officeDocument/2006/relationships/chartUserShapes
15:26:19.874 [TestNG-test-Surefire test-1] DEBUG - using default POIXMLDocumentPart for http://schemas.openxmlformats.org/officeDocument/2006/relationships/printerSettings
15:26:19.887 [TestNG-test-Surefire test-1] DEBUG - using default POIXMLDocumentPart for http://schemas.openxmlformats.org/officeDocument/2006/relationships/chartUserShapes
15:26:19.888 [TestNG-test-Surefire test-1] DEBUG - using default POIXMLDocumentPart for http://schemas.openxmlformats.org/officeDocument/2006/relationships/printerSettings
15:26:19.896 [TestNG-test-Surefire test-1] DEBUG - using default POIXMLDocumentPart for http://schemas.openxmlformats.org/officeDocument/2006/relationships/printerSettings
15:26:19.909 [TestNG-test-Surefire test-1] DEBUG - using default POIXMLDocumentPart for http://schemas.openxmlformats.org/officeDocument/2006/relationships/chartUserShapes
15:26:19.909 [TestNG-test-Surefire test-1] DEBUG - using default POIXMLDocumentPart for http://schemas.openxmlformats.org/officeDocument/2006/relationships/printerSettings
15:26:19.917 [TestNG-test-Surefire test-1] DEBUG - using default POIXMLDocumentPart for http://schemas.openxmlformats.org/officeDocument/2006/relationships/printerSettings
15:26:19.926 [TestNG-test-Surefire test-1] DEBUG - using default POIXMLDocumentPart for http://schemas.openxmlformats.org/officeDocument/2006/relationships/printerSettings
15:26:19.927 [TestNG-test-Surefire test-1] TRACE - Resolving type for handle workbookec17doctype
15:26:19.933 [TestNG-test-Surefire test-1] TRACE - Resolving type for handle ctworkbook83c3type
15:26:19.953 [TestNG-test-Surefire test-1] TRACE - Resolving type for handle ctsheets49fdtype
15:26:19.955 [TestNG-test-Surefire test-1] TRACE - Resolving type for handle ctsheet4dbetype
15:26:19.958 [TestNG-test-Surefire test-1] TRACE - Resolving type for handle strelationshipid1e94type
15:26:19.961 [TestNG-test-Surefire test-1] TRACE - Resolving type for handle worksheetf539doctype
15:26:19.966 [TestNG-test-Surefire test-1] TRACE - Resolving type for handle ctworksheet530dtype
15:26:19.978 [TestNG-test-Surefire test-1] TRACE - Resolving type for handle ctcols627ctype
15:26:19.983 [TestNG-test-Surefire test-1] TRACE - Resolving type for handle ctcola95ftype
15:26:20.005 [TestNG-test-Surefire test-1] TRACE - Resolving type for handle ctsheetdata8408type
15:26:20.016 [TestNG-test-Surefire test-1] TRACE - Resolving type for handle ctrowdd39type
15:26:20.023 [TestNG-test-Surefire test-1] TRACE - Resolving type for handle ctcell842btype
15:26:20.032 [TestNG-test-Surefire test-1] TRACE - Resolving type for handle stcellrefe4e0type
15:26:20.083 [TestNG-test-Surefire test-1] TRACE - Resolving type for handle ctcellformula3583type
15:26:20.088 [TestNG-test-Surefire test-1] TRACE - Resolving type for handle stcellformulatypee2cdtype
15:26:20.093 [TestNG-test-Surefire test-1] TRACE - Resolving type for handle ctexternalreferencesd77ctype
15:26:20.095 [TestNG-test-Surefire test-1] TRACE - Resolving type for handle ctexternalreference945ftype
15:26:20.099 [TestNG-test-Surefire test-1] TRACE - Resolving type for handle ctdefinednamesce48type
15:26:20.102 [TestNG-test-Surefire test-1] TRACE - Resolving type for handle ctdefinedname9413type
15:26:20.107 [TestNG-test-Surefire test-1] TRACE - Resolving type for handle stxstringf179type
15:26:20.114 [TestNG-test-Surefire test-1] TRACE - Resolving type for handle stsheetstate158btype
15:26:20.135 [TestNG-test-Surefire test-1] TRACE - Resolving type for handle stcelltypebf95type
15:26:20.145 [TestNG-test-Surefire test-1] TRACE - Resolving type for handle ctsheetprotection22f7type
15:26:20.231 [TestNG-test-Surefire test-1] TRACE - Resolving type for handle stnumfmtid76fbtype
15:26:20.232 [TestNG-test-Surefire test-1] TRACE - Resolving type for handle stfontid9d63type
15:26:20.233 [TestNG-test-Surefire test-1] TRACE - Resolving type for handle stfillida097type
15:26:20.234 [TestNG-test-Surefire test-1] TRACE - Resolving type for handle stborderid1a80type
15:26:20.235 [TestNG-test-Surefire test-1] TRACE - Resolving type for handle stcellstylexfid70c7type
15:26:20.241 [TestNG-test-Surefire test-1] TRACE - Resolving type for handle ctcellalignmentb580type
15:26:20.245 [TestNG-test-Surefire test-1] TRACE - Resolving type for handle stverticalalignmentd35ctype
15:26:20.248 [TestNG-test-Surefire test-1] TRACE - Resolving type for handle ctborderpre497type
15:26:20.251 [TestNG-test-Surefire test-1] TRACE - Resolving type for handle stborderstylec774type
15:26:20.254 [TestNG-test-Surefire test-1] TRACE - Resolving type for handle ctcolord2c2type
15:26:20.265 [TestNG-test-Surefire test-1] TRACE - Resolving type for handle ctfontname2dc3type
15:26:20.268 [TestNG-test-Surefire test-1] TRACE - Resolving type for handle ctfontsizeb3b9type
15:26:20.270 [TestNG-test-Surefire test-1] TRACE - Resolving type for handle ctbooleanproperty1f3ctype
15:26:20.286 [TestNG-test-Surefire test-1] TRACE - Resolving type for handle stunsignedinthex27datype
15:26:20.297 [TestNG-test-Surefire test-1] TRACE - Resolving type for handle sthorizontalalignmentf92etype
15:26:20.314 [TestNG-test-Surefire test-1] TRACE - Resolving type for handle ctdrawing44fdtype
15:26:20.318 [TestNG-test-Surefire test-1] TRACE - Resolving type for handle ctchartc108type
15:26:20.323 [TestNG-test-Surefire test-1] TRACE - Resolving type for handle cttitleb54etype
15:26:20.334 [TestNG-test-Surefire test-1] TRACE - Resolving type for handle cttx9678type
15:26:20.337 [TestNG-test-Surefire test-1] TRACE - Resolving type for handle cttextbodya3catype
15:26:20.339 [TestNG-test-Surefire test-1] TRACE - Resolving type for handle cttextparagraphcaf2type
15:26:20.343 [TestNG-test-Surefire test-1] TRACE - Resolving type for handle ctregulartextrun7e3dtype
15:26:20.347 [TestNG-test-Surefire test-1] TRACE - Resolving type for handle ctplotarea106etype
15:26:20.356 [TestNG-test-Surefire test-1] TRACE - Resolving type for handle ctcatax7159type
15:26:20.361 [TestNG-test-Surefire test-1] TRACE - Resolving type for handle ctunsignedinte8ectype
15:26:20.365 [TestNG-test-Surefire test-1] TRACE - Resolving type for handle ctvalaxd06etype
15:26:20.370 [TestNG-test-Surefire test-1] TRACE - Resolving type for handle ctbarchart4151type
15:26:20.376 [TestNG-test-Surefire test-1] TRACE - Resolving type for handle ctbardir5f42type
15:26:20.381 [TestNG-test-Surefire test-1] TRACE - Resolving type for handle ctbarser960ftype
15:26:20.385 [TestNG-test-Surefire test-1] TRACE - Resolving type for handle ctaxdatasource1440type
15:26:20.387 [TestNG-test-Surefire test-1] TRACE - Resolving type for handle ctnumdatasourcef0bbtype
15:26:20.391 [TestNG-test-Surefire test-1] TRACE - Resolving type for handle ctstrref5d1atype
15:26:20.393 [TestNG-test-Surefire test-1] TRACE - Resolving type for handle ctstrdatad58btype
15:26:20.396 [TestNG-test-Surefire test-1] TRACE - Resolving type for handle ctnumref062ftype
15:26:20.397 [TestNG-test-Surefire test-1] TRACE - Resolving type for handle ctnumdata4f16type
15:26:20.417 [TestNG-test-Surefire test-1] TRACE - Resolving type for handle ctworkbookpr03a5type
15:26:20.425 [TestNG-test-Surefire test-1] TRACE - Resolving type for handle ctbookviewsb864type
15:26:20.427 [TestNG-test-Surefire test-1] TRACE - Resolving type for handle ctbookviewf677type
15:26:20.434 [TestNG-test-Surefire test-1] TRACE - Resolving type for handle propertiesee84doctype
15:26:20.436 [TestNG-test-Surefire test-1] TRACE - Resolving type for handle ctproperties3f10type
15:26:20.443 [TestNG-test-Surefire test-1] TRACE - Resolving type for handle properties288cdoctype
15:26:20.445 [TestNG-test-Surefire test-1] TRACE - Resolving type for handle ctproperties2c18type
15:26:20.452 [TestNG-test-Surefire test-1] TRACE - Resolving type for handle ctfontfamily685ctype
15:26:20.454 [TestNG-test-Surefire test-1] TRACE - Resolving type for handle stfontfamily9c6ctype
15:26:20.457 [TestNG-test-Surefire test-1] TRACE - Resolving type for handle ctfontschemebf5dtype
15:26:20.459 [TestNG-test-Surefire test-1] TRACE - Resolving type for handle stfontschemef36dtype
15:26:20.461 [TestNG-test-Surefire test-1] TRACE - Resolving type for handle ctpatternfill7452type
15:26:20.465 [TestNG-test-Surefire test-1] TRACE - Resolving type for handle stpatterntype7939type
15:26:20.468 [TestNG-test-Surefire test-1] TRACE - Resolving type for handle ctsheetformatprdef7type
15:26:20.472 [TestNG-test-Surefire test-1] TRACE - Resolving type for handle ctsheetviewsb918type
15:26:20.475 [TestNG-test-Surefire test-1] TRACE - Resolving type for handle ctsheetview0f43type
15:26:20.482 [TestNG-test-Surefire test-1] TRACE - Resolving type for handle ctsheetdimensiond310type
15:26:20.484 [TestNG-test-Surefire test-1] TRACE - Resolving type for handle stref90a2type
15:26:20.485 [TestNG-test-Surefire test-1] TRACE - Resolving type for handle ctpagemargins5455type
15:26:20.491 [TestNG-test-Surefire test-1] TRACE - Resolving type for handle ctstrval86cctype
15:26:20.494 [TestNG-test-Surefire test-1] TRACE - Resolving type for handle ctnumval2fe1type
15:26:20.499 [TestNG-test-Surefire test-1] TRACE - Resolving type for handle ctpaneaab1type
15:26:20.503 [TestNG-test-Surefire test-1] TRACE - Resolving type for handle stpane2ac1type
15:26:20.504 [TestNG-test-Surefire test-1] TRACE - Resolving type for handle stpanestateae58type
15:26:20.506 [TestNG-test-Surefire test-1] TRACE - Resolving type for handle ctselectionca2btype
15:26:20.514 [TestNG-test-Surefire test-1] TRACE - Resolving type for handle cttwocellanchor1e8dtype
15:26:20.516 [TestNG-test-Surefire test-1] TRACE - Resolving type for handle ctmarkeree8etype
15:26:20.518 [TestNG-test-Surefire test-1] TRACE - Resolving type for handle strowidf4cftype
15:26:20.528 [TestNG-test-Surefire test-1] TRACE - Resolving type for handle ctcalccellb960type
15:26:20.536 [TestNG-test-Surefire test-1] TRACE - Resolving type for handle ctmergecells1242type
15:26:20.539 [TestNG-test-Surefire test-1] TRACE - Resolving type for handle ctmergecelle8d9type
15:26:20.651 [TestNG-test-Surefire test-1] TRACE - Resolving type for handle ctworkbookprotection56bctype
15:26:20.706 [TestNG-test-Surefire test-1] TRACE - Resolving type for handle ctnumfmtsb58btype
15:26:20.782 [TestNG-test-Surefire test-1] DEBUG - Save content types part
15:26:20.879 [TestNG-test-Surefire test-1] DEBUG - Save package relationships
15:26:20.884 [TestNG-test-Surefire test-1] DEBUG - Save part 'docProps/app.xml'
15:26:20.885 [TestNG-test-Surefire test-1] DEBUG - Save part 'docProps/core.xml'
15:26:20.889 [TestNG-test-Surefire test-1] DEBUG - Save part 'xl/charts/chart1.xml'
15:26:20.892 [TestNG-test-Surefire test-1] DEBUG - Save part 'xl/charts/chart2.xml'
15:26:20.894 [TestNG-test-Surefire test-1] DEBUG - Save part 'xl/charts/chart3.xml'
15:26:20.896 [TestNG-test-Surefire test-1] DEBUG - Save part 'xl/charts/chart4.xml'
15:26:20.897 [TestNG-test-Surefire test-1] DEBUG - Save part 'xl/charts/chart5.xml'
15:26:20.899 [TestNG-test-Surefire test-1] DEBUG - Save part 'xl/charts/chart6.xml'
15:26:20.900 [TestNG-test-Surefire test-1] DEBUG - Save part 'xl/charts/chart7.xml'
15:26:20.900 [TestNG-test-Surefire test-1] DEBUG - Save part 'xl/charts/chart8.xml'
15:26:20.903 [TestNG-test-Surefire test-1] DEBUG - Save part 'xl/charts/chart9.xml'
15:26:20.903 [TestNG-test-Surefire test-1] DEBUG - Save part 'xl/charts/chart10.xml'
15:26:20.904 [TestNG-test-Surefire test-1] DEBUG - Save part 'xl/drawings/drawing1.xml'
15:26:20.907 [TestNG-test-Surefire test-1] DEBUG - Save part 'xl/drawings/drawing2.xml'
15:26:20.908 [TestNG-test-Surefire test-1] DEBUG - Save part 'xl/drawings/drawing3.xml'
15:26:20.908 [TestNG-test-Surefire test-1] DEBUG - Save part 'xl/drawings/drawing4.xml'
15:26:20.909 [TestNG-test-Surefire test-1] DEBUG - Save part 'xl/drawings/drawing5.xml'
15:26:20.911 [TestNG-test-Surefire test-1] DEBUG - Save part 'xl/drawings/drawing6.xml'
15:26:20.911 [TestNG-test-Surefire test-1] DEBUG - Save part 'xl/drawings/drawing7.xml'
15:26:20.913 [TestNG-test-Surefire test-1] DEBUG - Save part 'xl/drawings/drawing8.xml'
15:26:20.916 [TestNG-test-Surefire test-1] DEBUG - Save part 'xl/drawings/drawing9.xml'
15:26:20.916 [TestNG-test-Surefire test-1] DEBUG - Save part 'xl/externalLinks/externalLink1.xml'
15:26:20.918 [TestNG-test-Surefire test-1] DEBUG - Save part 'xl/printerSettings/printerSettings1.bin'
15:26:20.919 [TestNG-test-Surefire test-1] DEBUG - Save part 'xl/printerSettings/printerSettings2.bin'
15:26:20.919 [TestNG-test-Surefire test-1] DEBUG - Save part 'xl/printerSettings/printerSettings3.bin'
15:26:20.920 [TestNG-test-Surefire test-1] DEBUG - Save part 'xl/printerSettings/printerSettings4.bin'
15:26:20.920 [TestNG-test-Surefire test-1] DEBUG - Save part 'xl/printerSettings/printerSettings7.bin'
15:26:20.920 [TestNG-test-Surefire test-1] DEBUG - Save part 'xl/sharedStrings.xml'
15:26:20.921 [TestNG-test-Surefire test-1] DEBUG - Save part 'xl/styles.xml'
15:26:20.921 [TestNG-test-Surefire test-1] DEBUG - Save part 'xl/theme/theme1.xml'
15:26:20.922 [TestNG-test-Surefire test-1] DEBUG - Save part 'xl/workbook.xml'
15:26:20.925 [TestNG-test-Surefire test-1] DEBUG - Save part 'xl/worksheets/sheet1.xml'
15:26:20.927 [TestNG-test-Surefire test-1] DEBUG - Save part 'xl/worksheets/sheet2.xml'
15:26:20.930 [TestNG-test-Surefire test-1] DEBUG - Save part 'xl/worksheets/sheet3.xml'
15:26:20.932 [TestNG-test-Surefire test-1] DEBUG - Save part 'xl/worksheets/sheet4.xml'
15:26:20.935 [TestNG-test-Surefire test-1] DEBUG - Save part 'xl/worksheets/sheet8.xml'
