23:42:31.574 [TestNG-test-Surefire test-1] TRACE - Resolving type for handle ctselectionca2btype
23:42:31.594 [TestNG-test-Surefire test-1] TRACE - Resolving type for handle cttwocellanchor1e8dtype
23:42:31.598 [TestNG-test-Surefire test-1] TRACE - Resolving type for handle ctmarkeree8etype
23:42:31.600 [TestNG-test-Surefire test-1] TRACE - Resolving type for handle strowidf4cftype
23:42:31.611 [TestNG-test-Surefire test-1] TRACE - Resolving type for handle ctcalccellb960type
23:42:31.619 [TestNG-test-Surefire test-1] TRACE - Resolving type for handle ctmergecells1242type
23:42:31.621 [TestNG-test-Surefire test-1] TRACE - Resolving type for handle ctmergecelle8d9type
23:42:31.702 [TestNG-test-Surefire test-1] TRACE - Resolving type for handle ctworkbookprotection56bctype
23:42:31.730 [TestNG-test-Surefire test-1] TRACE - Resolving type for handle ctnumfmtsb58btype
23:42:31.763 [TestNG-test-Surefire test-1] DEBUG - Save content types part
23:42:31.827 [TestNG-test-Surefire test-1] DEBUG - Save package relationships
23:42:31.833 [TestNG-test-Surefire test-1] DEBUG - Save part 'docProps/app.xml'
23:42:31.833 [TestNG-test-Surefire test-1] DEBUG - Save part 'docProps/core.xml'
23:42:31.837 [TestNG-test-Surefire test-1] DEBUG - Save part 'xl/charts/chart1.xml'
23:42:31.839 [TestNG-test-Surefire test-1] DEBUG - Save part 'xl/charts/chart2.xml'
23:42:31.841 [TestNG-test-Surefire test-1] DEBUG - Save part 'xl/charts/chart3.xml'
23:42:31.843 [TestNG-test-Surefire test-1] DEBUG - Save part 'xl/charts/chart4.xml'
23:42:31.843 [TestNG-test-Surefire test-1] DEBUG - Save part 'xl/charts/chart5.xml'
23:42:31.845 [TestNG-test-Surefire test-1] DEBUG - Save part 'xl/charts/chart6.xml'
23:42:31.846 [TestNG-test-Surefire test-1] DEBUG - Save part 'xl/charts/chart7.xml'
23:42:31.846 [TestNG-test-Surefire test-1] DEBUG - Save part 'xl/charts/chart8.xml'
23:42:31.848 [TestNG-test-Surefire test-1] DEBUG - Save part 'xl/charts/chart9.xml'
23:42:31.848 [TestNG-test-Surefire test-1] DEBUG - Save part 'xl/charts/chart10.xml'
23:42:31.849 [TestNG-test-Surefire test-1] DEBUG - Save part 'xl/drawings/drawing1.xml'
23:42:31.851 [TestNG-test-Surefire test-1] DEBUG - Save part 'xl/drawings/drawing2.xml'
23:42:31.851 [TestNG-test-Surefire test-1] DEBUG - Save part 'xl/drawings/drawing3.xml'
23:42:31.852 [TestNG-test-Surefire test-1] DEBUG - Save part 'xl/drawings/drawing4.xml'
23:42:31.852 [TestNG-test-Surefire test-1] DEBUG - Save part 'xl/drawings/drawing5.xml'
23:42:31.853 [TestNG-test-Surefire test-1] DEBUG - Save part 'xl/drawings/drawing6.xml'
23:42:31.854 [TestNG-test-Surefire test-1] DEBUG - Save part 'xl/drawings/drawing7.xml'
23:42:31.855 [TestNG-test-Surefire test-1] DEBUG - Save part 'xl/drawings/drawing8.xml'
23:42:31.858 [TestNG-test-Surefire test-1] DEBUG - Save part 'xl/drawings/drawing9.xml'
23:42:31.859 [TestNG-test-Surefire test-1] DEBUG - Save part 'xl/externalLinks/externalLink1.xml'
23:42:31.860 [TestNG-test-Surefire test-1] DEBUG - Save part 'xl/printerSettings/printerSettings1.bin'
23:42:31.860 [TestNG-test-Surefire test-1] DEBUG - Save part 'xl/printerSettings/printerSettings2.bin'
23:42:31.861 [TestNG-test-Surefire test-1] DEBUG - Save part 'xl/printerSettings/printerSettings3.bin'
23:42:31.861 [TestNG-test-Surefire test-1] DEBUG - Save part 'xl/printerSettings/printerSettings4.bin'
23:42:31.861 [TestNG-test-Surefire test-1] DEBUG - Save part 'xl/printerSettings/printerSettings7.bin'
23:42:31.861 [TestNG-test-Surefire test-1] DEBUG - Save part 'xl/sharedStrings.xml'
23:42:31.862 [TestNG-test-Surefire test-1] DEBUG - Save part 'xl/styles.xml'
23:42:31.862 [TestNG-test-Surefire test-1] DEBUG - Save part 'xl/theme/theme1.xml'
23:42:31.863 [TestNG-test-Surefire test-1] DEBUG - Save part 'xl/workbook.xml'
23:42:31.865 [TestNG-test-Surefire test-1] DEBUG - Save part 'xl/worksheets/sheet1.xml'
23:42:31.868 [TestNG-test-Surefire test-1] DEBUG - Save part 'xl/worksheets/sheet2.xml'
23:42:31.870 [TestNG-test-Surefire test-1] DEBUG - Save part 'xl/worksheets/sheet3.xml'
23:42:31.870 [TestNG-test-Surefire test-1] DEBUG - Save part 'xl/worksheets/sheet4.xml'
23:42:31.873 [TestNG-test-Surefire test-1] DEBUG - Save part 'xl/worksheets/sheet8.xml'
23:44:22.822 [main] TRACE - [Graph] ADDING NODE AbstractTestNGCucumberTests.setUpClass(org.testng.ITestContext)[pri:0, instance:null] -393284817
23:44:22.826 [main] TRACE - [Graph] ================ SORTING
23:44:22.828 [main] TRACE - [Graph] =============== DONE SORTING
23:44:22.829 [main] TRACE - [Graph] ====== SORTED NODES
23:44:22.829 [main] TRACE - [Graph] ====== END SORTED NODES
23:44:22.830 [main] TRACE - [Graph] ADDING NODE AbstractTestNGCucumberTests.tearDownClass()[pri:0, instance:null] 1523153566
23:44:22.830 [main] TRACE - [Graph] ================ SORTING
23:44:22.831 [main] TRACE - [Graph] =============== DONE SORTING
23:44:22.831 [main] TRACE - [Graph] ====== SORTED NODES
23:44:22.831 [main] TRACE - [Graph] ====== END SORTED NODES
23:44:22.843 [main] TRACE - [Graph] ADDING NODE AbstractTestNGCucumberTests.runScenario(io.cucumber.testng.PickleWrapper,io.cucumber.testng.FeatureWrapper)[pri:0, instance:testRunners.ParallelRunner@7ae42ce3] 911414708
23:44:22.843 [main] TRACE - [Graph] ================ SORTING
23:44:22.843 [main] TRACE - [Graph] =============== DONE SORTING
23:44:22.843 [main] TRACE - [Graph] ====== SORTED NODES
23:44:22.843 [main] TRACE - [Graph] ====== END SORTED NODES
23:44:28.863 [TestNG-PoolService-1] INFO  - WebDriver initialized successfully for browser: chrome
23:44:28.873 [TestNG-PoolService-2] INFO  - WebDriver initialized successfully for browser: chrome
23:44:31.315 [TestNG-PoolService-1] INFO  - Navigated to application URL: https://naveenautomationlabs.com/opencart/
23:44:31.494 [TestNG-PoolService-2] INFO  - Navigated to application URL: https://naveenautomationlabs.com/opencart/
23:44:31.687 [TestNG-PoolService-1] INFO  - Clicked on 'My Account' link.
23:44:32.364 [TestNG-PoolService-1] INFO  - Navigated to Login Page.
23:44:32.752 [TestNG-PoolService-2] INFO  - Navigated to Registration page.
23:44:33.275 [TestNG-PoolService-1] INFO  - Entered login credentials and clicked 'Login'.
23:44:33.573 [TestNG-PoolService-2] INFO  - Registration details entered.
23:44:34.719 [TestNG-PoolService-2] INFO  - Agreed to Privacy Policy and submitted registration.
23:44:34.809 [TestNG-PoolService-2] INFO  - Confirmation message validated.
23:44:46.587 [TestNG-test-Surefire test-1] DEBUG - Parsing relationship: /xl/charts/_rels/chart4.xml.rels
23:44:46.590 [TestNG-test-Surefire test-1] DEBUG - Parsing relationship: /xl/charts/_rels/chart5.xml.rels
23:44:46.592 [TestNG-test-Surefire test-1] DEBUG - Parsing relationship: /xl/charts/_rels/chart6.xml.rels
23:44:46.593 [TestNG-test-Surefire test-1] DEBUG - Parsing relationship: /xl/charts/_rels/chart8.xml.rels
23:44:46.595 [TestNG-test-Surefire test-1] DEBUG - Parsing relationship: /xl/charts/_rels/chart11.xml.rels
23:44:46.597 [TestNG-test-Surefire test-1] DEBUG - Parsing relationship: /xl/drawings/_rels/drawing1.xml.rels
23:44:46.599 [TestNG-test-Surefire test-1] DEBUG - Parsing relationship: /xl/drawings/_rels/drawing5.xml.rels
23:44:46.600 [TestNG-test-Surefire test-1] DEBUG - Parsing relationship: /xl/drawings/_rels/drawing7.xml.rels
23:44:46.601 [TestNG-test-Surefire test-1] DEBUG - Parsing relationship: /xl/drawings/_rels/drawing8.xml.rels
23:44:46.602 [TestNG-test-Surefire test-1] DEBUG - Parsing relationship: /xl/drawings/_rels/drawing10.xml.rels
23:44:46.604 [TestNG-test-Surefire test-1] DEBUG - Parsing relationship: /xl/drawings/_rels/drawing11.xml.rels
23:44:46.606 [TestNG-test-Surefire test-1] DEBUG - Parsing relationship: /xl/_rels/workbook.xml.rels
23:44:46.608 [TestNG-test-Surefire test-1] DEBUG - Parsing relationship: /xl/worksheets/_rels/sheet1.xml.rels
23:44:46.610 [TestNG-test-Surefire test-1] DEBUG - Parsing relationship: /xl/worksheets/_rels/sheet2.xml.rels
23:44:46.611 [TestNG-test-Surefire test-1] DEBUG - Parsing relationship: /xl/worksheets/_rels/sheet3.xml.rels
23:44:46.612 [TestNG-test-Surefire test-1] DEBUG - Parsing relationship: /xl/worksheets/_rels/sheet4.xml.rels
23:44:46.614 [TestNG-test-Surefire test-1] DEBUG - Parsing relationship: /xl/worksheets/_rels/sheet5.xml.rels
23:44:46.615 [TestNG-test-Surefire test-1] DEBUG - Parsing relationship: /xl/worksheets/_rels/sheet6.xml.rels
23:44:46.616 [TestNG-test-Surefire test-1] DEBUG - Parsing relationship: /xl/worksheets/_rels/sheet7.xml.rels
23:44:46.617 [TestNG-test-Surefire test-1] DEBUG - Parsing relationship: /xl/worksheets/_rels/sheet8.xml.rels
23:44:46.618 [TestNG-test-Surefire test-1] DEBUG - Parsing relationship: /_rels/.rels
23:44:46.896 [TestNG-test-Surefire test-1] TRACE - Loading type system org.apache.poi.schemas.ooxml.system.ooxml
23:44:46.901 [TestNG-test-Surefire test-1] TRACE - Loading type system org.apache.xmlbeans.metadata.system.sXMLCONFIG
23:44:46.903 [TestNG-test-Surefire test-1] TRACE - Loading type system org.apache.xmlbeans.metadata.system.sXMLLANG
23:44:46.904 [TestNG-test-Surefire test-1] TRACE - Loading type system org.apache.xmlbeans.metadata.system.sXMLSCHEMA
23:44:46.906 [TestNG-test-Surefire test-1] TRACE - Loading type system org.apache.xmlbeans.metadata.system.sXMLTOOLS
23:44:46.909 [TestNG-test-Surefire test-1] TRACE - Reading unresolved handles for type system org.apache.xmlbeans.metadata.system.sXMLTOOLS
23:44:46.930 [TestNG-test-Surefire test-1] TRACE - Finished loading type system org.apache.xmlbeans.metadata.system.sXMLTOOLS
23:44:46.931 [TestNG-test-Surefire test-1] TRACE - Reading unresolved handles for type system org.apache.xmlbeans.metadata.system.sXMLSCHEMA
23:44:46.938 [TestNG-test-Surefire test-1] TRACE - Finished loading type system org.apache.xmlbeans.metadata.system.sXMLSCHEMA
23:44:46.940 [TestNG-test-Surefire test-1] TRACE - Reading unresolved handles for type system org.apache.xmlbeans.metadata.system.sXMLLANG
23:44:46.942 [TestNG-test-Surefire test-1] TRACE - Finished loading type system org.apache.xmlbeans.metadata.system.sXMLLANG
23:44:46.944 [TestNG-test-Surefire test-1] TRACE - Reading unresolved handles for type system org.apache.xmlbeans.metadata.system.sXMLCONFIG
23:44:46.945 [TestNG-test-Surefire test-1] TRACE - Finished loading type system org.apache.xmlbeans.metadata.system.sXMLCONFIG
23:44:46.947 [TestNG-test-Surefire test-1] TRACE - Reading unresolved handles for type system org.apache.poi.schemas.ooxml.system.ooxml
23:44:47.004 [TestNG-test-Surefire test-1] TRACE - Finished loading type system org.apache.poi.schemas.ooxml.system.ooxml
23:44:47.005 [TestNG-test-Surefire test-1] TRACE - Resolving type for handle stylesheet5d8bdoctype
23:44:47.105 [TestNG-test-Surefire test-1] TRACE - Resolving type for handle ctstylesheet4257type
23:44:47.110 [TestNG-test-Surefire test-1] TRACE - Resolving type for handle ctcolors6579type
23:44:47.116 [TestNG-test-Surefire test-1] TRACE - Resolving type for handle ctfonts6623type
23:44:47.120 [TestNG-test-Surefire test-1] TRACE - Resolving type for handle ctfont14d8type
23:44:47.128 [TestNG-test-Surefire test-1] TRACE - Resolving type for handle ctfills2c6ftype
23:44:47.132 [TestNG-test-Surefire test-1] TRACE - Resolving type for handle ctfill550ctype
23:44:47.137 [TestNG-test-Surefire test-1] TRACE - Resolving type for handle ctborders0d66type
23:44:47.141 [TestNG-test-Surefire test-1] TRACE - Resolving type for handle ctborderf935type
23:44:47.145 [TestNG-test-Surefire test-1] TRACE - Resolving type for handle ctcellxfs1322type
23:44:47.149 [TestNG-test-Surefire test-1] TRACE - Resolving type for handle ctxf97f7type
23:44:47.152 [TestNG-test-Surefire test-1] TRACE - Resolving type for handle ctcellstylexfsa81ftype
23:44:47.155 [TestNG-test-Surefire test-1] TRACE - Resolving type for handle ctdxfsb26atype
23:44:47.158 [TestNG-test-Surefire test-1] TRACE - Resolving type for handle cttablestyles872ftype
23:44:47.163 [TestNG-test-Surefire test-1] TRACE - Resolving type for handle sstf81fdoctype
23:44:47.170 [TestNG-test-Surefire test-1] TRACE - Resolving type for handle ctsst44f3type
23:44:47.184 [TestNG-test-Surefire test-1] TRACE - Resolving type for handle ctrsta472type
23:44:47.220 [TestNG-test-Surefire test-1] TRACE - Resolving type for handle themefd26doctype
23:44:47.229 [TestNG-test-Surefire test-1] DEBUG - using default POIXMLDocumentPart for http://schemas.openxmlformats.org/officeDocument/2006/relationships/printerSettings
23:44:47.230 [TestNG-test-Surefire test-1] TRACE - Resolving type for handle ctdrawing2748type
23:44:47.257 [TestNG-test-Surefire test-1] TRACE - Resolving type for handle chartspace36e0doctype
23:44:47.265 [TestNG-test-Surefire test-1] TRACE - Resolving type for handle ctchartspacef9b4type
23:44:47.289 [TestNG-test-Surefire test-1] DEBUG - using default POIXMLDocumentPart for http://schemas.openxmlformats.org/officeDocument/2006/relationships/chartUserShapes
23:44:47.289 [TestNG-test-Surefire test-1] DEBUG - using default POIXMLDocumentPart for http://schemas.openxmlformats.org/officeDocument/2006/relationships/chartUserShapes
23:44:47.290 [TestNG-test-Surefire test-1] DEBUG - using default POIXMLDocumentPart for http://schemas.openxmlformats.org/officeDocument/2006/relationships/chartUserShapes
23:44:47.290 [TestNG-test-Surefire test-1] DEBUG - using default POIXMLDocumentPart for http://schemas.openxmlformats.org/officeDocument/2006/relationships/printerSettings
23:44:47.303 [TestNG-test-Surefire test-1] DEBUG - using default POIXMLDocumentPart for http://schemas.openxmlformats.org/officeDocument/2006/relationships/chartUserShapes
23:44:47.303 [TestNG-test-Surefire test-1] DEBUG - using default POIXMLDocumentPart for http://schemas.openxmlformats.org/officeDocument/2006/relationships/printerSettings
23:44:47.311 [TestNG-test-Surefire test-1] DEBUG - using default POIXMLDocumentPart for http://schemas.openxmlformats.org/officeDocument/2006/relationships/printerSettings
23:44:47.322 [TestNG-test-Surefire test-1] DEBUG - using default POIXMLDocumentPart for http://schemas.openxmlformats.org/officeDocument/2006/relationships/chartUserShapes
23:44:47.322 [TestNG-test-Surefire test-1] DEBUG - using default POIXMLDocumentPart for http://schemas.openxmlformats.org/officeDocument/2006/relationships/printerSettings
23:44:47.322 [TestNG-test-Surefire test-1] DEBUG - using default POIXMLDocumentPart for http://schemas.openxmlformats.org/officeDocument/2006/relationships/printerSettings
23:44:47.330 [TestNG-test-Surefire test-1] DEBUG - using default POIXMLDocumentPart for http://schemas.openxmlformats.org/officeDocument/2006/relationships/printerSettings
23:44:47.337 [TestNG-test-Surefire test-1] DEBUG - using default POIXMLDocumentPart for http://schemas.openxmlformats.org/officeDocument/2006/relationships/printerSettings
23:44:47.339 [TestNG-test-Surefire test-1] TRACE - Resolving type for handle workbookec17doctype
23:44:47.345 [TestNG-test-Surefire test-1] TRACE - Resolving type for handle ctworkbook83c3type
23:44:47.369 [TestNG-test-Surefire test-1] TRACE - Resolving type for handle ctsheets49fdtype
23:44:47.373 [TestNG-test-Surefire test-1] TRACE - Resolving type for handle ctsheet4dbetype
23:44:47.377 [TestNG-test-Surefire test-1] TRACE - Resolving type for handle strelationshipid1e94type
23:44:47.382 [TestNG-test-Surefire test-1] TRACE - Resolving type for handle worksheetf539doctype
23:44:47.388 [TestNG-test-Surefire test-1] TRACE - Resolving type for handle ctworksheet530dtype
23:44:47.403 [TestNG-test-Surefire test-1] TRACE - Resolving type for handle ctcols627ctype
23:44:47.409 [TestNG-test-Surefire test-1] TRACE - Resolving type for handle ctcola95ftype
23:44:47.430 [TestNG-test-Surefire test-1] TRACE - Resolving type for handle ctsheetdata8408type
23:44:47.435 [TestNG-test-Surefire test-1] TRACE - Resolving type for handle ctrowdd39type
23:44:47.440 [TestNG-test-Surefire test-1] TRACE - Resolving type for handle ctcell842btype
23:44:47.448 [TestNG-test-Surefire test-1] TRACE - Resolving type for handle stcellrefe4e0type
23:44:47.504 [TestNG-test-Surefire test-1] TRACE - Resolving type for handle ctdefinednamesce48type
23:44:47.508 [TestNG-test-Surefire test-1] TRACE - Resolving type for handle ctdefinedname9413type
23:44:47.513 [TestNG-test-Surefire test-1] TRACE - Resolving type for handle stxstringf179type
23:44:47.521 [TestNG-test-Surefire test-1] TRACE - Resolving type for handle stsheetstate158btype
23:44:47.537 [TestNG-test-Surefire test-1] TRACE - Resolving type for handle stcelltypebf95type
23:44:47.547 [TestNG-test-Surefire test-1] TRACE - Resolving type for handle ctdrawing44fdtype
23:44:47.556 [TestNG-test-Surefire test-1] TRACE - Resolving type for handle cttwocellanchor1e8dtype
23:44:47.560 [TestNG-test-Surefire test-1] TRACE - Resolving type for handle ctmarkeree8etype
23:44:47.564 [TestNG-test-Surefire test-1] TRACE - Resolving type for handle strowidf4cftype
23:44:47.589 [TestNG-test-Surefire test-1] TRACE - Resolving type for handle ctmergecells1242type
23:44:47.592 [TestNG-test-Surefire test-1] TRACE - Resolving type for handle ctmergecelle8d9type
23:44:47.595 [TestNG-test-Surefire test-1] TRACE - Resolving type for handle stref90a2type
23:44:47.641 [TestNG-test-Surefire test-1] TRACE - Resolving type for handle stnumfmtid76fbtype
23:44:47.644 [TestNG-test-Surefire test-1] TRACE - Resolving type for handle stfontid9d63type
23:44:47.647 [TestNG-test-Surefire test-1] TRACE - Resolving type for handle stfillida097type
23:44:47.649 [TestNG-test-Surefire test-1] TRACE - Resolving type for handle stborderid1a80type
23:44:47.652 [TestNG-test-Surefire test-1] TRACE - Resolving type for handle stcellstylexfid70c7type
23:44:47.658 [TestNG-test-Surefire test-1] TRACE - Resolving type for handle ctcellalignmentb580type
23:44:47.663 [TestNG-test-Surefire test-1] TRACE - Resolving type for handle stverticalalignmentd35ctype
23:44:47.666 [TestNG-test-Surefire test-1] TRACE - Resolving type for handle ctborderpre497type
23:44:47.669 [TestNG-test-Surefire test-1] TRACE - Resolving type for handle stborderstylec774type
23:44:47.672 [TestNG-test-Surefire test-1] TRACE - Resolving type for handle ctcolord2c2type
23:44:47.683 [TestNG-test-Surefire test-1] TRACE - Resolving type for handle sthorizontalalignmentf92etype
23:44:47.692 [TestNG-test-Surefire test-1] TRACE - Resolving type for handle ctchartc108type
23:44:47.696 [TestNG-test-Surefire test-1] TRACE - Resolving type for handle cttitleb54etype
23:44:47.756 [TestNG-test-Surefire test-1] TRACE - Resolving type for handle cttx9678type
23:44:47.758 [TestNG-test-Surefire test-1] TRACE - Resolving type for handle cttextbodya3catype
23:44:47.760 [TestNG-test-Surefire test-1] TRACE - Resolving type for handle cttextparagraphcaf2type
23:44:47.763 [TestNG-test-Surefire test-1] TRACE - Resolving type for handle ctregulartextrun7e3dtype
23:44:47.767 [TestNG-test-Surefire test-1] TRACE - Resolving type for handle ctplotarea106etype
23:44:47.771 [TestNG-test-Surefire test-1] TRACE - Resolving type for handle ctcatax7159type
23:44:47.776 [TestNG-test-Surefire test-1] TRACE - Resolving type for handle ctunsignedinte8ectype
23:44:47.779 [TestNG-test-Surefire test-1] TRACE - Resolving type for handle ctvalaxd06etype
23:44:47.783 [TestNG-test-Surefire test-1] TRACE - Resolving type for handle ctbarchart4151type
23:44:47.788 [TestNG-test-Surefire test-1] TRACE - Resolving type for handle ctbardir5f42type
23:44:47.791 [TestNG-test-Surefire test-1] TRACE - Resolving type for handle ctbarser960ftype
23:44:47.794 [TestNG-test-Surefire test-1] TRACE - Resolving type for handle ctaxdatasource1440type
23:44:47.798 [TestNG-test-Surefire test-1] TRACE - Resolving type for handle ctnumdatasourcef0bbtype
23:44:47.802 [TestNG-test-Surefire test-1] TRACE - Resolving type for handle ctstrref5d1atype
23:44:47.805 [TestNG-test-Surefire test-1] TRACE - Resolving type for handle ctstrdatad58btype
23:44:47.809 [TestNG-test-Surefire test-1] TRACE - Resolving type for handle ctnumref062ftype
23:44:47.813 [TestNG-test-Surefire test-1] TRACE - Resolving type for handle ctnumdata4f16type
23:44:47.835 [TestNG-test-Surefire test-1] TRACE - Resolving type for handle ctworkbookpr03a5type
23:44:47.839 [TestNG-test-Surefire test-1] TRACE - Resolving type for handle ctbookviewsb864type
23:44:47.843 [TestNG-test-Surefire test-1] TRACE - Resolving type for handle ctbookviewf677type
23:44:47.850 [TestNG-test-Surefire test-1] TRACE - Resolving type for handle propertiesee84doctype
23:44:47.852 [TestNG-test-Surefire test-1] TRACE - Resolving type for handle ctproperties3f10type
23:44:47.856 [TestNG-test-Surefire test-1] TRACE - Resolving type for handle properties288cdoctype
23:44:47.858 [TestNG-test-Surefire test-1] TRACE - Resolving type for handle ctproperties2c18type
23:44:47.862 [TestNG-test-Surefire test-1] TRACE - Resolving type for handle ctfontsizeb3b9type
23:44:47.865 [TestNG-test-Surefire test-1] TRACE - Resolving type for handle ctfontname2dc3type
23:44:47.867 [TestNG-test-Surefire test-1] TRACE - Resolving type for handle ctfontfamily685ctype
23:44:47.868 [TestNG-test-Surefire test-1] TRACE - Resolving type for handle stfontfamily9c6ctype
23:44:47.870 [TestNG-test-Surefire test-1] TRACE - Resolving type for handle ctfontschemebf5dtype
23:44:47.872 [TestNG-test-Surefire test-1] TRACE - Resolving type for handle stfontschemef36dtype
23:44:47.874 [TestNG-test-Surefire test-1] TRACE - Resolving type for handle ctpatternfill7452type
23:44:47.877 [TestNG-test-Surefire test-1] TRACE - Resolving type for handle stpatterntype7939type
23:44:47.880 [TestNG-test-Surefire test-1] TRACE - Resolving type for handle ctsheetformatprdef7type
23:44:47.882 [TestNG-test-Surefire test-1] TRACE - Resolving type for handle ctsheetviewsb918type
23:44:47.884 [TestNG-test-Surefire test-1] TRACE - Resolving type for handle ctsheetview0f43type
23:44:47.890 [TestNG-test-Surefire test-1] TRACE - Resolving type for handle ctsheetdimensiond310type
23:44:47.892 [TestNG-test-Surefire test-1] TRACE - Resolving type for handle ctpagemargins5455type
23:44:47.898 [TestNG-test-Surefire test-1] TRACE - Resolving type for handle ctstrval86cctype
23:44:47.902 [TestNG-test-Surefire test-1] TRACE - Resolving type for handle ctnumval2fe1type
23:44:47.910 [TestNG-test-Surefire test-1] TRACE - Resolving type for handle ctbooleanproperty1f3ctype
23:44:47.931 [TestNG-test-Surefire test-1] TRACE - Resolving type for handle stunsignedinthex27datype
23:44:47.958 [TestNG-test-Surefire test-1] TRACE - Resolving type for handle ctsheetprotection22f7type
23:44:47.984 [TestNG-test-Surefire test-1] TRACE - Resolving type for handle ctpaneaab1type
23:44:47.989 [TestNG-test-Surefire test-1] TRACE - Resolving type for handle stpane2ac1type
23:44:47.991 [TestNG-test-Surefire test-1] TRACE - Resolving type for handle stpanestateae58type
23:44:47.995 [TestNG-test-Surefire test-1] TRACE - Resolving type for handle ctselectionca2btype
23:44:48.041 [TestNG-test-Surefire test-1] TRACE - Resolving type for handle ctworkbookprotection56bctype
23:44:48.088 [TestNG-test-Surefire test-1] TRACE - Resolving type for handle ctnumfmtsb58btype
23:44:48.135 [TestNG-test-Surefire test-1] DEBUG - Save content types part
23:44:48.222 [TestNG-test-Surefire test-1] DEBUG - Save package relationships
23:44:48.229 [TestNG-test-Surefire test-1] DEBUG - Save part 'docProps/app.xml'
23:44:48.230 [TestNG-test-Surefire test-1] DEBUG - Save part 'docProps/core.xml'
23:44:48.234 [TestNG-test-Surefire test-1] DEBUG - Save part 'xl/charts/chart1.xml'
23:44:48.234 [TestNG-test-Surefire test-1] DEBUG - Save part 'xl/charts/chart2.xml'
23:44:48.235 [TestNG-test-Surefire test-1] DEBUG - Save part 'xl/charts/chart3.xml'
23:44:48.235 [TestNG-test-Surefire test-1] DEBUG - Save part 'xl/charts/chart4.xml'
23:44:48.237 [TestNG-test-Surefire test-1] DEBUG - Save part 'xl/charts/chart5.xml'
23:44:48.239 [TestNG-test-Surefire test-1] DEBUG - Save part 'xl/charts/chart6.xml'
23:44:48.241 [TestNG-test-Surefire test-1] DEBUG - Save part 'xl/charts/chart7.xml'
23:44:48.241 [TestNG-test-Surefire test-1] DEBUG - Save part 'xl/charts/chart8.xml'
23:44:48.244 [TestNG-test-Surefire test-1] DEBUG - Save part 'xl/charts/chart9.xml'
23:44:48.244 [TestNG-test-Surefire test-1] DEBUG - Save part 'xl/charts/chart10.xml'
23:44:48.245 [TestNG-test-Surefire test-1] DEBUG - Save part 'xl/charts/chart11.xml'
23:44:48.247 [TestNG-test-Surefire test-1] DEBUG - Save part 'xl/charts/chart12.xml'
23:44:48.247 [TestNG-test-Surefire test-1] DEBUG - Save part 'xl/charts/chart13.xml'
23:44:48.247 [TestNG-test-Surefire test-1] DEBUG - Save part 'xl/drawings/drawing1.xml'
23:44:48.250 [TestNG-test-Surefire test-1] DEBUG - Save part 'xl/drawings/drawing2.xml'
23:44:48.251 [TestNG-test-Surefire test-1] DEBUG - Save part 'xl/drawings/drawing3.xml'
23:44:48.251 [TestNG-test-Surefire test-1] DEBUG - Save part 'xl/drawings/drawing4.xml'
23:44:48.252 [TestNG-test-Surefire test-1] DEBUG - Save part 'xl/drawings/drawing5.xml'
23:44:48.254 [TestNG-test-Surefire test-1] DEBUG - Save part 'xl/drawings/drawing6.xml'
23:44:48.255 [TestNG-test-Surefire test-1] DEBUG - Save part 'xl/drawings/drawing7.xml'
23:44:48.257 [TestNG-test-Surefire test-1] DEBUG - Save part 'xl/drawings/drawing8.xml'
23:44:48.259 [TestNG-test-Surefire test-1] DEBUG - Save part 'xl/drawings/drawing9.xml'
23:44:48.259 [TestNG-test-Surefire test-1] DEBUG - Save part 'xl/printerSettings/printerSettings1.bin'
23:44:48.260 [TestNG-test-Surefire test-1] DEBUG - Save part 'xl/printerSettings/printerSettings2.bin'
23:44:48.260 [TestNG-test-Surefire test-1] DEBUG - Save part 'xl/printerSettings/printerSettings3.bin'
23:44:48.261 [TestNG-test-Surefire test-1] DEBUG - Save part 'xl/printerSettings/printerSettings4.bin'
23:44:48.262 [TestNG-test-Surefire test-1] DEBUG - Save part 'xl/printerSettings/printerSettings5.bin'
23:44:48.269 [TestNG-test-Surefire test-1] DEBUG - Save part 'xl/printerSettings/printerSettings8.bin'
23:44:48.270 [TestNG-test-Surefire test-1] DEBUG - Save part 'xl/sharedStrings.xml'
23:44:48.270 [TestNG-test-Surefire test-1] DEBUG - Save part 'xl/styles.xml'
23:44:48.271 [TestNG-test-Surefire test-1] DEBUG - Save part 'xl/theme/theme1.xml'
23:44:48.271 [TestNG-test-Surefire test-1] DEBUG - Save part 'xl/workbook.xml'
23:44:48.273 [TestNG-test-Surefire test-1] DEBUG - Save part 'xl/worksheets/sheet1.xml'
23:44:48.276 [TestNG-test-Surefire test-1] DEBUG - Save part 'xl/worksheets/sheet2.xml'
23:44:48.278 [TestNG-test-Surefire test-1] DEBUG - Save part 'xl/worksheets/sheet3.xml'
23:44:48.280 [TestNG-test-Surefire test-1] DEBUG - Save part 'xl/worksheets/sheet4.xml'
23:44:48.282 [TestNG-test-Surefire test-1] DEBUG - Save part 'xl/worksheets/sheet5.xml'
23:44:48.284 [TestNG-test-Surefire test-1] DEBUG - Save part 'xl/worksheets/sheet8.xml'
23:44:48.473 [main] TRACE - [Graph] ADDING NODE AbstractTestNGCucumberTests.runScenario(io.cucumber.testng.PickleWrapper,io.cucumber.testng.FeatureWrapper)[pri:0, instance:testRunners.ParallelRunner@7ae42ce3] 911414708
23:44:48.474 [main] TRACE - [Graph] ================ SORTING
23:44:48.474 [main] TRACE - [Graph] =============== DONE SORTING
23:44:48.474 [main] TRACE - [Graph] ====== SORTED NODES
23:44:48.474 [main] TRACE - [Graph] ====== END SORTED NODES
23:53:24.663 [main] TRACE - [Graph] ADDING NODE AbstractTestNGCucumberTests.setUpClass(org.testng.ITestContext)[pri:0, instance:null] -393284817
23:53:24.667 [main] TRACE - [Graph] ================ SORTING
23:53:24.670 [main] TRACE - [Graph] =============== DONE SORTING
23:53:24.670 [main] TRACE - [Graph] ====== SORTED NODES
23:53:24.670 [main] TRACE - [Graph] ====== END SORTED NODES
23:53:24.674 [main] TRACE - [Graph] ADDING NODE AbstractTestNGCucumberTests.tearDownClass()[pri:0, instance:null] 1523153566
23:53:24.674 [main] TRACE - [Graph] ================ SORTING
23:53:24.674 [main] TRACE - [Graph] =============== DONE SORTING
23:53:24.674 [main] TRACE - [Graph] ====== SORTED NODES
23:53:24.674 [main] TRACE - [Graph] ====== END SORTED NODES
23:53:24.689 [main] TRACE - [Graph] ADDING NODE AbstractTestNGCucumberTests.runScenario(io.cucumber.testng.PickleWrapper,io.cucumber.testng.FeatureWrapper)[pri:0, instance:testRunners.ParallelRunner@7ae42ce3] 911414708
23:53:24.689 [main] TRACE - [Graph] ================ SORTING
23:53:24.689 [main] TRACE - [Graph] =============== DONE SORTING
23:53:24.689 [main] TRACE - [Graph] ====== SORTED NODES
23:53:24.689 [main] TRACE - [Graph] ====== END SORTED NODES
23:53:31.315 [TestNG-PoolService-2] INFO  - WebDriver initialized successfully for browser: chrome
23:53:31.315 [TestNG-PoolService-1] INFO  - WebDriver initialized successfully for browser: chrome
23:53:34.057 [TestNG-PoolService-2] INFO  - Navigated to application URL: https://naveenautomationlabs.com/opencart/
23:53:34.065 [TestNG-PoolService-1] INFO  - Navigated to application URL: https://naveenautomationlabs.com/opencart/
23:53:34.379 [TestNG-PoolService-1] INFO  - Clicked on 'My Account' link.
23:53:34.879 [TestNG-PoolService-1] INFO  - Navigated to Login Page.
23:53:35.236 [TestNG-PoolService-2] INFO  - Navigated to Registration page.
23:53:35.946 [TestNG-PoolService-2] INFO  - Registration details entered.
23:53:35.997 [TestNG-PoolService-1] INFO  - Entered login credentials and clicked 'Login'.
23:53:36.095 [TestNG-PoolService-1] INFO  - Login successful. 'My Account' page is displayed.
23:53:36.354 [TestNG-PoolService-2] INFO  - Agreed to Privacy Policy and submitted registration.
23:53:37.394 [TestNG-PoolService-2] INFO  - Confirmation message validated.
23:53:38.534 [TestNG-test-Surefire test-1] DEBUG - Parsing relationship: /xl/charts/_rels/chart1.xml.rels
23:53:38.537 [TestNG-test-Surefire test-1] DEBUG - Parsing relationship: /xl/charts/_rels/chart2.xml.rels
23:53:38.539 [TestNG-test-Surefire test-1] DEBUG - Parsing relationship: /xl/charts/_rels/chart3.xml.rels
23:53:38.540 [TestNG-test-Surefire test-1] DEBUG - Parsing relationship: /xl/charts/_rels/chart5.xml.rels
23:53:38.541 [TestNG-test-Surefire test-1] DEBUG - Parsing relationship: /xl/charts/_rels/chart8.xml.rels
23:53:38.543 [TestNG-test-Surefire test-1] DEBUG - Parsing relationship: /xl/drawings/_rels/drawing1.xml.rels
23:53:38.544 [TestNG-test-Surefire test-1] DEBUG - Parsing relationship: /xl/drawings/_rels/drawing5.xml.rels
23:53:38.545 [TestNG-test-Surefire test-1] DEBUG - Parsing relationship: /xl/drawings/_rels/drawing7.xml.rels
23:53:38.546 [TestNG-test-Surefire test-1] DEBUG - Parsing relationship: /xl/drawings/_rels/drawing8.xml.rels
23:53:38.547 [TestNG-test-Surefire test-1] DEBUG - Parsing relationship: /xl/drawings/_rels/drawing10.xml.rels
23:53:38.549 [TestNG-test-Surefire test-1] DEBUG - Parsing relationship: /xl/drawings/_rels/drawing11.xml.rels
23:53:38.550 [TestNG-test-Surefire test-1] DEBUG - Parsing relationship: /xl/externalLinks/_rels/externalLink1.xml.rels
23:53:38.551 [TestNG-test-Surefire test-1] DEBUG - Parsing relationship: /xl/_rels/workbook.xml.rels
23:53:38.553 [TestNG-test-Surefire test-1] DEBUG - Parsing relationship: /xl/worksheets/_rels/sheet1.xml.rels
23:53:38.555 [TestNG-test-Surefire test-1] DEBUG - Parsing relationship: /xl/worksheets/_rels/sheet2.xml.rels
23:53:38.556 [TestNG-test-Surefire test-1] DEBUG - Parsing relationship: /xl/worksheets/_rels/sheet3.xml.rels
23:53:38.557 [TestNG-test-Surefire test-1] DEBUG - Parsing relationship: /xl/worksheets/_rels/sheet4.xml.rels
23:53:38.559 [TestNG-test-Surefire test-1] DEBUG - Parsing relationship: /xl/worksheets/_rels/sheet6.xml.rels
23:53:38.560 [TestNG-test-Surefire test-1] DEBUG - Parsing relationship: /xl/worksheets/_rels/sheet7.xml.rels
23:53:38.561 [TestNG-test-Surefire test-1] DEBUG - Parsing relationship: /xl/worksheets/_rels/sheet8.xml.rels
23:53:38.562 [TestNG-test-Surefire test-1] DEBUG - Parsing relationship: /_rels/.rels
23:53:38.828 [TestNG-test-Surefire test-1] TRACE - Loading type system org.apache.poi.schemas.ooxml.system.ooxml
23:53:38.832 [TestNG-test-Surefire test-1] TRACE - Loading type system org.apache.xmlbeans.metadata.system.sXMLCONFIG
23:53:38.833 [TestNG-test-Surefire test-1] TRACE - Loading type system org.apache.xmlbeans.metadata.system.sXMLLANG
23:53:38.834 [TestNG-test-Surefire test-1] TRACE - Loading type system org.apache.xmlbeans.metadata.system.sXMLSCHEMA
23:53:38.835 [TestNG-test-Surefire test-1] TRACE - Loading type system org.apache.xmlbeans.metadata.system.sXMLTOOLS
23:53:38.836 [TestNG-test-Surefire test-1] TRACE - Reading unresolved handles for type system org.apache.xmlbeans.metadata.system.sXMLTOOLS
23:53:38.853 [TestNG-test-Surefire test-1] TRACE - Finished loading type system org.apache.xmlbeans.metadata.system.sXMLTOOLS
23:53:38.854 [TestNG-test-Surefire test-1] TRACE - Reading unresolved handles for type system org.apache.xmlbeans.metadata.system.sXMLSCHEMA
23:53:38.859 [TestNG-test-Surefire test-1] TRACE - Finished loading type system org.apache.xmlbeans.metadata.system.sXMLSCHEMA
23:53:38.861 [TestNG-test-Surefire test-1] TRACE - Reading unresolved handles for type system org.apache.xmlbeans.metadata.system.sXMLLANG
23:53:38.863 [TestNG-test-Surefire test-1] TRACE - Finished loading type system org.apache.xmlbeans.metadata.system.sXMLLANG
23:53:38.864 [TestNG-test-Surefire test-1] TRACE - Reading unresolved handles for type system org.apache.xmlbeans.metadata.system.sXMLCONFIG
23:53:38.865 [TestNG-test-Surefire test-1] TRACE - Finished loading type system org.apache.xmlbeans.metadata.system.sXMLCONFIG
23:53:38.868 [TestNG-test-Surefire test-1] TRACE - Reading unresolved handles for type system org.apache.poi.schemas.ooxml.system.ooxml
23:53:38.917 [TestNG-test-Surefire test-1] TRACE - Finished loading type system org.apache.poi.schemas.ooxml.system.ooxml
23:53:38.918 [TestNG-test-Surefire test-1] TRACE - Resolving type for handle themefd26doctype
23:53:39.003 [TestNG-test-Surefire test-1] TRACE - Resolving type for handle stylesheet5d8bdoctype
23:53:39.016 [TestNG-test-Surefire test-1] TRACE - Resolving type for handle ctstylesheet4257type
23:53:39.021 [TestNG-test-Surefire test-1] TRACE - Resolving type for handle ctcolors6579type
23:53:39.026 [TestNG-test-Surefire test-1] TRACE - Resolving type for handle ctfonts6623type
23:53:39.031 [TestNG-test-Surefire test-1] TRACE - Resolving type for handle ctfont14d8type
23:53:39.039 [TestNG-test-Surefire test-1] TRACE - Resolving type for handle ctfills2c6ftype
23:53:39.043 [TestNG-test-Surefire test-1] TRACE - Resolving type for handle ctfill550ctype
23:53:39.046 [TestNG-test-Surefire test-1] TRACE - Resolving type for handle ctborders0d66type
23:53:39.050 [TestNG-test-Surefire test-1] TRACE - Resolving type for handle ctborderf935type
23:53:39.055 [TestNG-test-Surefire test-1] TRACE - Resolving type for handle ctcellxfs1322type
23:53:39.060 [TestNG-test-Surefire test-1] TRACE - Resolving type for handle ctxf97f7type
23:53:39.064 [TestNG-test-Surefire test-1] TRACE - Resolving type for handle ctcellstylexfsa81ftype
23:53:39.068 [TestNG-test-Surefire test-1] TRACE - Resolving type for handle ctdxfsb26atype
23:53:39.074 [TestNG-test-Surefire test-1] TRACE - Resolving type for handle cttablestyles872ftype
23:53:39.080 [TestNG-test-Surefire test-1] TRACE - Resolving type for handle sstf81fdoctype
23:53:39.085 [TestNG-test-Surefire test-1] TRACE - Resolving type for handle ctsst44f3type
23:53:39.100 [TestNG-test-Surefire test-1] TRACE - Resolving type for handle ctrsta472type
23:53:39.127 [TestNG-test-Surefire test-1] TRACE - Resolving type for handle calcchainfc37doctype
23:53:39.132 [TestNG-test-Surefire test-1] TRACE - Resolving type for handle ctcalcchain5a0btype
23:53:39.138 [TestNG-test-Surefire test-1] TRACE - Resolving type for handle externallinkb4c2doctype
23:53:39.144 [TestNG-test-Surefire test-1] TRACE - Resolving type for handle ctexternallink966etype
23:53:39.147 [TestNG-test-Surefire test-1] DEBUG - using default POIXMLDocumentPart for http://schemas.openxmlformats.org/officeDocument/2006/relationships/printerSettings
23:53:39.150 [TestNG-test-Surefire test-1] TRACE - Resolving type for handle ctdrawing2748type
23:53:39.169 [TestNG-test-Surefire test-1] TRACE - Resolving type for handle chartspace36e0doctype
23:53:39.180 [TestNG-test-Surefire test-1] TRACE - Resolving type for handle ctchartspacef9b4type
23:53:39.196 [TestNG-test-Surefire test-1] DEBUG - using default POIXMLDocumentPart for http://schemas.openxmlformats.org/officeDocument/2006/relationships/chartUserShapes
23:53:39.197 [TestNG-test-Surefire test-1] DEBUG - using default POIXMLDocumentPart for http://schemas.openxmlformats.org/officeDocument/2006/relationships/chartUserShapes
23:53:39.197 [TestNG-test-Surefire test-1] DEBUG - using default POIXMLDocumentPart for http://schemas.openxmlformats.org/officeDocument/2006/relationships/chartUserShapes
23:53:39.198 [TestNG-test-Surefire test-1] DEBUG - using default POIXMLDocumentPart for http://schemas.openxmlformats.org/officeDocument/2006/relationships/printerSettings
23:53:39.213 [TestNG-test-Surefire test-1] DEBUG - using default POIXMLDocumentPart for http://schemas.openxmlformats.org/officeDocument/2006/relationships/chartUserShapes
23:53:39.214 [TestNG-test-Surefire test-1] DEBUG - using default POIXMLDocumentPart for http://schemas.openxmlformats.org/officeDocument/2006/relationships/printerSettings
23:53:39.222 [TestNG-test-Surefire test-1] DEBUG - using default POIXMLDocumentPart for http://schemas.openxmlformats.org/officeDocument/2006/relationships/printerSettings
23:53:39.235 [TestNG-test-Surefire test-1] DEBUG - using default POIXMLDocumentPart for http://schemas.openxmlformats.org/officeDocument/2006/relationships/chartUserShapes
23:53:39.235 [TestNG-test-Surefire test-1] DEBUG - using default POIXMLDocumentPart for http://schemas.openxmlformats.org/officeDocument/2006/relationships/printerSettings
23:53:39.243 [TestNG-test-Surefire test-1] DEBUG - using default POIXMLDocumentPart for http://schemas.openxmlformats.org/officeDocument/2006/relationships/printerSettings
23:53:39.250 [TestNG-test-Surefire test-1] DEBUG - using default POIXMLDocumentPart for http://schemas.openxmlformats.org/officeDocument/2006/relationships/printerSettings
23:53:39.252 [TestNG-test-Surefire test-1] TRACE - Resolving type for handle workbookec17doctype
23:53:39.259 [TestNG-test-Surefire test-1] TRACE - Resolving type for handle ctworkbook83c3type
23:53:39.293 [TestNG-test-Surefire test-1] TRACE - Resolving type for handle ctsheets49fdtype
23:53:39.299 [TestNG-test-Surefire test-1] TRACE - Resolving type for handle ctsheet4dbetype
23:53:39.305 [TestNG-test-Surefire test-1] TRACE - Resolving type for handle strelationshipid1e94type
23:53:39.309 [TestNG-test-Surefire test-1] TRACE - Resolving type for handle worksheetf539doctype
23:53:39.315 [TestNG-test-Surefire test-1] TRACE - Resolving type for handle ctworksheet530dtype
23:53:39.327 [TestNG-test-Surefire test-1] TRACE - Resolving type for handle ctcols627ctype
23:53:39.334 [TestNG-test-Surefire test-1] TRACE - Resolving type for handle ctcola95ftype
23:53:39.355 [TestNG-test-Surefire test-1] TRACE - Resolving type for handle ctsheetdata8408type
23:53:39.365 [TestNG-test-Surefire test-1] TRACE - Resolving type for handle ctrowdd39type
23:53:39.372 [TestNG-test-Surefire test-1] TRACE - Resolving type for handle ctcell842btype
23:53:39.384 [TestNG-test-Surefire test-1] TRACE - Resolving type for handle stcellrefe4e0type
23:53:39.423 [TestNG-test-Surefire test-1] TRACE - Resolving type for handle ctcellformula3583type
23:53:39.429 [TestNG-test-Surefire test-1] TRACE - Resolving type for handle stcellformulatypee2cdtype
23:53:39.434 [TestNG-test-Surefire test-1] TRACE - Resolving type for handle ctexternalreferencesd77ctype
23:53:39.438 [TestNG-test-Surefire test-1] TRACE - Resolving type for handle ctexternalreference945ftype
23:53:39.444 [TestNG-test-Surefire test-1] TRACE - Resolving type for handle ctdefinednamesce48type
23:53:39.448 [TestNG-test-Surefire test-1] TRACE - Resolving type for handle ctdefinedname9413type
23:53:39.452 [TestNG-test-Surefire test-1] TRACE - Resolving type for handle stxstringf179type
23:53:39.460 [TestNG-test-Surefire test-1] TRACE - Resolving type for handle stsheetstate158btype
23:53:39.478 [TestNG-test-Surefire test-1] TRACE - Resolving type for handle stcelltypebf95type
23:53:39.488 [TestNG-test-Surefire test-1] TRACE - Resolving type for handle ctsheetprotection22f7type
23:53:39.546 [TestNG-test-Surefire test-1] TRACE - Resolving type for handle stnumfmtid76fbtype
23:53:39.550 [TestNG-test-Surefire test-1] TRACE - Resolving type for handle stfontid9d63type
23:53:39.552 [TestNG-test-Surefire test-1] TRACE - Resolving type for handle stfillida097type
23:53:39.556 [TestNG-test-Surefire test-1] TRACE - Resolving type for handle stborderid1a80type
23:53:39.558 [TestNG-test-Surefire test-1] TRACE - Resolving type for handle stcellstylexfid70c7type
23:53:39.565 [TestNG-test-Surefire test-1] TRACE - Resolving type for handle ctcellalignmentb580type
23:53:39.570 [TestNG-test-Surefire test-1] TRACE - Resolving type for handle stverticalalignmentd35ctype
23:53:39.574 [TestNG-test-Surefire test-1] TRACE - Resolving type for handle ctborderpre497type
23:53:39.577 [TestNG-test-Surefire test-1] TRACE - Resolving type for handle stborderstylec774type
23:53:39.581 [TestNG-test-Surefire test-1] TRACE - Resolving type for handle ctcolord2c2type
23:53:39.591 [TestNG-test-Surefire test-1] TRACE - Resolving type for handle ctfontname2dc3type
23:53:39.594 [TestNG-test-Surefire test-1] TRACE - Resolving type for handle ctfontsizeb3b9type
23:53:39.596 [TestNG-test-Surefire test-1] TRACE - Resolving type for handle ctbooleanproperty1f3ctype
23:53:39.627 [TestNG-test-Surefire test-1] TRACE - Resolving type for handle stunsignedinthex27datype
23:53:39.638 [TestNG-test-Surefire test-1] TRACE - Resolving type for handle sthorizontalalignmentf92etype
23:53:39.650 [TestNG-test-Surefire test-1] TRACE - Resolving type for handle ctdrawing44fdtype
23:53:39.653 [TestNG-test-Surefire test-1] TRACE - Resolving type for handle ctchartc108type
23:53:39.657 [TestNG-test-Surefire test-1] TRACE - Resolving type for handle cttitleb54etype
23:53:39.672 [TestNG-test-Surefire test-1] TRACE - Resolving type for handle cttx9678type
23:53:39.674 [TestNG-test-Surefire test-1] TRACE - Resolving type for handle cttextbodya3catype
23:53:39.678 [TestNG-test-Surefire test-1] TRACE - Resolving type for handle cttextparagraphcaf2type
23:53:39.682 [TestNG-test-Surefire test-1] TRACE - Resolving type for handle ctregulartextrun7e3dtype
23:53:39.686 [TestNG-test-Surefire test-1] TRACE - Resolving type for handle ctplotarea106etype
23:53:39.692 [TestNG-test-Surefire test-1] TRACE - Resolving type for handle ctcatax7159type
23:53:39.697 [TestNG-test-Surefire test-1] TRACE - Resolving type for handle ctunsignedinte8ectype
23:53:39.700 [TestNG-test-Surefire test-1] TRACE - Resolving type for handle ctvalaxd06etype
23:53:39.704 [TestNG-test-Surefire test-1] TRACE - Resolving type for handle ctbarchart4151type
23:53:39.710 [TestNG-test-Surefire test-1] TRACE - Resolving type for handle ctbardir5f42type
23:53:39.718 [TestNG-test-Surefire test-1] TRACE - Resolving type for handle ctbarser960ftype
23:53:39.723 [TestNG-test-Surefire test-1] TRACE - Resolving type for handle ctaxdatasource1440type
23:53:39.727 [TestNG-test-Surefire test-1] TRACE - Resolving type for handle ctnumdatasourcef0bbtype
23:53:39.731 [TestNG-test-Surefire test-1] TRACE - Resolving type for handle ctstrref5d1atype
23:53:39.736 [TestNG-test-Surefire test-1] TRACE - Resolving type for handle ctstrdatad58btype
23:53:39.740 [TestNG-test-Surefire test-1] TRACE - Resolving type for handle ctnumref062ftype
23:53:39.744 [TestNG-test-Surefire test-1] TRACE - Resolving type for handle ctnumdata4f16type
23:53:39.777 [TestNG-test-Surefire test-1] TRACE - Resolving type for handle ctworkbookpr03a5type
23:53:39.784 [TestNG-test-Surefire test-1] TRACE - Resolving type for handle ctbookviewsb864type
23:53:39.787 [TestNG-test-Surefire test-1] TRACE - Resolving type for handle ctbookviewf677type
23:53:39.797 [TestNG-test-Surefire test-1] TRACE - Resolving type for handle propertiesee84doctype
23:53:39.800 [TestNG-test-Surefire test-1] TRACE - Resolving type for handle ctproperties3f10type
23:53:39.808 [TestNG-test-Surefire test-1] TRACE - Resolving type for handle properties288cdoctype
23:53:39.811 [TestNG-test-Surefire test-1] TRACE - Resolving type for handle ctproperties2c18type
23:53:39.818 [TestNG-test-Surefire test-1] TRACE - Resolving type for handle ctfontfamily685ctype
23:53:39.820 [TestNG-test-Surefire test-1] TRACE - Resolving type for handle stfontfamily9c6ctype
23:53:39.824 [TestNG-test-Surefire test-1] TRACE - Resolving type for handle ctfontschemebf5dtype
23:53:39.827 [TestNG-test-Surefire test-1] TRACE - Resolving type for handle stfontschemef36dtype
23:53:39.830 [TestNG-test-Surefire test-1] TRACE - Resolving type for handle ctpatternfill7452type
23:53:39.836 [TestNG-test-Surefire test-1] TRACE - Resolving type for handle stpatterntype7939type
23:53:39.840 [TestNG-test-Surefire test-1] TRACE - Resolving type for handle ctsheetformatprdef7type
23:53:39.844 [TestNG-test-Surefire test-1] TRACE - Resolving type for handle ctsheetviewsb918type
23:53:39.847 [TestNG-test-Surefire test-1] TRACE - Resolving type for handle ctsheetview0f43type
23:53:39.852 [TestNG-test-Surefire test-1] TRACE - Resolving type for handle ctsheetdimensiond310type
23:53:39.855 [TestNG-test-Surefire test-1] TRACE - Resolving type for handle stref90a2type
23:53:39.857 [TestNG-test-Surefire test-1] TRACE - Resolving type for handle ctpagemargins5455type
23:53:39.862 [TestNG-test-Surefire test-1] TRACE - Resolving type for handle ctstrval86cctype
23:53:39.866 [TestNG-test-Surefire test-1] TRACE - Resolving type for handle ctnumval2fe1type
23:53:39.870 [TestNG-test-Surefire test-1] TRACE - Resolving type for handle ctpaneaab1type
23:53:39.875 [TestNG-test-Surefire test-1] TRACE - Resolving type for handle stpane2ac1type
23:53:39.877 [TestNG-test-Surefire test-1] TRACE - Resolving type for handle stpanestateae58type
23:53:39.881 [TestNG-test-Surefire test-1] TRACE - Resolving type for handle ctselectionca2btype
23:53:39.890 [TestNG-test-Surefire test-1] TRACE - Resolving type for handle cttwocellanchor1e8dtype
23:53:39.894 [TestNG-test-Surefire test-1] TRACE - Resolving type for handle ctmarkeree8etype
23:53:39.897 [TestNG-test-Surefire test-1] TRACE - Resolving type for handle strowidf4cftype
23:53:39.908 [TestNG-test-Surefire test-1] TRACE - Resolving type for handle ctcalccellb960type
23:53:39.914 [TestNG-test-Surefire test-1] TRACE - Resolving type for handle ctmergecells1242type
23:53:39.917 [TestNG-test-Surefire test-1] TRACE - Resolving type for handle ctmergecelle8d9type
23:53:40.006 [TestNG-test-Surefire test-1] TRACE - Resolving type for handle ctworkbookprotection56bctype
23:53:40.034 [TestNG-test-Surefire test-1] TRACE - Resolving type for handle ctnumfmtsb58btype
23:53:40.073 [TestNG-test-Surefire test-1] DEBUG - Save content types part
23:53:40.143 [TestNG-test-Surefire test-1] DEBUG - Save package relationships
23:53:40.150 [TestNG-test-Surefire test-1] DEBUG - Save part 'docProps/app.xml'
23:53:40.151 [TestNG-test-Surefire test-1] DEBUG - Save part 'docProps/core.xml'
23:53:40.155 [TestNG-test-Surefire test-1] DEBUG - Save part 'xl/charts/chart1.xml'
23:53:40.157 [TestNG-test-Surefire test-1] DEBUG - Save part 'xl/charts/chart2.xml'
23:53:40.159 [TestNG-test-Surefire test-1] DEBUG - Save part 'xl/charts/chart3.xml'
23:53:40.161 [TestNG-test-Surefire test-1] DEBUG - Save part 'xl/charts/chart4.xml'
23:53:40.162 [TestNG-test-Surefire test-1] DEBUG - Save part 'xl/charts/chart5.xml'
23:53:40.164 [TestNG-test-Surefire test-1] DEBUG - Save part 'xl/charts/chart6.xml'
23:53:40.165 [TestNG-test-Surefire test-1] DEBUG - Save part 'xl/charts/chart7.xml'
23:53:40.165 [TestNG-test-Surefire test-1] DEBUG - Save part 'xl/charts/chart8.xml'
23:53:40.168 [TestNG-test-Surefire test-1] DEBUG - Save part 'xl/charts/chart9.xml'
23:53:40.168 [TestNG-test-Surefire test-1] DEBUG - Save part 'xl/charts/chart10.xml'
23:53:40.169 [TestNG-test-Surefire test-1] DEBUG - Save part 'xl/drawings/drawing1.xml'
23:53:40.172 [TestNG-test-Surefire test-1] DEBUG - Save part 'xl/drawings/drawing2.xml'
23:53:40.172 [TestNG-test-Surefire test-1] DEBUG - Save part 'xl/drawings/drawing3.xml'
23:53:40.173 [TestNG-test-Surefire test-1] DEBUG - Save part 'xl/drawings/drawing4.xml'
23:53:40.173 [TestNG-test-Surefire test-1] DEBUG - Save part 'xl/drawings/drawing5.xml'
23:53:40.175 [TestNG-test-Surefire test-1] DEBUG - Save part 'xl/drawings/drawing6.xml'
23:53:40.176 [TestNG-test-Surefire test-1] DEBUG - Save part 'xl/drawings/drawing7.xml'
23:53:40.178 [TestNG-test-Surefire test-1] DEBUG - Save part 'xl/drawings/drawing8.xml'
23:53:40.181 [TestNG-test-Surefire test-1] DEBUG - Save part 'xl/drawings/drawing9.xml'
23:53:40.181 [TestNG-test-Surefire test-1] DEBUG - Save part 'xl/externalLinks/externalLink1.xml'
23:53:40.183 [TestNG-test-Surefire test-1] DEBUG - Save part 'xl/printerSettings/printerSettings1.bin'
23:53:40.183 [TestNG-test-Surefire test-1] DEBUG - Save part 'xl/printerSettings/printerSettings2.bin'
23:53:40.184 [TestNG-test-Surefire test-1] DEBUG - Save part 'xl/printerSettings/printerSettings3.bin'
23:53:40.184 [TestNG-test-Surefire test-1] DEBUG - Save part 'xl/printerSettings/printerSettings4.bin'
23:53:40.185 [TestNG-test-Surefire test-1] DEBUG - Save part 'xl/printerSettings/printerSettings7.bin'
